STRIDE @ 232 | 3 VALS
GAIA   @ 358 | 1 VALS
PHOTO   @ 361 | 1 VALS

LIST-HOST-ZONES STRIDE
host_zone:
- address: stride1755g4dkhpw73gz9h9nwhlcefc6sdf8kcmvcwrk4rxfrz8xpxxjms7savm8
  bech32prefix: cosmos
  blacklisted_validators: []
  chain_id: GAIA
  connection_id: connection-0
  delegation_account:
    address: cosmos18vhgunvuqf999eneks9xqg7yqzkgg9qsfs2agtz9kysgpfguvrfsrlxchj
    target: DELEGATION
  fee_account:
    address: cosmos1lpxlda4g2t9umkd03panr864rn38z59y2rewd0ly80txtqst2hksa6p9lm
    target: FEE
  halted: false
  host_denom: uatom
  ibc_denom: ibc/27394FB092D2ECCD56123C74F36E4C1F926001CEADA9CA97EA622B25F41E5EB2
  last_redemption_rate: "1.000000000000000000"
  max_redemption_rate: "1.500000000000000000"
  min_redemption_rate: "0.900000000000000000"
  redemption_account:
    address: cosmos10xccm9jclm5jmw0sjlnj5gwuhwcnfa0p6g53226mg4cwr3ehym6swzglnt
    target: REDEMPTION
  redemption_rate: "1.000000000000000000"
  staked_bal: "0"
  transfer_channel_id: channel-0
  unbonding_frequency: "1"
  validators:
  - address: cosmosvaloper1uk4ze0x4nvh4fk0xm4jdud58eqn4yxhrdt795pcosmosvaloper1uk4ze0x4nvh4fk0xm4jdud58eqn4yxhrdt795p
    delegation_amt: "0"
    internal_exchange_rate: null
    name: gval1
    weight: "5"
  withdrawal_account:
    address: cosmos1wvd7cc9ed5xhcl6w5d6ewtley4xu08vc48l7rdu24gku4zxllz8sckn4gs
    target: WITHDRAWAL
- address: stride19467hx6r0qkj5crjff3yr38uzts5hwj7detdw4tr0qdsc5rufelsm88tag
  bech32prefix: archway
  blacklisted_validators: []
  chain_id: localnet
  connection_id: connection-1
  delegation_account: null
  fee_account: null
  halted: false
  host_denom: uarch
  ibc_denom: ibc/EAEB74E11A7BFFC17E79B802EF01D3307A285F7AA802745037B021609ECFB034
  last_redemption_rate: "1.000000000000000000"
  max_redemption_rate: "1.500000000000000000"
  min_redemption_rate: "0.900000000000000000"
  redemption_account: null
  redemption_rate: "1.000000000000000000"
  staked_bal: "0"
  transfer_channel_id: channel-1
  unbonding_frequency: "1"
  validators:
  - address: archwayvaloper15js809uedxqs2wl0lyt58httasr5rlplj45fqw
    delegation_amt: "0"
    internal_exchange_rate: null
    name: pval1
    weight: "5"
  withdrawal_account: null
pagination:
  next_key: null
  total: "0"

LIST-DEPOSIT-RECORDS
deposit_record:
- amount: "0"
  denom: uatom
  deposit_epoch_number: "10"
  host_zone_id: GAIA
  id: "1"
  source: STRIDE
  status: TRANSFER_QUEUE
- amount: "0"
  denom: uarch
  deposit_epoch_number: "10"
  host_zone_id: localnet
  id: "2"
  source: STRIDE
  status: TRANSFER_QUEUE
pagination:
  next_key: null
  total: "0"

LIST-EPOCH-UNBONDING-RECORDS
epoch_unbonding_record:
- epoch_number: "4"
  host_zone_unbondings:
  - denom: uatom
    host_zone_id: GAIA
    native_token_amount: "0"
    st_token_amount: "0"
    status: UNBONDING_QUEUE
    unbonding_time: "0"
    user_redemption_records: []
  - denom: uarch
    host_zone_id: localnet
    native_token_amount: "0"
    st_token_amount: "0"
    status: UNBONDING_QUEUE
    unbonding_time: "0"
    user_redemption_records: []
pagination:
  next_key: null
  total: "0"

LIST-USER-REDEMPTION-RECORDS
pagination:
  next_key: null
  total: "0"
user_redemption_record: []
