strided binary
archwayd binary
/media/usbHDD1/photov10/Photosynthesis-Dorahacks-web3-competition-winner/photosynthesisv5/photosynthesis-main/sap-with-full-liquid-stake-redemption-workflow/build/archwayd --home /media/usbHDD1/photov10/Photosynthesis-Dorahacks-web3-competition-winner/photosynthesisv5/photosynthesis-main/sap-with-full-liquid-stake-redemption-workflow/dockernet/state/photo1  tx bank send  archway14zd6utea6u2zy5pd2yecphz8j9ydsq7x7qc8fu archway1sppsxw4ak5j7a4ntg4486qtjngsadl4gt2wlsh 1000000uarch --from pval4 --keyring-backend=test --chain-id localnet --fees 17000uarch -y
code: 0
codespace: ""
data: ""
events: []
gas_used: "0"
gas_wanted: "0"
height: "0"
info: ""
logs: []
raw_log: '[]'
timestamp: ""
tx: null
txhash: E03BEC32B41EFDA783B9264A0514877D225DD74156327E3E7F339E37886641DC
strided binary
archwayd binary
/media/usbHDD1/photov10/Photosynthesis-Dorahacks-web3-competition-winner/photosynthesisv5/photosynthesis-main/sap-with-full-liquid-stake-redemption-workflow/build/archwayd --home /media/usbHDD1/photov10/Photosynthesis-Dorahacks-web3-competition-winner/photosynthesisv5/photosynthesis-main/sap-with-full-liquid-stake-redemption-workflow/dockernet/state/photo1  tx bank send  archway14zd6utea6u2zy5pd2yecphz8j9ydsq7x7qc8fu archway1sppsxw4ak5j7a4ntg4486qtjngsadl4gt2wlsh 1000000uarch --from pval4 --keyring-backend=test --chain-id localnet --fees 17000uarch -y
code: 0
codespace: ""
data: ""
events: []
gas_used: "0"
gas_wanted: "0"
height: "0"
info: ""
logs: []
raw_log: '[]'
timestamp: ""
tx: null
txhash: 88BB6A0D13D2CA4E26DF49ED40B1F03D7AAA4ADFBF043A756BA8369E289E9DD7
strided binary
archwayd binary
/media/usbHDD1/photov10/Photosynthesis-Dorahacks-web3-competition-winner/photosynthesisv5/photosynthesis-main/sap-with-full-liquid-stake-redemption-workflow/build/archwayd --home /media/usbHDD1/photov10/Photosynthesis-Dorahacks-web3-competition-winner/photosynthesisv5/photosynthesis-main/sap-with-full-liquid-stake-redemption-workflow/dockernet/state/photo1  tx bank send  archway14zd6utea6u2zy5pd2yecphz8j9ydsq7x7qc8fu archway1sppsxw4ak5j7a4ntg4486qtjngsadl4gt2wlsh 1000000uarch --from pval4 --keyring-backend=test --chain-id localnet --fees 17000uarch -y
code: 0
codespace: ""
data: ""
events: []
gas_used: "0"
gas_wanted: "0"
height: "0"
info: ""
logs: []
raw_log: '[]'
timestamp: ""
tx: null
txhash: 2714AAD3CDFECC76F0F8468F1CC99630136CCCD6C3465302DBD2D290D3EF26B0
strided binary
archwayd binary
/media/usbHDD1/photov10/Photosynthesis-Dorahacks-web3-competition-winner/photosynthesisv5/photosynthesis-main/sap-with-full-liquid-stake-redemption-workflow/build/archwayd --home /media/usbHDD1/photov10/Photosynthesis-Dorahacks-web3-competition-winner/photosynthesisv5/photosynthesis-main/sap-with-full-liquid-stake-redemption-workflow/dockernet/state/photo1  tx bank send  archway14zd6utea6u2zy5pd2yecphz8j9ydsq7x7qc8fu archway1sppsxw4ak5j7a4ntg4486qtjngsadl4gt2wlsh 1000000uarch --from pval4 --keyring-backend=test --chain-id localnet --fees 17000uarch -y

strided binary
archwayd binary
/media/usbHDD1/photov10/Photosynthesis-Dorahacks-web3-competition-winner/photosynthesisv5/photosynthesis-main/sap-with-full-liquid-stake-redemption-workflow/build/archwayd --home /media/usbHDD1/photov10/Photosynthesis-Dorahacks-web3-competition-winner/photosynthesisv5/photosynthesis-main/sap-with-full-liquid-stake-redemption-workflow/dockernet/state/photo1  tx bank send  archway14zd6utea6u2zy5pd2yecphz8j9ydsq7x7qc8fu archway1sppsxw4ak5j7a4ntg4486qtjngsadl4gt2wlsh 1000000uarch --from pval4 --keyring-backend=test --chain-id localnet --fees 17000uarch -y

strided binary
archwayd binary
/media/usbHDD1/photov10/Photosynthesis-Dorahacks-web3-competition-winner/photosynthesisv5/photosynthesis-main/sap-with-full-liquid-stake-redemption-workflow/build/archwayd --home /media/usbHDD1/photov10/Photosynthesis-Dorahacks-web3-competition-winner/photosynthesisv5/photosynthesis-main/sap-with-full-liquid-stake-redemption-workflow/dockernet/state/photo1  tx bank send  archway14zd6utea6u2zy5pd2yecphz8j9ydsq7x7qc8fu archway1sppsxw4ak5j7a4ntg4486qtjngsadl4gt2wlsh 1000000uarch --from pval4 --keyring-backend=test --chain-id localnet --fees 17000uarch -y

strided binary
archwayd binary
/media/usbHDD1/photov10/Photosynthesis-Dorahacks-web3-competition-winner/photosynthesisv5/photosynthesis-main/sap-with-full-liquid-stake-redemption-workflow/build/archwayd --home /media/usbHDD1/photov10/Photosynthesis-Dorahacks-web3-competition-winner/photosynthesisv5/photosynthesis-main/sap-with-full-liquid-stake-redemption-workflow/dockernet/state/photo1  tx bank send  archway14zd6utea6u2zy5pd2yecphz8j9ydsq7x7qc8fu archway1sppsxw4ak5j7a4ntg4486qtjngsadl4gt2wlsh 1000000uarch --from pval4 --keyring-backend=test --chain-id localnet --fees 17000uarch -y

strided binary
archwayd binary
/media/usbHDD1/photov10/Photosynthesis-Dorahacks-web3-competition-winner/photosynthesisv5/photosynthesis-main/sap-with-full-liquid-stake-redemption-workflow/build/archwayd --home /media/usbHDD1/photov10/Photosynthesis-Dorahacks-web3-competition-winner/photosynthesisv5/photosynthesis-main/sap-with-full-liquid-stake-redemption-workflow/dockernet/state/photo1  tx bank send  archway14zd6utea6u2zy5pd2yecphz8j9ydsq7x7qc8fu archway1sppsxw4ak5j7a4ntg4486qtjngsadl4gt2wlsh 1000000uarch --from pval4 --keyring-backend=test --chain-id localnet --fees 17000uarch -y

strided binary
archwayd binary
/media/usbHDD1/photov10/Photosynthesis-Dorahacks-web3-competition-winner/photosynthesisv5/photosynthesis-main/sap-with-full-liquid-stake-redemption-workflow/build/archwayd --home /media/usbHDD1/photov10/Photosynthesis-Dorahacks-web3-competition-winner/photosynthesisv5/photosynthesis-main/sap-with-full-liquid-stake-redemption-workflow/dockernet/state/photo1  tx bank send  archway14zd6utea6u2zy5pd2yecphz8j9ydsq7x7qc8fu archway1sppsxw4ak5j7a4ntg4486qtjngsadl4gt2wlsh 1000000uarch --from pval4 --keyring-backend=test --chain-id localnet --fees 17000uarch -y

strided binary
archwayd binary
/media/usbHDD1/photov10/Photosynthesis-Dorahacks-web3-competition-winner/photosynthesisv5/photosynthesis-main/sap-with-full-liquid-stake-redemption-workflow/build/archwayd --home /media/usbHDD1/photov10/Photosynthesis-Dorahacks-web3-competition-winner/photosynthesisv5/photosynthesis-main/sap-with-full-liquid-stake-redemption-workflow/dockernet/state/photo1  tx bank send  archway14zd6utea6u2zy5pd2yecphz8j9ydsq7x7qc8fu archway1sppsxw4ak5j7a4ntg4486qtjngsadl4gt2wlsh 1000000uarch --from pval4 --keyring-backend=test --chain-id localnet --fees 17000uarch -y

strided binary
archwayd binary
/media/usbHDD1/photov10/Photosynthesis-Dorahacks-web3-competition-winner/photosynthesisv5/photosynthesis-main/sap-with-full-liquid-stake-redemption-workflow/build/archwayd --home /media/usbHDD1/photov10/Photosynthesis-Dorahacks-web3-competition-winner/photosynthesisv5/photosynthesis-main/sap-with-full-liquid-stake-redemption-workflow/dockernet/state/photo1  tx bank send  archway14zd6utea6u2zy5pd2yecphz8j9ydsq7x7qc8fu archway1sppsxw4ak5j7a4ntg4486qtjngsadl4gt2wlsh 1000000uarch --from pval4 --keyring-backend=test --chain-id localnet --fees 17000uarch -y

strided binary
archwayd binary
/media/usbHDD1/photov10/Photosynthesis-Dorahacks-web3-competition-winner/photosynthesisv5/photosynthesis-main/sap-with-full-liquid-stake-redemption-workflow/build/archwayd --home /media/usbHDD1/photov10/Photosynthesis-Dorahacks-web3-competition-winner/photosynthesisv5/photosynthesis-main/sap-with-full-liquid-stake-redemption-workflow/dockernet/state/photo1  tx bank send  archway14zd6utea6u2zy5pd2yecphz8j9ydsq7x7qc8fu archway1sppsxw4ak5j7a4ntg4486qtjngsadl4gt2wlsh 1000000uarch --from pval4 --keyring-backend=test --chain-id localnet --fees 17000uarch -y

strided binary
archwayd binary
/media/usbHDD1/photov10/Photosynthesis-Dorahacks-web3-competition-winner/photosynthesisv5/photosynthesis-main/sap-with-full-liquid-stake-redemption-workflow/build/archwayd --home /media/usbHDD1/photov10/Photosynthesis-Dorahacks-web3-competition-winner/photosynthesisv5/photosynthesis-main/sap-with-full-liquid-stake-redemption-workflow/dockernet/state/photo1  tx bank send  archway14zd6utea6u2zy5pd2yecphz8j9ydsq7x7qc8fu archway1sppsxw4ak5j7a4ntg4486qtjngsadl4gt2wlsh 1000000uarch --from pval4 --keyring-backend=test --chain-id localnet --fees 17000uarch -y

strided binary
archwayd binary
/media/usbHDD1/photov10/Photosynthesis-Dorahacks-web3-competition-winner/photosynthesisv5/photosynthesis-main/sap-with-full-liquid-stake-redemption-workflow/build/archwayd --home /media/usbHDD1/photov10/Photosynthesis-Dorahacks-web3-competition-winner/photosynthesisv5/photosynthesis-main/sap-with-full-liquid-stake-redemption-workflow/dockernet/state/photo1  tx bank send  archway14zd6utea6u2zy5pd2yecphz8j9ydsq7x7qc8fu archway1sppsxw4ak5j7a4ntg4486qtjngsadl4gt2wlsh 1000000uarch --from pval4 --keyring-backend=test --chain-id localnet --fees 17000uarch -y

strided binary
archwayd binary
/media/usbHDD1/photov10/Photosynthesis-Dorahacks-web3-competition-winner/photosynthesisv5/photosynthesis-main/sap-with-full-liquid-stake-redemption-workflow/build/archwayd --home /media/usbHDD1/photov10/Photosynthesis-Dorahacks-web3-competition-winner/photosynthesisv5/photosynthesis-main/sap-with-full-liquid-stake-redemption-workflow/dockernet/state/photo1  tx bank send  archway14zd6utea6u2zy5pd2yecphz8j9ydsq7x7qc8fu archway1sppsxw4ak5j7a4ntg4486qtjngsadl4gt2wlsh 1000000uarch --from pval4 --keyring-backend=test --chain-id localnet --fees 17000uarch -y

strided binary
archwayd binary
/media/usbHDD1/photov10/Photosynthesis-Dorahacks-web3-competition-winner/photosynthesisv5/photosynthesis-main/sap-with-full-liquid-stake-redemption-workflow/build/archwayd --home /media/usbHDD1/photov10/Photosynthesis-Dorahacks-web3-competition-winner/photosynthesisv5/photosynthesis-main/sap-with-full-liquid-stake-redemption-workflow/dockernet/state/photo1  tx bank send  archway14zd6utea6u2zy5pd2yecphz8j9ydsq7x7qc8fu archway1sppsxw4ak5j7a4ntg4486qtjngsadl4gt2wlsh 1000000uarch --from pval4 --keyring-backend=test --chain-id localnet --fees 17000uarch -y

strided binary
archwayd binary
/media/usbHDD1/photov10/Photosynthesis-Dorahacks-web3-competition-winner/photosynthesisv5/photosynthesis-main/sap-with-full-liquid-stake-redemption-workflow/build/archwayd --home /media/usbHDD1/photov10/Photosynthesis-Dorahacks-web3-competition-winner/photosynthesisv5/photosynthesis-main/sap-with-full-liquid-stake-redemption-workflow/dockernet/state/photo1  tx bank send  archway14zd6utea6u2zy5pd2yecphz8j9ydsq7x7qc8fu archway1sppsxw4ak5j7a4ntg4486qtjngsadl4gt2wlsh 1000000uarch --from pval4 --keyring-backend=test --chain-id localnet --fees 17000uarch -y

strided binary
archwayd binary
/media/usbHDD1/photov10/Photosynthesis-Dorahacks-web3-competition-winner/photosynthesisv5/photosynthesis-main/sap-with-full-liquid-stake-redemption-workflow/build/archwayd --home /media/usbHDD1/photov10/Photosynthesis-Dorahacks-web3-competition-winner/photosynthesisv5/photosynthesis-main/sap-with-full-liquid-stake-redemption-workflow/dockernet/state/photo1  tx bank send  archway14zd6utea6u2zy5pd2yecphz8j9ydsq7x7qc8fu archway1sppsxw4ak5j7a4ntg4486qtjngsadl4gt2wlsh 1000000uarch --from pval4 --keyring-backend=test --chain-id localnet --fees 17000uarch -y

