STRIDE @ 1718 | 3 VALS
GAIA   @ 2648 | 1 VALS
PHOTO   @ 2648 | 1 VALS

BALANCES STRIDE
balances:
- amount: "4995000000000"
  denom: ustrd
pagination:
  next_key: null
  total: "0"

==========================  GAIA  =============================

BALANCES GAIA (DELEGATION ACCT)
balances: []
pagination:
  next_key: null
  total: "0"

DELEGATIONS GAIA (DELEGATION ACCT)
delegation_responses: []
pagination:
  next_key: null
  total: "0"

UNBONDING-DELEGATIONS GAIA (DELEGATION ACCT)
pagination:
  next_key: null
  total: "0"
unbonding_responses: []

BALANCES GAIA (REDEMPTION ACCT)
balances: []
pagination:
  next_key: null
  total: "0"

BALANCES GAIA (FEE ACCT)
balances: []
pagination:
  next_key: null
  total: "0"

BALANCES GAIA (WITHDRAWAL ACCT)
balances: []
pagination:
  next_key: null
  total: "0"

==========================  PHOTO  =============================

BALANCES PHOTO (DELEGATION ACCT)
balances:
- amount: "1162"
  denom: uarch
pagination:
  next_key: null
  total: "0"

DELEGATIONS PHOTO (DELEGATION ACCT)
delegation_responses:
- balance:
    amount: "1050468"
    denom: uarch
  delegation:
    delegator_address: archway1j8k542t5tjmnlc4f7lw4p4xnjg6hz6hxxx59yt2cfjwu2053w3wssyh9pd
    shares: "1050468.000000000000000000"
    validator_address: archwayvaloper15js809uedxqs2wl0lyt58httasr5rlplj45fqw
pagination:
  next_key: null
  total: "0"

UNBONDING-DELEGATIONS PHOTO (DELEGATION ACCT)
pagination:
  next_key: null
  total: "0"
unbonding_responses: []

BALANCES PHOTO (REDEMPTION ACCT)
balances:
- amount: "1000"
  denom: uarch
pagination:
  next_key: null
  total: "0"

BALANCES PHOTO (FEE ACCT)
balances: []
pagination:
  next_key: null
  total: "0"

BALANCES PHOTO (WITHDRAWAL ACCT)
balances:
- amount: "1161"
  denom: uarch
pagination:
  next_key: null
  total: "0"
