STRIDE @ 1718 | 3 VALS
GAIA   @ 2648 | 1 VALS
PHOTO   @ 2648 | 1 VALS

LIST-HOST-ZONES STRIDE
host_zone:
- address: stride1755g4dkhpw73gz9h9nwhlcefc6sdf8kcmvcwrk4rxfrz8xpxxjms7savm8
  bech32prefix: cosmos
  blacklisted_validators: []
  chain_id: GAIA
  connection_id: connection-0
  delegation_account:
    address: cosmos18kf4ehs3pvqw9pp2pzq7q9fhurzrkememc0gg4zvjuk4xav5vurq8ra6pk
    target: DELEGATION
  fee_account:
    address: cosmos1v4k7xa4a8h3d90zawznhltuyvqpj640y47azpq9g5qzzjsdw4m4ste46vl
    target: FEE
  halted: false
  host_denom: uatom
  ibc_denom: ibc/27394FB092D2ECCD56123C74F36E4C1F926001CEADA9CA97EA622B25F41E5EB2
  last_redemption_rate: "1.000000000000000000"
  max_redemption_rate: "1.500000000000000000"
  min_redemption_rate: "0.900000000000000000"
  redemption_account:
    address: cosmos19d9kj4n3mcdlvj8l5rrqh0qmk35u7qltu8nrmfgxpu0q6e9jc8msdq7hgv
    target: REDEMPTION
  redemption_rate: "1.000000000000000000"
  staked_bal: "0"
  transfer_channel_id: channel-0
  unbonding_frequency: "1"
  validators:
  - address: cosmosvaloper1uk4ze0x4nvh4fk0xm4jdud58eqn4yxhrdt795pcosmosvaloper1uk4ze0x4nvh4fk0xm4jdud58eqn4yxhrdt795p
    delegation_amt: "0"
    internal_exchange_rate: null
    name: gval1
    weight: "5"
  withdrawal_account:
    address: cosmos15ytq6r77chp4edvzjvdt75xt2x6cststypu94tnknjhzwv6vqqksjz5r0j
    target: WITHDRAWAL
- address: stride19467hx6r0qkj5crjff3yr38uzts5hwj7detdw4tr0qdsc5rufelsm88tag
  bech32prefix: archway
  blacklisted_validators: []
  chain_id: localnet
  connection_id: connection-1
  delegation_account:
    address: archway1j8k542t5tjmnlc4f7lw4p4xnjg6hz6hxxx59yt2cfjwu2053w3wssyh9pd
    target: DELEGATION
  fee_account:
    address: archway1942qt84f0wj9e3hes9ncg4rqasp67xe4f73nz456rchw6u99trjq2m8udd
    target: FEE
  halted: false
  host_denom: uarch
  ibc_denom: ibc/EAEB74E11A7BFFC17E79B802EF01D3307A285F7AA802745037B021609ECFB034
  last_redemption_rate: "1.045297343817547578"
  max_redemption_rate: "1.500000000000000000"
  min_redemption_rate: "0.900000000000000000"
  redemption_account:
    address: archway18jhfzqj250rsvdwyvmcyju6c8vxarvfyhghw4xj3ez7p5urly2vqsgsg0t
    target: REDEMPTION
  redemption_rate: "1.046364963736287815"
  staked_bal: "1050468"
  transfer_channel_id: channel-1
  unbonding_frequency: "1"
  validators:
  - address: archwayvaloper15js809uedxqs2wl0lyt58httasr5rlplj45fqw
    delegation_amt: "1050468"
    internal_exchange_rate: null
    name: pval1
    weight: "5"
  withdrawal_account:
    address: archway1r27yqfceelgjlxl8rd5kvlxl2nv67c7ell99hvyfnwhjfky7e63ssklwvv
    target: WITHDRAWAL
pagination:
  next_key: null
  total: "0"

LIST-DEPOSIT-RECORDS
deposit_record:
- amount: "118"
  denom: uarch
  deposit_epoch_number: "67"
  host_zone_id: localnet
  id: "143"
  source: STRIDE
  status: DELEGATION_QUEUE
- amount: "0"
  denom: uatom
  deposit_epoch_number: "68"
  host_zone_id: GAIA
  id: "145"
  source: STRIDE
  status: TRANSFER_QUEUE
- amount: "116"
  denom: uarch
  deposit_epoch_number: "68"
  host_zone_id: localnet
  id: "146"
  source: STRIDE
  status: TRANSFER_QUEUE
- amount: "1044"
  denom: uarch
  deposit_epoch_number: "68"
  host_zone_id: localnet
  id: "147"
  source: WITHDRAWAL_ICA
  status: DELEGATION_QUEUE
pagination:
  next_key: null
  total: "0"

LIST-EPOCH-UNBONDING-RECORDS
epoch_unbonding_record:
- epoch_number: "15"
  host_zone_unbondings:
  - denom: uatom
    host_zone_id: GAIA
    native_token_amount: "0"
    st_token_amount: "0"
    status: UNBONDING_QUEUE
    unbonding_time: "0"
    user_redemption_records: []
  - denom: uarch
    host_zone_id: localnet
    native_token_amount: "1000"
    st_token_amount: "1000"
    status: CLAIMABLE
    unbonding_time: "1686598691839897853"
    user_redemption_records:
    - localnet.15.stride1u20df3trc2c2zdhm8qvh2hdjx9ewh00sv6eyy8
- epoch_number: "28"
  host_zone_unbondings:
  - denom: uatom
    host_zone_id: GAIA
    native_token_amount: "0"
    st_token_amount: "0"
    status: UNBONDING_QUEUE
    unbonding_time: "0"
    user_redemption_records: []
  - denom: uarch
    host_zone_id: localnet
    native_token_amount: "0"
    st_token_amount: "0"
    status: UNBONDING_QUEUE
    unbonding_time: "0"
    user_redemption_records: []
pagination:
  next_key: null
  total: "0"

LIST-USER-REDEMPTION-RECORDS
pagination:
  next_key: null
  total: "0"
user_redemption_record:
- amount: "1000"
  claim_is_pending: false
  denom: uarch
  epoch_number: "15"
  host_zone_id: localnet
  id: localnet.15.stride1u20df3trc2c2zdhm8qvh2hdjx9ewh00sv6eyy8
  receiver: archway15js809uedxqs2wl0lyt58httasr5rlplj3atd8
  sender: stride1u20df3trc2c2zdhm8qvh2hdjx9ewh00sv6eyy8
