
- address: stride1uk4ze0x4nvh4fk0xm4jdud58eqn4yxhrt52vv7
  name: val1
  pubkey: '{"@type":"/cosmos.crypto.secp256k1.PubKey","key":"ApSI1puwW2K3iA4+pk9UnBzAlpjglmbSNmoXMG/8P1vt"}'
  type: local


- address: stride1ft20pydau82pgesyl9huhhux307s9h3078692y
  name: hrly1
  pubkey: '{"@type":"/cosmos.crypto.secp256k1.PubKey","key":"AwtROJ2IMGwh3BDOqxbxhPVvOgFveHqmp7alDC7zAoEm"}'
  type: local


- address: stride1z56v8wqvgmhm3hmnffapxujvd4w4rkw6mdrmjg
  name: rly1
  pubkey: '{"@type":"/cosmos.crypto.secp256k1.PubKey","key":"AmsjTMahV0J5VniL7CVkTjj9BbqD6X2FheUKW9Wtk3Dy"}'
  type: local

Error: EOF
Usage:
  strided keys add <name> [flags]

Flags:
      --account uint32           Account number for HD derivation (less than equal 2147483647)
      --coin-type uint32         coin type number for HD derivation (default 118)
      --dry-run                  Perform action, but don't add key to local keystore
      --hd-path string           Manual HD Path derivation (overrides BIP44 config)
  -h, --help                     help for add
      --index uint32             Address index number for HD derivation (less than equal 2147483647)
  -i, --interactive              Interactively prompt user for BIP39 passphrase and mnemonic
      --key-type string          Key signing algorithm to generate keys for (default "secp256k1")
      --ledger                   Store a local reference to a private key on a Ledger device
      --multisig strings         List of key names stored in keyring to construct a public legacy multisig key
      --multisig-threshold int   K out of N required signatures. For use in conjunction with --multisig (default 1)
      --no-backup                Don't print out seed phrase (if others are watching the terminal)
      --nosort                   Keys passed to --multisig are taken in the order they're supplied
      --pubkey string            Parse a public key in JSON format and saves key info to <name> file.
      --recover                  Provide seed phrase to recover existing key instead of creating

Global Flags:
      --home string              The application home directory (default "/root/.stride")
      --keyring-backend string   Select keyring's backend (os|file|kwallet|pass|test|memory) (default "test")
      --keyring-dir string       The client Keyring directory; if omitted, the default 'home' directory will be used
      --log_format string        The logging format (json|plain) (default "plain")
      --log_level string         The logging level (trace|debug|info|warn|error|fatal|panic) (default "info")
      --output string            Output format (text|json) (default "text")
      --trace                    print out full stack trace on errors

