strided binary
archwayd binary
code: 0
codespace: ""
data: ""
events: []
gas_used: "0"
gas_wanted: "0"
height: "0"
info: ""
logs: []
raw_log: '[]'
timestamp: ""
tx: null
txhash: 243EA809EB6AFC56731ADCB355758B1F712CFB66F0347C71BA5B504F718E11F1
code: 0
codespace: ""
data: ""
events: []
gas_used: "0"
gas_wanted: "0"
height: "0"
info: ""
logs: []
raw_log: '[]'
timestamp: ""
tx: null
txhash: E2D781F2B76E02F8C937075729AD52B0DFE228F0B1F5BC7E6BFBFD05081882E7
code: 0
codespace: ""
data: ""
events: []
gas_used: "0"
gas_wanted: "0"
height: "0"
info: ""
logs: []
raw_log: '[]'
timestamp: ""
tx: null
txhash: 9B02FF686E4EFE05F3F333FDAAD86CE90FDF46C0E61657BD9A48B185E834BEAF
code: 0
codespace: ""
data: ""
events: []
gas_used: "0"
gas_wanted: "0"
height: "0"
info: ""
logs: []
raw_log: '[]'
timestamp: ""
tx: null
txhash: EFE8286072FF4837E5106B0F51FE2BD513F0FF4A928FC484C46637CCBEA808B7
code: 0
codespace: ""
data: ""
events: []
gas_used: "0"
gas_wanted: "0"
height: "0"
info: ""
logs: []
raw_log: '[]'
timestamp: ""
tx: null
txhash: A623F29D0BB6A6080AFD70219AAF45AAF5F6F1D09A75B99667489CB05594FEA1
code: 0
codespace: ""
data: ""
events: []
gas_used: "0"
gas_wanted: "0"
height: "0"
info: ""
logs: []
raw_log: '[]'
timestamp: ""
tx: null
txhash: 2289FD61F07EB96EEE8F47FCDA5D08B98C283FD77345D1B234DC037C1786137B
code: 0
codespace: ""
data: ""
events: []
gas_used: "0"
gas_wanted: "0"
height: "0"
info: ""
logs: []
raw_log: '[]'
timestamp: ""
tx: null
txhash: D94DFDBE5A99282A605B5DBCF182B0389711CBE0D760654F748BD9C7E67599BB
code: 0
codespace: ""
data: ""
events: []
gas_used: "0"
gas_wanted: "0"
height: "0"
info: ""
logs: []
raw_log: '[]'
timestamp: ""
tx: null
txhash: 9264FF0985F7594280900D78D52D118525FE61AB5FF0756E73E0A05DB68643EF
code: 0
codespace: ""
data: ""
events: []
gas_used: "0"
gas_wanted: "0"
height: "0"
info: ""
logs: []
raw_log: '[]'
timestamp: ""
tx: null
txhash: B3F96261C8FD95005375AC181C17DB00E36A29C0653AB296013EDCA0FAA4BE62
code: 0
codespace: ""
data: ""
events: []
gas_used: "0"
gas_wanted: "0"
height: "0"
info: ""
logs: []
raw_log: '[]'
timestamp: ""
tx: null
txhash: 31F1C64DE02D7BCF9CC177232F01AFCC258E639206D75156A90F6468799CAFC8
code: 0
codespace: ""
data: ""
events: []
gas_used: "0"
gas_wanted: "0"
height: "0"
info: ""
logs: []
raw_log: '[]'
timestamp: ""
tx: null
txhash: EE221A30211EF61C4CFBFBF2B3340E57D135812DE04364EAD960A1F92A120337
strided binary
archwayd binary
code: 0
codespace: ""
data: ""
events: []
gas_used: "0"
gas_wanted: "0"
height: "0"
info: ""
logs: []
raw_log: '[]'
timestamp: ""
tx: null
txhash: CFFD49247E009DF57D40B8608D43E9ECFF89D705167B28B709FFACF62BC04C14
code: 0
codespace: ""
data: ""
events: []
gas_used: "0"
gas_wanted: "0"
height: "0"
info: ""
logs: []
raw_log: '[]'
timestamp: ""
tx: null
txhash: 98E1ABF676C276A7DB8F1A44FFCADF681C45BD0D8E242031F16E89AF8D85C63A
code: 0
codespace: ""
data: ""
events: []
gas_used: "0"
gas_wanted: "0"
height: "0"
info: ""
logs: []
raw_log: '[]'
timestamp: ""
tx: null
txhash: 3DA797AF7C79C9FEAB3FA885894988A6A71DF2DB691BD11321FE693AEE52B84B
code: 0
codespace: ""
data: ""
events: []
gas_used: "0"
gas_wanted: "0"
height: "0"
info: ""
logs: []
raw_log: '[]'
timestamp: ""
tx: null
txhash: DB2F9FF8E0C3DBC022D8129ED106ABBC0A0801AC62B0FA5B9C6F007B6C9D5050
code: 0
codespace: ""
data: ""
events: []
gas_used: "0"
gas_wanted: "0"
height: "0"
info: ""
logs: []
raw_log: '[]'
timestamp: ""
tx: null
txhash: ED8FDF49B1714BC59E09A5E1B49822E097E808E91DD3A1DB1506564BB858874F
code: 0
codespace: ""
data: ""
events: []
gas_used: "0"
gas_wanted: "0"
height: "0"
info: ""
logs: []
raw_log: '[]'
timestamp: ""
tx: null
txhash: DB4C93350066627A3B9E5D0DD520403EFDD731893A7DDDAC342457A81BACB3E3
code: 0
codespace: ""
data: ""
events: []
gas_used: "0"
gas_wanted: "0"
height: "0"
info: ""
logs: []
raw_log: '[]'
timestamp: ""
tx: null
txhash: 0FFC20C419E484631520C36722F6F13F9D00CAC218A8A58E01E96299842CA1E4
code: 0
codespace: ""
data: ""
events: []
gas_used: "0"
gas_wanted: "0"
height: "0"
info: ""
logs: []
raw_log: '[]'
timestamp: ""
tx: null
txhash: 21F88153B0CE40DC2246B8FF874BED35F9E7FCBD91C45C341F101EADA703F576
code: 0
codespace: ""
data: ""
events: []
gas_used: "0"
gas_wanted: "0"
height: "0"
info: ""
logs: []
raw_log: '[]'
timestamp: ""
tx: null
txhash: 1694832D6FF6000A013CE990D23AB5C430528BEFEE65DF3698DDF417995AA224
code: 0
codespace: ""
data: ""
events: []
gas_used: "0"
gas_wanted: "0"
height: "0"
info: ""
logs: []
raw_log: '[]'
timestamp: ""
tx: null
txhash: 1824A7AC9AE81BA3CA559C86BB47A668159BE6A7A9750E3583FBC4D3A730C30A
code: 0
codespace: ""
data: ""
events: []
gas_used: "0"
gas_wanted: "0"
height: "0"
info: ""
logs: []
raw_log: '[]'
timestamp: ""
tx: null
txhash: B876238A73657F8B96C3836B4FE91C9BC2ED5A72DED9A917A9D313270E047B11
code: 0
codespace: ""
data: ""
events: []
gas_used: "0"
gas_wanted: "0"
height: "0"
info: ""
logs: []
raw_log: '[]'
timestamp: ""
tx: null
txhash: B876238A73657F8B96C3836B4FE91C9BC2ED5A72DED9A917A9D313270E047B11
strided binary
archwayd binary
code: 0
codespace: ""
data: ""
events: []
gas_used: "0"
gas_wanted: "0"
height: "0"
info: ""
logs: []
raw_log: '[]'
timestamp: ""
tx: null
txhash: A006E78185A4DE662F2BEA33935A901305E541C26AB1852DA7B930BB6FA95B64
code: 0
codespace: ""
data: ""
events: []
gas_used: "0"
gas_wanted: "0"
height: "0"
info: ""
logs: []
raw_log: '[]'
timestamp: ""
tx: null
txhash: 7E9AB5640DD8B45B69E0B62C5D7790BF999D5EF122E08A2189F32EA0EF0445E9
code: 0
codespace: ""
data: ""
events: []
gas_used: "0"
gas_wanted: "0"
height: "0"
info: ""
logs: []
raw_log: '[]'
timestamp: ""
tx: null
txhash: 66E250CCD0D369F400FC77734796353B14CAAD0EAEEFCD4ACFBDC6FD55A71DA6
code: 0
codespace: ""
data: ""
events: []
gas_used: "0"
gas_wanted: "0"
height: "0"
info: ""
logs: []
raw_log: '[]'
timestamp: ""
tx: null
txhash: 4F07DE9E3A5E433B4AA35EE3D3C9BD09298B751E53B3B92AF4AF0A155B6779D2
code: 0
codespace: ""
data: ""
events: []
gas_used: "0"
gas_wanted: "0"
height: "0"
info: ""
logs: []
raw_log: '[]'
timestamp: ""
tx: null
txhash: CB0769C184B6A1D5592332BCEA94D74B67579D5D63CDAD97099C5B250CF15B5C
code: 0
codespace: ""
data: ""
events: []
gas_used: "0"
gas_wanted: "0"
height: "0"
info: ""
logs: []
raw_log: '[]'
timestamp: ""
tx: null
txhash: 96C93DB2F7FC15974B51629FF9AE9EB10CD81214A1D5C4FA3EB3FA84C19AE789
code: 0
codespace: ""
data: ""
events: []
gas_used: "0"
gas_wanted: "0"
height: "0"
info: ""
logs: []
raw_log: '[]'
timestamp: ""
tx: null
txhash: E415E45983F8538C347807C2D3C02313001DEFE333D08E0D1A0EB00502893326
code: 0
codespace: ""
data: ""
events: []
gas_used: "0"
gas_wanted: "0"
height: "0"
info: ""
logs: []
raw_log: '[]'
timestamp: ""
tx: null
txhash: 13C72A8182A220F26B9E97AFFB776EE3EF9C4D4443AEBEA3FA7BBE7A9277C74A
code: 0
codespace: ""
data: ""
events: []
gas_used: "0"
gas_wanted: "0"
height: "0"
info: ""
logs: []
raw_log: '[]'
timestamp: ""
tx: null
txhash: 1E62B80AFDD2C40C384602DD31A2E6E16B2B3B2407BB7D2CC757DDEF307FB9D0
code: 0
codespace: ""
data: ""
events: []
gas_used: "0"
gas_wanted: "0"
height: "0"
info: ""
logs: []
raw_log: '[]'
timestamp: ""
tx: null
txhash: 8ADE2E3EABE3F81438514AE870169B9B3A86F96B183A54BB19F984E0674E20B7
code: 0
codespace: ""
data: ""
events: []
gas_used: "0"
gas_wanted: "0"
height: "0"
info: ""
logs: []
raw_log: '[]'
timestamp: ""
tx: null
txhash: B77810AD0F1D990C8FAAFBB31EF2CDA3010365AD109372BBFF07C0726570E4AE
code: 0
codespace: ""
data: ""
events: []
gas_used: "0"
gas_wanted: "0"
height: "0"
info: ""
logs: []
raw_log: '[]'
timestamp: ""
tx: null
txhash: B77810AD0F1D990C8FAAFBB31EF2CDA3010365AD109372BBFF07C0726570E4AE
strided binary
archwayd binary












strided binary
archwayd binary












strided binary
archwayd binary












strided binary
archwayd binary












strided binary
archwayd binary












strided binary
archwayd binary












strided binary
archwayd binary












strided binary
archwayd binary












strided binary
archwayd binary












strided binary
archwayd binary












strided binary
archwayd binary












strided binary
archwayd binary












strided binary
archwayd binary












strided binary
archwayd binary












strided binary
archwayd binary












strided binary
archwayd binary












strided binary
archwayd binary












strided binary
archwayd binary












strided binary
archwayd binary












strided binary
archwayd binary












strided binary
archwayd binary












strided binary
archwayd binary












strided binary
archwayd binary












strided binary
archwayd binary












