strided binary
archwayd binary
/media/usbHDD1/photov10/Photosynthesis-Dorahacks-web3-competition-winner/photosynthesisv5/photosynthesis-main/sap-with-full-liquid-stake-redemption-workflow/dockernet/logs/enableredeemstake does not exist.
strided binary
archwayd binary
/media/usbHDD1/photov10/Photosynthesis-Dorahacks-web3-competition-winner/photosynthesisv5/photosynthesis-main/sap-with-full-liquid-stake-redemption-workflow/dockernet/logs/enableredeemstake exists.
balances:
- amount: "750000"
  denom: ibc/15CE03505E1F9891F448F53C9A06FD6C6AF9E5BE7CBB0A4B45F7BE5C9CBFC145
- amount: "2000100"
  denom: uarch
pagination:
  next_key: null
  total: "0"
total redemption amount: 750000
Amount: 750000
/media/usbHDD1/photov10/Photosynthesis-Dorahacks-web3-competition-winner/photosynthesisv5/photosynthesis-main/sap-with-full-liquid-stake-redemption-workflow/build/archwayd --home /media/usbHDD1/photov10/Photosynthesis-Dorahacks-web3-competition-winner/photosynthesisv5/photosynthesis-main/sap-with-full-liquid-stake-redemption-workflow/dockernet/state/photo1  tx bank send  archway17z8fpj73duagvz4yfgk24m8jtdk9p0zuvqmdms archway1n3fvgm3ck5wylx6q4tsywglg82vxflj3h8e90m 750000ibc/15CE03505E1F9891F448F53C9A06FD6C6AF9E5BE7CBB0A4B45F7BE5C9CBFC145 --from l311 --keyring-backend=test --chain-id localnet --fees 17000uarch -y
code: 0
codespace: ""
data: ""
events: []
gas_used: "0"
gas_wanted: "0"
height: "0"
info: ""
logs: []
raw_log: '[]'
timestamp: ""
tx: null
txhash: 9AA23D96CE4A0E9069E7CDB3708F9B4F5E928B379A5B35B70FC4500E44584A1D
archway liquidity account balance
balances:
- amount: "1890000"
  denom: ibc/15CE03505E1F9891F448F53C9A06FD6C6AF9E5BE7CBB0A4B45F7BE5C9CBFC145
- amount: "10001966000"
  denom: uarch
pagination:
  next_key: null
  total: "0"
archwayd ibc transfer
/media/usbHDD1/photov10/Photosynthesis-Dorahacks-web3-competition-winner/photosynthesisv5/photosynthesis-main/sap-with-full-liquid-stake-redemption-workflow/build/archwayd --home /media/usbHDD1/photov10/Photosynthesis-Dorahacks-web3-competition-winner/photosynthesisv5/photosynthesis-main/sap-with-full-liquid-stake-redemption-workflow/dockernet/state/photo1 tx ibc-transfer transfer transfer channel-0 --chain-id localnet stride1u20df3trc2c2zdhm8qvh2hdjx9ewh00sv6eyy8 750000ibc/15CE03505E1F9891F448F53C9A06FD6C6AF9E5BE7CBB0A4B45F7BE5C9CBFC145 --from pval5 --keyring-backend test -y --fees 30000uarch
code: 0
codespace: ""
data: ""
events: []
gas_used: "0"
gas_wanted: "0"
height: "0"
info: ""
logs: []
raw_log: '[]'
timestamp: ""
tx: null
txhash: 1A66D51EA4C208A81B2447210AACE20C6DBD58E796F8C336B23B1228EF0EDE20
strided redeem stake
/media/usbHDD1/photov10/Photosynthesis-Dorahacks-web3-competition-winner/photosynthesisv5/photosynthesis-main/sap-with-full-liquid-stake-redemption-workflow/build/strided --home /media/usbHDD1/photov10/Photosynthesis-Dorahacks-web3-competition-winner/photosynthesisv5/photosynthesis-main/sap-with-full-liquid-stake-redemption-workflow/dockernet/state/stride1 tx stakeibc redeem-stake 750000 localnet archway1n3fvgm3ck5wylx6q4tsywglg82vxflj3h8e90m --from admin --keyring-backend test --chain-id STRIDE -y
code: 0
codespace: ""
data: ""
events: []
gas_used: "0"
gas_wanted: "0"
height: "0"
info: ""
logs: []
raw_log: '[]'
timestamp: ""
tx: null
txhash: F15F28D78D6011B1432EA05CE3EC127DAF0195AC831D49F49BA7094C9D04CD98
archway balance uarch
/media/usbHDD1/photov10/Photosynthesis-Dorahacks-web3-competition-winner/photosynthesisv5/photosynthesis-main/sap-with-full-liquid-stake-redemption-workflow/build/archwayd --home /media/usbHDD1/photov10/Photosynthesis-Dorahacks-web3-competition-winner/photosynthesisv5/photosynthesis-main/sap-with-full-liquid-stake-redemption-workflow/dockernet/state/photo1 q bank balances --chain-id localnet archway1n3fvgm3ck5wylx6q4tsywglg82vxflj3h8e90m
balances:
- amount: "1140000"
  denom: ibc/15CE03505E1F9891F448F53C9A06FD6C6AF9E5BE7CBB0A4B45F7BE5C9CBFC145
- amount: "10001936000"
  denom: uarch
pagination:
  next_key: null
  total: "0"
Amount before claim: 10001936000
list user redemption  record
/media/usbHDD1/photov10/Photosynthesis-Dorahacks-web3-competition-winner/photosynthesisv5/photosynthesis-main/sap-with-full-liquid-stake-redemption-workflow/build/strided --home /media/usbHDD1/photov10/Photosynthesis-Dorahacks-web3-competition-winner/photosynthesisv5/photosynthesis-main/sap-with-full-liquid-stake-redemption-workflow/dockernet/state/stride1 q records list-user-redemption-record -o=json
{"user_redemption_record":[{"id":"localnet.13.stride1u20df3trc2c2zdhm8qvh2hdjx9ewh00sv6eyy8","sender":"stride1u20df3trc2c2zdhm8qvh2hdjx9ewh00sv6eyy8","receiver":"archway1n3fvgm3ck5wylx6q4tsywglg82vxflj3h8e90m","amount":"753752","denom":"uarch","host_zone_id":"localnet","epoch_number":"13","claim_is_pending":false}],"pagination":{"next_key":null,"total":"0"}}
list epoch unbonding record
/media/usbHDD1/photov10/Photosynthesis-Dorahacks-web3-competition-winner/photosynthesisv5/photosynthesis-main/sap-with-full-liquid-stake-redemption-workflow/build/strided --home /media/usbHDD1/photov10/Photosynthesis-Dorahacks-web3-competition-winner/photosynthesisv5/photosynthesis-main/sap-with-full-liquid-stake-redemption-workflow/dockernet/state/stride1 q records list-epoch-unbonding-record -o=json
{"epoch_unbonding_record":[{"epoch_number":"13","host_zone_unbondings":[{"st_token_amount":"0","native_token_amount":"0","denom":"uatom","host_zone_id":"GAIA","unbonding_time":"0","status":"UNBONDING_QUEUE","user_redemption_records":[]},{"st_token_amount":"750000","native_token_amount":"753752","denom":"uarch","host_zone_id":"localnet","unbonding_time":"0","status":"UNBONDING_QUEUE","user_redemption_records":["localnet.13.stride1u20df3trc2c2zdhm8qvh2hdjx9ewh00sv6eyy8"]}]}],"pagination":{"next_key":null,"total":"0"}}
archway redeemed uarch
/media/usbHDD1/photov10/Photosynthesis-Dorahacks-web3-competition-winner/photosynthesisv5/photosynthesis-main/sap-with-full-liquid-stake-redemption-workflow/build/archwayd --home /media/usbHDD1/photov10/Photosynthesis-Dorahacks-web3-competition-winner/photosynthesisv5/photosynthesis-main/sap-with-full-liquid-stake-redemption-workflow/dockernet/state/photo1 q bank balances --chain-id localnet archway1n3fvgm3ck5wylx6q4tsywglg82vxflj3h8e90m
balances:
- amount: "1140000"
  denom: ibc/15CE03505E1F9891F448F53C9A06FD6C6AF9E5BE7CBB0A4B45F7BE5C9CBFC145
- amount: "10001936000"
  denom: uarch
pagination:
  next_key: null
  total: "0"
Amount after claim: 10001936000
Last line of file is: 
Last line written to /media/usbHDD1/photov10/Photosynthesis-Dorahacks-web3-competition-winner/photosynthesisv5/photosynthesis-main/sap-with-full-liquid-stake-redemption-workflow/dockernet/logs/redeemepoch
strided binary
archwayd binary
/media/usbHDD1/photov10/Photosynthesis-Dorahacks-web3-competition-winner/photosynthesisv5/photosynthesis-main/sap-with-full-liquid-stake-redemption-workflow/dockernet/logs/enableredeemstake exists.
balances:
- amount: "2983100"
  denom: uarch
pagination:
  next_key: null
  total: "0"
archway liquidity account balance
balances:
- amount: "2408085"
  denom: ibc/15CE03505E1F9891F448F53C9A06FD6C6AF9E5BE7CBB0A4B45F7BE5C9CBFC145
- amount: "10002919000"
  denom: uarch
pagination:
  next_key: null
  total: "0"
archwayd ibc transfer
/media/usbHDD1/photov10/Photosynthesis-Dorahacks-web3-competition-winner/photosynthesisv5/photosynthesis-main/sap-with-full-liquid-stake-redemption-workflow/build/archwayd --home /media/usbHDD1/photov10/Photosynthesis-Dorahacks-web3-competition-winner/photosynthesisv5/photosynthesis-main/sap-with-full-liquid-stake-redemption-workflow/dockernet/state/photo1 tx ibc-transfer transfer transfer channel-0 --chain-id localnet stride1u20df3trc2c2zdhm8qvh2hdjx9ewh00sv6eyy8 0ibc/15CE03505E1F9891F448F53C9A06FD6C6AF9E5BE7CBB0A4B45F7BE5C9CBFC145 --from pval5 --keyring-backend test -y --fees 30000uarch

strided redeem stake
/media/usbHDD1/photov10/Photosynthesis-Dorahacks-web3-competition-winner/photosynthesisv5/photosynthesis-main/sap-with-full-liquid-stake-redemption-workflow/build/strided --home /media/usbHDD1/photov10/Photosynthesis-Dorahacks-web3-competition-winner/photosynthesisv5/photosynthesis-main/sap-with-full-liquid-stake-redemption-workflow/dockernet/state/stride1 tx stakeibc redeem-stake 0 localnet archway1n3fvgm3ck5wylx6q4tsywglg82vxflj3h8e90m --from admin --keyring-backend test --chain-id STRIDE -y

archway balance uarch
/media/usbHDD1/photov10/Photosynthesis-Dorahacks-web3-competition-winner/photosynthesisv5/photosynthesis-main/sap-with-full-liquid-stake-redemption-workflow/build/archwayd --home /media/usbHDD1/photov10/Photosynthesis-Dorahacks-web3-competition-winner/photosynthesisv5/photosynthesis-main/sap-with-full-liquid-stake-redemption-workflow/dockernet/state/photo1 q bank balances --chain-id localnet archway1n3fvgm3ck5wylx6q4tsywglg82vxflj3h8e90m
balances:
- amount: "2408085"
  denom: ibc/15CE03505E1F9891F448F53C9A06FD6C6AF9E5BE7CBB0A4B45F7BE5C9CBFC145
- amount: "10002919000"
  denom: uarch
pagination:
  next_key: null
  total: "0"
Amount before claim: 10002919000
list user redemption  record
/media/usbHDD1/photov10/Photosynthesis-Dorahacks-web3-competition-winner/photosynthesisv5/photosynthesis-main/sap-with-full-liquid-stake-redemption-workflow/build/strided --home /media/usbHDD1/photov10/Photosynthesis-Dorahacks-web3-competition-winner/photosynthesisv5/photosynthesis-main/sap-with-full-liquid-stake-redemption-workflow/dockernet/state/stride1 q records list-user-redemption-record -o=json
{"user_redemption_record":[{"id":"localnet.13.stride1u20df3trc2c2zdhm8qvh2hdjx9ewh00sv6eyy8","sender":"stride1u20df3trc2c2zdhm8qvh2hdjx9ewh00sv6eyy8","receiver":"archway1n3fvgm3ck5wylx6q4tsywglg82vxflj3h8e90m","amount":"753752","denom":"uarch","host_zone_id":"localnet","epoch_number":"13","claim_is_pending":false}],"pagination":{"next_key":null,"total":"0"}}
list epoch unbonding record
/media/usbHDD1/photov10/Photosynthesis-Dorahacks-web3-competition-winner/photosynthesisv5/photosynthesis-main/sap-with-full-liquid-stake-redemption-workflow/build/strided --home /media/usbHDD1/photov10/Photosynthesis-Dorahacks-web3-competition-winner/photosynthesisv5/photosynthesis-main/sap-with-full-liquid-stake-redemption-workflow/dockernet/state/stride1 q records list-epoch-unbonding-record -o=json
{"epoch_unbonding_record":[{"epoch_number":"13","host_zone_unbondings":[{"st_token_amount":"0","native_token_amount":"0","denom":"uatom","host_zone_id":"GAIA","unbonding_time":"0","status":"UNBONDING_QUEUE","user_redemption_records":[]},{"st_token_amount":"750000","native_token_amount":"753752","denom":"uarch","host_zone_id":"localnet","unbonding_time":"1691710886552701665","status":"CLAIMABLE","user_redemption_records":["localnet.13.stride1u20df3trc2c2zdhm8qvh2hdjx9ewh00sv6eyy8"]}]},{"epoch_number":"18","host_zone_unbondings":[{"st_token_amount":"0","native_token_amount":"0","denom":"uatom","host_zone_id":"GAIA","unbonding_time":"0","status":"UNBONDING_QUEUE","user_redemption_records":[]},{"st_token_amount":"0","native_token_amount":"0","denom":"uarch","host_zone_id":"localnet","unbonding_time":"0","status":"UNBONDING_QUEUE","user_redemption_records":[]}]}],"pagination":{"next_key":null,"total":"0"}}
Part 1: localnet
Part 2: 13
Part 3: stride1u20df3trc2c2zdhm8qvh2hdjx9ewh00sv6eyy8
claim undelegated tokens
/media/usbHDD1/photov10/Photosynthesis-Dorahacks-web3-competition-winner/photosynthesisv5/photosynthesis-main/sap-with-full-liquid-stake-redemption-workflow/build/strided --home /media/usbHDD1/photov10/Photosynthesis-Dorahacks-web3-competition-winner/photosynthesisv5/photosynthesis-main/sap-with-full-liquid-stake-redemption-workflow/dockernet/state/stride1 tx stakeibc claim-undelegated-tokens localnet 13 stride1u20df3trc2c2zdhm8qvh2hdjx9ewh00sv6eyy8 --from admin --keyring-backend test --chain-id STRIDE -y
code: 0
codespace: ""
data: ""
events: []
gas_used: "0"
gas_wanted: "0"
height: "0"
info: ""
logs: []
raw_log: '[]'
timestamp: ""
tx: null
txhash: 7B1400F16B681D1C21CA60743C39D4D105DD922EED809D62726D0AA98D3494E4
archway redeemed uarch
/media/usbHDD1/photov10/Photosynthesis-Dorahacks-web3-competition-winner/photosynthesisv5/photosynthesis-main/sap-with-full-liquid-stake-redemption-workflow/build/archwayd --home /media/usbHDD1/photov10/Photosynthesis-Dorahacks-web3-competition-winner/photosynthesisv5/photosynthesis-main/sap-with-full-liquid-stake-redemption-workflow/dockernet/state/photo1 q bank balances --chain-id localnet archway1n3fvgm3ck5wylx6q4tsywglg82vxflj3h8e90m
balances:
- amount: "3794085"
  denom: ibc/15CE03505E1F9891F448F53C9A06FD6C6AF9E5BE7CBB0A4B45F7BE5C9CBFC145
- amount: "10003638752"
  denom: uarch
pagination:
  next_key: null
  total: "0"
Amount after claim: 10003638752
Last line of file is: 
Last line written to /media/usbHDD1/photov10/Photosynthesis-Dorahacks-web3-competition-winner/photosynthesisv5/photosynthesis-main/sap-with-full-liquid-stake-redemption-workflow/dockernet/logs/redeemepoch
strided binary
archwayd binary
/media/usbHDD1/photov10/Photosynthesis-Dorahacks-web3-competition-winner/photosynthesisv5/photosynthesis-main/sap-with-full-liquid-stake-redemption-workflow/dockernet/logs/enableredeemstake exists.
balances:
- amount: "500000"
  denom: ibc/15CE03505E1F9891F448F53C9A06FD6C6AF9E5BE7CBB0A4B45F7BE5C9CBFC145
- amount: "3983100"
  denom: uarch
pagination:
  next_key: null
  total: "0"
total redemption amount: 500000
Amount: 500000
/media/usbHDD1/photov10/Photosynthesis-Dorahacks-web3-competition-winner/photosynthesisv5/photosynthesis-main/sap-with-full-liquid-stake-redemption-workflow/build/archwayd --home /media/usbHDD1/photov10/Photosynthesis-Dorahacks-web3-competition-winner/photosynthesisv5/photosynthesis-main/sap-with-full-liquid-stake-redemption-workflow/dockernet/state/photo1  tx bank send  archway17z8fpj73duagvz4yfgk24m8jtdk9p0zuvqmdms archway1n3fvgm3ck5wylx6q4tsywglg82vxflj3h8e90m 500000ibc/15CE03505E1F9891F448F53C9A06FD6C6AF9E5BE7CBB0A4B45F7BE5C9CBFC145 --from l311 --keyring-backend=test --chain-id localnet --fees 17000uarch -y
code: 0
codespace: ""
data: ""
events: []
gas_used: "0"
gas_wanted: "0"
height: "0"
info: ""
logs: []
raw_log: '[]'
timestamp: ""
tx: null
txhash: 52536385FA8228304042F59746B9C6EA0FC82AFA99FB93ECE5EF69645AD190A7
archway liquidity account balance
balances:
- amount: "5484864"
  denom: ibc/15CE03505E1F9891F448F53C9A06FD6C6AF9E5BE7CBB0A4B45F7BE5C9CBFC145
- amount: "10003638752"
  denom: uarch
pagination:
  next_key: null
  total: "0"
archwayd ibc transfer
/media/usbHDD1/photov10/Photosynthesis-Dorahacks-web3-competition-winner/photosynthesisv5/photosynthesis-main/sap-with-full-liquid-stake-redemption-workflow/build/archwayd --home /media/usbHDD1/photov10/Photosynthesis-Dorahacks-web3-competition-winner/photosynthesisv5/photosynthesis-main/sap-with-full-liquid-stake-redemption-workflow/dockernet/state/photo1 tx ibc-transfer transfer transfer channel-0 --chain-id localnet stride1u20df3trc2c2zdhm8qvh2hdjx9ewh00sv6eyy8 500000ibc/15CE03505E1F9891F448F53C9A06FD6C6AF9E5BE7CBB0A4B45F7BE5C9CBFC145 --from pval5 --keyring-backend test -y --fees 30000uarch
code: 0
codespace: ""
data: ""
events: []
gas_used: "0"
gas_wanted: "0"
height: "0"
info: ""
logs: []
raw_log: '[]'
timestamp: ""
tx: null
txhash: F5344E17A1485FBBD499B2AA479B0A82F812B50E662E9FBFE22376785F1D14FF
strided redeem stake
/media/usbHDD1/photov10/Photosynthesis-Dorahacks-web3-competition-winner/photosynthesisv5/photosynthesis-main/sap-with-full-liquid-stake-redemption-workflow/build/strided --home /media/usbHDD1/photov10/Photosynthesis-Dorahacks-web3-competition-winner/photosynthesisv5/photosynthesis-main/sap-with-full-liquid-stake-redemption-workflow/dockernet/state/stride1 tx stakeibc redeem-stake 500000 localnet archway1n3fvgm3ck5wylx6q4tsywglg82vxflj3h8e90m --from admin --keyring-backend test --chain-id STRIDE -y
code: 0
codespace: ""
data: ""
events: []
gas_used: "0"
gas_wanted: "0"
height: "0"
info: ""
logs: []
raw_log: '[]'
timestamp: ""
tx: null
txhash: 31964B91EC5DA6B60EC15A82A77810A80EC05324C97F4ABD831725EF989A7B7E
archway balance uarch
/media/usbHDD1/photov10/Photosynthesis-Dorahacks-web3-competition-winner/photosynthesisv5/photosynthesis-main/sap-with-full-liquid-stake-redemption-workflow/build/archwayd --home /media/usbHDD1/photov10/Photosynthesis-Dorahacks-web3-competition-winner/photosynthesisv5/photosynthesis-main/sap-with-full-liquid-stake-redemption-workflow/dockernet/state/photo1 q bank balances --chain-id localnet archway1n3fvgm3ck5wylx6q4tsywglg82vxflj3h8e90m
balances:
- amount: "4984864"
  denom: ibc/15CE03505E1F9891F448F53C9A06FD6C6AF9E5BE7CBB0A4B45F7BE5C9CBFC145
- amount: "10003608752"
  denom: uarch
pagination:
  next_key: null
  total: "0"
Amount before claim: 10003608752
list user redemption  record
/media/usbHDD1/photov10/Photosynthesis-Dorahacks-web3-competition-winner/photosynthesisv5/photosynthesis-main/sap-with-full-liquid-stake-redemption-workflow/build/strided --home /media/usbHDD1/photov10/Photosynthesis-Dorahacks-web3-competition-winner/photosynthesisv5/photosynthesis-main/sap-with-full-liquid-stake-redemption-workflow/dockernet/state/stride1 q records list-user-redemption-record -o=json
{"user_redemption_record":[{"id":"localnet.21.stride1u20df3trc2c2zdhm8qvh2hdjx9ewh00sv6eyy8","sender":"stride1u20df3trc2c2zdhm8qvh2hdjx9ewh00sv6eyy8","receiver":"archway1n3fvgm3ck5wylx6q4tsywglg82vxflj3h8e90m","amount":"522753","denom":"uarch","host_zone_id":"localnet","epoch_number":"21","claim_is_pending":false}],"pagination":{"next_key":null,"total":"0"}}
list epoch unbonding record
/media/usbHDD1/photov10/Photosynthesis-Dorahacks-web3-competition-winner/photosynthesisv5/photosynthesis-main/sap-with-full-liquid-stake-redemption-workflow/build/strided --home /media/usbHDD1/photov10/Photosynthesis-Dorahacks-web3-competition-winner/photosynthesisv5/photosynthesis-main/sap-with-full-liquid-stake-redemption-workflow/dockernet/state/stride1 q records list-epoch-unbonding-record -o=json
{"epoch_unbonding_record":[{"epoch_number":"21","host_zone_unbondings":[{"st_token_amount":"0","native_token_amount":"0","denom":"uatom","host_zone_id":"GAIA","unbonding_time":"0","status":"UNBONDING_QUEUE","user_redemption_records":[]},{"st_token_amount":"500000","native_token_amount":"522753","denom":"uarch","host_zone_id":"localnet","unbonding_time":"0","status":"UNBONDING_QUEUE","user_redemption_records":["localnet.21.stride1u20df3trc2c2zdhm8qvh2hdjx9ewh00sv6eyy8"]}]}],"pagination":{"next_key":null,"total":"0"}}
archway redeemed uarch
/media/usbHDD1/photov10/Photosynthesis-Dorahacks-web3-competition-winner/photosynthesisv5/photosynthesis-main/sap-with-full-liquid-stake-redemption-workflow/build/archwayd --home /media/usbHDD1/photov10/Photosynthesis-Dorahacks-web3-competition-winner/photosynthesisv5/photosynthesis-main/sap-with-full-liquid-stake-redemption-workflow/dockernet/state/photo1 q bank balances --chain-id localnet archway1n3fvgm3ck5wylx6q4tsywglg82vxflj3h8e90m
balances:
- amount: "4984864"
  denom: ibc/15CE03505E1F9891F448F53C9A06FD6C6AF9E5BE7CBB0A4B45F7BE5C9CBFC145
- amount: "10003608752"
  denom: uarch
pagination:
  next_key: null
  total: "0"
Amount after claim: 10003608752
Last line of file is: 
Last line written to /media/usbHDD1/photov10/Photosynthesis-Dorahacks-web3-competition-winner/photosynthesisv5/photosynthesis-main/sap-with-full-liquid-stake-redemption-workflow/dockernet/logs/redeemepoch
strided binary
archwayd binary
/media/usbHDD1/photov10/Photosynthesis-Dorahacks-web3-competition-winner/photosynthesisv5/photosynthesis-main/sap-with-full-liquid-stake-redemption-workflow/dockernet/logs/enableredeemstake exists.
balances:
- amount: "1130000"
  denom: ibc/15CE03505E1F9891F448F53C9A06FD6C6AF9E5BE7CBB0A4B45F7BE5C9CBFC145
- amount: "3966100"
  denom: uarch
pagination:
  next_key: null
  total: "0"
total redemption amount: 1130000
Amount: 1130000
/media/usbHDD1/photov10/Photosynthesis-Dorahacks-web3-competition-winner/photosynthesisv5/photosynthesis-main/sap-with-full-liquid-stake-redemption-workflow/build/archwayd --home /media/usbHDD1/photov10/Photosynthesis-Dorahacks-web3-competition-winner/photosynthesisv5/photosynthesis-main/sap-with-full-liquid-stake-redemption-workflow/dockernet/state/photo1  tx bank send  archway17z8fpj73duagvz4yfgk24m8jtdk9p0zuvqmdms archway1n3fvgm3ck5wylx6q4tsywglg82vxflj3h8e90m 1130000ibc/15CE03505E1F9891F448F53C9A06FD6C6AF9E5BE7CBB0A4B45F7BE5C9CBFC145 --from l311 --keyring-backend=test --chain-id localnet --fees 17000uarch -y
code: 0
codespace: ""
data: ""
events: []
gas_used: "0"
gas_wanted: "0"
height: "0"
info: ""
logs: []
raw_log: '[]'
timestamp: ""
tx: null
txhash: 0419B1037A736E08A883A27B29D5013A4F8D66CB2CF5CECB268F3AC24291E958
archway liquidity account balance
balances:
- amount: "7033537"
  denom: ibc/15CE03505E1F9891F448F53C9A06FD6C6AF9E5BE7CBB0A4B45F7BE5C9CBFC145
- amount: "10003557752"
  denom: uarch
pagination:
  next_key: null
  total: "0"
archwayd ibc transfer
/media/usbHDD1/photov10/Photosynthesis-Dorahacks-web3-competition-winner/photosynthesisv5/photosynthesis-main/sap-with-full-liquid-stake-redemption-workflow/build/archwayd --home /media/usbHDD1/photov10/Photosynthesis-Dorahacks-web3-competition-winner/photosynthesisv5/photosynthesis-main/sap-with-full-liquid-stake-redemption-workflow/dockernet/state/photo1 tx ibc-transfer transfer transfer channel-0 --chain-id localnet stride1u20df3trc2c2zdhm8qvh2hdjx9ewh00sv6eyy8 1130000ibc/15CE03505E1F9891F448F53C9A06FD6C6AF9E5BE7CBB0A4B45F7BE5C9CBFC145 --from pval5 --keyring-backend test -y --fees 30000uarch
code: 0
codespace: ""
data: ""
events: []
gas_used: "0"
gas_wanted: "0"
height: "0"
info: ""
logs: []
raw_log: '[]'
timestamp: ""
tx: null
txhash: E88D8E829309886B939D84455C3B7DFF26542292B8211606BA3A640AEC67F6BC
strided redeem stake
/media/usbHDD1/photov10/Photosynthesis-Dorahacks-web3-competition-winner/photosynthesisv5/photosynthesis-main/sap-with-full-liquid-stake-redemption-workflow/build/strided --home /media/usbHDD1/photov10/Photosynthesis-Dorahacks-web3-competition-winner/photosynthesisv5/photosynthesis-main/sap-with-full-liquid-stake-redemption-workflow/dockernet/state/stride1 tx stakeibc redeem-stake 1130000 localnet archway1n3fvgm3ck5wylx6q4tsywglg82vxflj3h8e90m --from admin --keyring-backend test --chain-id STRIDE -y
code: 0
codespace: ""
data: ""
events: []
gas_used: "0"
gas_wanted: "0"
height: "0"
info: ""
logs: []
raw_log: '[]'
timestamp: ""
tx: null
txhash: 8499DADA59632C550E0AC28FD9497F4EEF0FE77CE3A96437A7D175D012A16F71
archway balance uarch
/media/usbHDD1/photov10/Photosynthesis-Dorahacks-web3-competition-winner/photosynthesisv5/photosynthesis-main/sap-with-full-liquid-stake-redemption-workflow/build/archwayd --home /media/usbHDD1/photov10/Photosynthesis-Dorahacks-web3-competition-winner/photosynthesisv5/photosynthesis-main/sap-with-full-liquid-stake-redemption-workflow/dockernet/state/photo1 q bank balances --chain-id localnet archway1n3fvgm3ck5wylx6q4tsywglg82vxflj3h8e90m
balances:
- amount: "5903537"
  denom: ibc/15CE03505E1F9891F448F53C9A06FD6C6AF9E5BE7CBB0A4B45F7BE5C9CBFC145
- amount: "10004527752"
  denom: uarch
pagination:
  next_key: null
  total: "0"
Amount before claim: 10004527752
list user redemption  record
/media/usbHDD1/photov10/Photosynthesis-Dorahacks-web3-competition-winner/photosynthesisv5/photosynthesis-main/sap-with-full-liquid-stake-redemption-workflow/build/strided --home /media/usbHDD1/photov10/Photosynthesis-Dorahacks-web3-competition-winner/photosynthesisv5/photosynthesis-main/sap-with-full-liquid-stake-redemption-workflow/dockernet/state/stride1 q records list-user-redemption-record -o=json
{"user_redemption_record":[{"id":"localnet.21.stride1u20df3trc2c2zdhm8qvh2hdjx9ewh00sv6eyy8","sender":"stride1u20df3trc2c2zdhm8qvh2hdjx9ewh00sv6eyy8","receiver":"archway1n3fvgm3ck5wylx6q4tsywglg82vxflj3h8e90m","amount":"522753","denom":"uarch","host_zone_id":"localnet","epoch_number":"21","claim_is_pending":false},{"id":"localnet.26.stride1u20df3trc2c2zdhm8qvh2hdjx9ewh00sv6eyy8","sender":"stride1u20df3trc2c2zdhm8qvh2hdjx9ewh00sv6eyy8","receiver":"archway1n3fvgm3ck5wylx6q4tsywglg82vxflj3h8e90m","amount":"1208207","denom":"uarch","host_zone_id":"localnet","epoch_number":"26","claim_is_pending":false}],"pagination":{"next_key":null,"total":"0"}}
list epoch unbonding record
/media/usbHDD1/photov10/Photosynthesis-Dorahacks-web3-competition-winner/photosynthesisv5/photosynthesis-main/sap-with-full-liquid-stake-redemption-workflow/build/strided --home /media/usbHDD1/photov10/Photosynthesis-Dorahacks-web3-competition-winner/photosynthesisv5/photosynthesis-main/sap-with-full-liquid-stake-redemption-workflow/dockernet/state/stride1 q records list-epoch-unbonding-record -o=json
{"epoch_unbonding_record":[{"epoch_number":"21","host_zone_unbondings":[{"st_token_amount":"0","native_token_amount":"0","denom":"uatom","host_zone_id":"GAIA","unbonding_time":"0","status":"UNBONDING_QUEUE","user_redemption_records":[]},{"st_token_amount":"500000","native_token_amount":"522753","denom":"uarch","host_zone_id":"localnet","unbonding_time":"1691711685486810951","status":"CLAIMABLE","user_redemption_records":["localnet.21.stride1u20df3trc2c2zdhm8qvh2hdjx9ewh00sv6eyy8"]}]},{"epoch_number":"26","host_zone_unbondings":[{"st_token_amount":"0","native_token_amount":"0","denom":"uatom","host_zone_id":"GAIA","unbonding_time":"0","status":"UNBONDING_QUEUE","user_redemption_records":[]},{"st_token_amount":"1130000","native_token_amount":"1208207","denom":"uarch","host_zone_id":"localnet","unbonding_time":"0","status":"UNBONDING_QUEUE","user_redemption_records":["localnet.26.stride1u20df3trc2c2zdhm8qvh2hdjx9ewh00sv6eyy8"]}]}],"pagination":{"next_key":null,"total":"0"}}
Part 1: localnet
Part 2: 21
Part 3: stride1u20df3trc2c2zdhm8qvh2hdjx9ewh00sv6eyy8
claim undelegated tokens
/media/usbHDD1/photov10/Photosynthesis-Dorahacks-web3-competition-winner/photosynthesisv5/photosynthesis-main/sap-with-full-liquid-stake-redemption-workflow/build/strided --home /media/usbHDD1/photov10/Photosynthesis-Dorahacks-web3-competition-winner/photosynthesisv5/photosynthesis-main/sap-with-full-liquid-stake-redemption-workflow/dockernet/state/stride1 tx stakeibc claim-undelegated-tokens localnet 21 stride1u20df3trc2c2zdhm8qvh2hdjx9ewh00sv6eyy8 --from admin --keyring-backend test --chain-id STRIDE -y
code: 0
codespace: ""
data: ""
events: []
gas_used: "0"
gas_wanted: "0"
height: "0"
info: ""
logs: []
raw_log: '[]'
timestamp: ""
tx: null
txhash: 68EAD6A9A5B87F4FE5098C35BB9945A442383A06CAEFD1EC3CFA67CB7B329289
archway redeemed uarch
/media/usbHDD1/photov10/Photosynthesis-Dorahacks-web3-competition-winner/photosynthesisv5/photosynthesis-main/sap-with-full-liquid-stake-redemption-workflow/build/archwayd --home /media/usbHDD1/photov10/Photosynthesis-Dorahacks-web3-competition-winner/photosynthesisv5/photosynthesis-main/sap-with-full-liquid-stake-redemption-workflow/dockernet/state/photo1 q bank balances --chain-id localnet archway1n3fvgm3ck5wylx6q4tsywglg82vxflj3h8e90m
balances:
- amount: "5903537"
  denom: ibc/15CE03505E1F9891F448F53C9A06FD6C6AF9E5BE7CBB0A4B45F7BE5C9CBFC145
- amount: "10005050505"
  denom: uarch
pagination:
  next_key: null
  total: "0"
Amount after claim: 10005050505
Last line of file is: 	
Last line written to /media/usbHDD1/photov10/Photosynthesis-Dorahacks-web3-competition-winner/photosynthesisv5/photosynthesis-main/sap-with-full-liquid-stake-redemption-workflow/dockernet/logs/redeemepoch
strided binary
archwayd binary
/media/usbHDD1/photov10/Photosynthesis-Dorahacks-web3-competition-winner/photosynthesisv5/photosynthesis-main/sap-with-full-liquid-stake-redemption-workflow/dockernet/logs/enableredeemstake exists.

archway liquidity account balance
archwayd ibc transfer
/media/usbHDD1/photov10/Photosynthesis-Dorahacks-web3-competition-winner/photosynthesisv5/photosynthesis-main/sap-with-full-liquid-stake-redemption-workflow/build/archwayd --home /media/usbHDD1/photov10/Photosynthesis-Dorahacks-web3-competition-winner/photosynthesisv5/photosynthesis-main/sap-with-full-liquid-stake-redemption-workflow/dockernet/state/photo1 tx ibc-transfer transfer transfer channel-0 --chain-id localnet stride1u20df3trc2c2zdhm8qvh2hdjx9ewh00sv6eyy8 0ibc/15CE03505E1F9891F448F53C9A06FD6C6AF9E5BE7CBB0A4B45F7BE5C9CBFC145 --from pval5 --keyring-backend test -y --fees 30000uarch

strided redeem stake
/media/usbHDD1/photov10/Photosynthesis-Dorahacks-web3-competition-winner/photosynthesisv5/photosynthesis-main/sap-with-full-liquid-stake-redemption-workflow/build/strided --home /media/usbHDD1/photov10/Photosynthesis-Dorahacks-web3-competition-winner/photosynthesisv5/photosynthesis-main/sap-with-full-liquid-stake-redemption-workflow/dockernet/state/stride1 tx stakeibc redeem-stake 0 localnet archway1n3fvgm3ck5wylx6q4tsywglg82vxflj3h8e90m --from admin --keyring-backend test --chain-id STRIDE -y

archway balance uarch
/media/usbHDD1/photov10/Photosynthesis-Dorahacks-web3-competition-winner/photosynthesisv5/photosynthesis-main/sap-with-full-liquid-stake-redemption-workflow/build/archwayd --home /media/usbHDD1/photov10/Photosynthesis-Dorahacks-web3-competition-winner/photosynthesisv5/photosynthesis-main/sap-with-full-liquid-stake-redemption-workflow/dockernet/state/photo1 q bank balances --chain-id localnet archway1n3fvgm3ck5wylx6q4tsywglg82vxflj3h8e90m

list user redemption  record
/media/usbHDD1/photov10/Photosynthesis-Dorahacks-web3-competition-winner/photosynthesisv5/photosynthesis-main/sap-with-full-liquid-stake-redemption-workflow/build/strided --home /media/usbHDD1/photov10/Photosynthesis-Dorahacks-web3-competition-winner/photosynthesisv5/photosynthesis-main/sap-with-full-liquid-stake-redemption-workflow/dockernet/state/stride1 q records list-user-redemption-record -o=json

list epoch unbonding record
/media/usbHDD1/photov10/Photosynthesis-Dorahacks-web3-competition-winner/photosynthesisv5/photosynthesis-main/sap-with-full-liquid-stake-redemption-workflow/build/strided --home /media/usbHDD1/photov10/Photosynthesis-Dorahacks-web3-competition-winner/photosynthesisv5/photosynthesis-main/sap-with-full-liquid-stake-redemption-workflow/dockernet/state/stride1 q records list-epoch-unbonding-record -o=json

archway redeemed uarch
/media/usbHDD1/photov10/Photosynthesis-Dorahacks-web3-competition-winner/photosynthesisv5/photosynthesis-main/sap-with-full-liquid-stake-redemption-workflow/build/archwayd --home /media/usbHDD1/photov10/Photosynthesis-Dorahacks-web3-competition-winner/photosynthesisv5/photosynthesis-main/sap-with-full-liquid-stake-redemption-workflow/dockernet/state/photo1 q bank balances --chain-id localnet archway1n3fvgm3ck5wylx6q4tsywglg82vxflj3h8e90m

Last line of file is: 
Last line written to /media/usbHDD1/photov10/Photosynthesis-Dorahacks-web3-competition-winner/photosynthesisv5/photosynthesis-main/sap-with-full-liquid-stake-redemption-workflow/dockernet/logs/redeemepoch
strided binary
archwayd binary
/media/usbHDD1/photov10/Photosynthesis-Dorahacks-web3-competition-winner/photosynthesisv5/photosynthesis-main/sap-with-full-liquid-stake-redemption-workflow/dockernet/logs/enableredeemstake does not exist.
strided binary
archwayd binary
/media/usbHDD1/photov10/Photosynthesis-Dorahacks-web3-competition-winner/photosynthesisv5/photosynthesis-main/sap-with-full-liquid-stake-redemption-workflow/dockernet/logs/enableredeemstake does not exist.
strided binary
archwayd binary
/media/usbHDD1/photov10/Photosynthesis-Dorahacks-web3-competition-winner/photosynthesisv5/photosynthesis-main/sap-with-full-liquid-stake-redemption-workflow/dockernet/logs/enableredeemstake does not exist.
strided binary
archwayd binary
/media/usbHDD1/photov10/Photosynthesis-Dorahacks-web3-competition-winner/photosynthesisv5/photosynthesis-main/sap-with-full-liquid-stake-redemption-workflow/dockernet/logs/enableredeemstake does not exist.
strided binary
archwayd binary
/media/usbHDD1/photov10/Photosynthesis-Dorahacks-web3-competition-winner/photosynthesisv5/photosynthesis-main/sap-with-full-liquid-stake-redemption-workflow/dockernet/logs/enableredeemstake does not exist.
strided binary
archwayd binary
/media/usbHDD1/photov10/Photosynthesis-Dorahacks-web3-competition-winner/photosynthesisv5/photosynthesis-main/sap-with-full-liquid-stake-redemption-workflow/dockernet/logs/enableredeemstake does not exist.
strided binary
archwayd binary
/media/usbHDD1/photov10/Photosynthesis-Dorahacks-web3-competition-winner/photosynthesisv5/photosynthesis-main/sap-with-full-liquid-stake-redemption-workflow/dockernet/logs/enableredeemstake does not exist.
strided binary
archwayd binary
/media/usbHDD1/photov10/Photosynthesis-Dorahacks-web3-competition-winner/photosynthesisv5/photosynthesis-main/sap-with-full-liquid-stake-redemption-workflow/dockernet/logs/enableredeemstake does not exist.
strided binary
archwayd binary
/media/usbHDD1/photov10/Photosynthesis-Dorahacks-web3-competition-winner/photosynthesisv5/photosynthesis-main/sap-with-full-liquid-stake-redemption-workflow/dockernet/logs/enableredeemstake does not exist.
strided binary
archwayd binary
/media/usbHDD1/photov10/Photosynthesis-Dorahacks-web3-competition-winner/photosynthesisv5/photosynthesis-main/sap-with-full-liquid-stake-redemption-workflow/dockernet/logs/enableredeemstake does not exist.
strided binary
archwayd binary
/media/usbHDD1/photov10/Photosynthesis-Dorahacks-web3-competition-winner/photosynthesisv5/photosynthesis-main/sap-with-full-liquid-stake-redemption-workflow/dockernet/logs/enableredeemstake does not exist.
strided binary
archwayd binary
/media/usbHDD1/photov10/Photosynthesis-Dorahacks-web3-competition-winner/photosynthesisv5/photosynthesis-main/sap-with-full-liquid-stake-redemption-workflow/dockernet/logs/enableredeemstake does not exist.
strided binary
archwayd binary
/media/usbHDD1/photov10/Photosynthesis-Dorahacks-web3-competition-winner/photosynthesisv5/photosynthesis-main/sap-with-full-liquid-stake-redemption-workflow/dockernet/logs/enableredeemstake does not exist.
strided binary
archwayd binary
/media/usbHDD1/photov10/Photosynthesis-Dorahacks-web3-competition-winner/photosynthesisv5/photosynthesis-main/sap-with-full-liquid-stake-redemption-workflow/dockernet/logs/enableredeemstake does not exist.
strided binary
archwayd binary
/media/usbHDD1/photov10/Photosynthesis-Dorahacks-web3-competition-winner/photosynthesisv5/photosynthesis-main/sap-with-full-liquid-stake-redemption-workflow/dockernet/logs/enableredeemstake does not exist.
strided binary
archwayd binary
/media/usbHDD1/photov10/Photosynthesis-Dorahacks-web3-competition-winner/photosynthesisv5/photosynthesis-main/sap-with-full-liquid-stake-redemption-workflow/dockernet/logs/enableredeemstake does not exist.
strided binary
archwayd binary
/media/usbHDD1/photov10/Photosynthesis-Dorahacks-web3-competition-winner/photosynthesisv5/photosynthesis-main/sap-with-full-liquid-stake-redemption-workflow/dockernet/logs/enableredeemstake does not exist.
strided binary
archwayd binary
/media/usbHDD1/photov10/Photosynthesis-Dorahacks-web3-competition-winner/photosynthesisv5/photosynthesis-main/sap-with-full-liquid-stake-redemption-workflow/dockernet/logs/enableredeemstake does not exist.
strided binary
archwayd binary
/media/usbHDD1/photov10/Photosynthesis-Dorahacks-web3-competition-winner/photosynthesisv5/photosynthesis-main/sap-with-full-liquid-stake-redemption-workflow/dockernet/logs/enableredeemstake does not exist.
strided binary
archwayd binary
/media/usbHDD1/photov10/Photosynthesis-Dorahacks-web3-competition-winner/photosynthesisv5/photosynthesis-main/sap-with-full-liquid-stake-redemption-workflow/dockernet/logs/enableredeemstake does not exist.
strided binary
archwayd binary
/media/usbHDD1/photov10/Photosynthesis-Dorahacks-web3-competition-winner/photosynthesisv5/photosynthesis-main/sap-with-full-liquid-stake-redemption-workflow/dockernet/logs/enableredeemstake does not exist.
strided binary
archwayd binary
/media/usbHDD1/photov10/Photosynthesis-Dorahacks-web3-competition-winner/photosynthesisv5/photosynthesis-main/sap-with-full-liquid-stake-redemption-workflow/dockernet/logs/enableredeemstake does not exist.
strided binary
archwayd binary
/media/usbHDD1/photov10/Photosynthesis-Dorahacks-web3-competition-winner/photosynthesisv5/photosynthesis-main/sap-with-full-liquid-stake-redemption-workflow/dockernet/logs/enableredeemstake does not exist.
strided binary
archwayd binary
/media/usbHDD1/photov10/Photosynthesis-Dorahacks-web3-competition-winner/photosynthesisv5/photosynthesis-main/sap-with-full-liquid-stake-redemption-workflow/dockernet/logs/enableredeemstake does not exist.
strided binary
archwayd binary
/media/usbHDD1/photov10/Photosynthesis-Dorahacks-web3-competition-winner/photosynthesisv5/photosynthesis-main/sap-with-full-liquid-stake-redemption-workflow/dockernet/logs/enableredeemstake does not exist.
strided binary
archwayd binary
/media/usbHDD1/photov10/Photosynthesis-Dorahacks-web3-competition-winner/photosynthesisv5/photosynthesis-main/sap-with-full-liquid-stake-redemption-workflow/dockernet/logs/enableredeemstake does not exist.
strided binary
archwayd binary
/media/usbHDD1/photov10/Photosynthesis-Dorahacks-web3-competition-winner/photosynthesisv5/photosynthesis-main/sap-with-full-liquid-stake-redemption-workflow/dockernet/logs/enableredeemstake does not exist.
strided binary
archwayd binary
/media/usbHDD1/photov10/Photosynthesis-Dorahacks-web3-competition-winner/photosynthesisv5/photosynthesis-main/sap-with-full-liquid-stake-redemption-workflow/dockernet/logs/enableredeemstake does not exist.
strided binary
archwayd binary
/media/usbHDD1/photov10/Photosynthesis-Dorahacks-web3-competition-winner/photosynthesisv5/photosynthesis-main/sap-with-full-liquid-stake-redemption-workflow/dockernet/logs/enableredeemstake does not exist.
strided binary
archwayd binary
/media/usbHDD1/photov10/Photosynthesis-Dorahacks-web3-competition-winner/photosynthesisv5/photosynthesis-main/sap-with-full-liquid-stake-redemption-workflow/dockernet/logs/enableredeemstake does not exist.
strided binary
archwayd binary
/media/usbHDD1/photov10/Photosynthesis-Dorahacks-web3-competition-winner/photosynthesisv5/photosynthesis-main/sap-with-full-liquid-stake-redemption-workflow/dockernet/logs/enableredeemstake does not exist.
strided binary
archwayd binary
/media/usbHDD1/photov10/Photosynthesis-Dorahacks-web3-competition-winner/photosynthesisv5/photosynthesis-main/sap-with-full-liquid-stake-redemption-workflow/dockernet/logs/enableredeemstake does not exist.
strided binary
archwayd binary
/media/usbHDD1/photov10/Photosynthesis-Dorahacks-web3-competition-winner/photosynthesisv5/photosynthesis-main/sap-with-full-liquid-stake-redemption-workflow/dockernet/logs/enableredeemstake does not exist.
strided binary
archwayd binary
/media/usbHDD1/photov10/Photosynthesis-Dorahacks-web3-competition-winner/photosynthesisv5/photosynthesis-main/sap-with-full-liquid-stake-redemption-workflow/dockernet/logs/enableredeemstake does not exist.
strided binary
archwayd binary
/media/usbHDD1/photov10/Photosynthesis-Dorahacks-web3-competition-winner/photosynthesisv5/photosynthesis-main/sap-with-full-liquid-stake-redemption-workflow/dockernet/logs/enableredeemstake does not exist.
strided binary
archwayd binary
/media/usbHDD1/photov10/Photosynthesis-Dorahacks-web3-competition-winner/photosynthesisv5/photosynthesis-main/sap-with-full-liquid-stake-redemption-workflow/dockernet/logs/enableredeemstake does not exist.
strided binary
archwayd binary
/media/usbHDD1/photov10/Photosynthesis-Dorahacks-web3-competition-winner/photosynthesisv5/photosynthesis-main/sap-with-full-liquid-stake-redemption-workflow/dockernet/logs/enableredeemstake does not exist.
strided binary
archwayd binary
/media/usbHDD1/photov10/Photosynthesis-Dorahacks-web3-competition-winner/photosynthesisv5/photosynthesis-main/sap-with-full-liquid-stake-redemption-workflow/dockernet/logs/enableredeemstake does not exist.
strided binary
archwayd binary
/media/usbHDD1/photov10/Photosynthesis-Dorahacks-web3-competition-winner/photosynthesisv5/photosynthesis-main/sap-with-full-liquid-stake-redemption-workflow/dockernet/logs/enableredeemstake does not exist.
strided binary
archwayd binary
/media/usbHDD1/photov10/Photosynthesis-Dorahacks-web3-competition-winner/photosynthesisv5/photosynthesis-main/sap-with-full-liquid-stake-redemption-workflow/dockernet/logs/enableredeemstake does not exist.
strided binary
archwayd binary
/media/usbHDD1/photov10/Photosynthesis-Dorahacks-web3-competition-winner/photosynthesisv5/photosynthesis-main/sap-with-full-liquid-stake-redemption-workflow/dockernet/logs/enableredeemstake does not exist.
strided binary
archwayd binary
/media/usbHDD1/photov10/Photosynthesis-Dorahacks-web3-competition-winner/photosynthesisv5/photosynthesis-main/sap-with-full-liquid-stake-redemption-workflow/dockernet/logs/enableredeemstake does not exist.
strided binary
archwayd binary
/media/usbHDD1/photov10/Photosynthesis-Dorahacks-web3-competition-winner/photosynthesisv5/photosynthesis-main/sap-with-full-liquid-stake-redemption-workflow/dockernet/logs/enableredeemstake does not exist.
strided binary
archwayd binary
/media/usbHDD1/photov10/Photosynthesis-Dorahacks-web3-competition-winner/photosynthesisv5/photosynthesis-main/sap-with-full-liquid-stake-redemption-workflow/dockernet/logs/enableredeemstake does not exist.
strided binary
archwayd binary
/media/usbHDD1/photov10/Photosynthesis-Dorahacks-web3-competition-winner/photosynthesisv5/photosynthesis-main/sap-with-full-liquid-stake-redemption-workflow/dockernet/logs/enableredeemstake does not exist.
strided binary
archwayd binary
/media/usbHDD1/photov10/Photosynthesis-Dorahacks-web3-competition-winner/photosynthesisv5/photosynthesis-main/sap-with-full-liquid-stake-redemption-workflow/dockernet/logs/enableredeemstake does not exist.
strided binary
archwayd binary
/media/usbHDD1/photov10/Photosynthesis-Dorahacks-web3-competition-winner/photosynthesisv5/photosynthesis-main/sap-with-full-liquid-stake-redemption-workflow/dockernet/logs/enableredeemstake does not exist.
strided binary
archwayd binary
/media/usbHDD1/photov10/Photosynthesis-Dorahacks-web3-competition-winner/photosynthesisv5/photosynthesis-main/sap-with-full-liquid-stake-redemption-workflow/dockernet/logs/enableredeemstake does not exist.
strided binary
archwayd binary
/media/usbHDD1/photov10/Photosynthesis-Dorahacks-web3-competition-winner/photosynthesisv5/photosynthesis-main/sap-with-full-liquid-stake-redemption-workflow/dockernet/logs/enableredeemstake does not exist.
strided binary
archwayd binary
/media/usbHDD1/photov10/Photosynthesis-Dorahacks-web3-competition-winner/photosynthesisv5/photosynthesis-main/sap-with-full-liquid-stake-redemption-workflow/dockernet/logs/enableredeemstake does not exist.
strided binary
archwayd binary
/media/usbHDD1/photov10/Photosynthesis-Dorahacks-web3-competition-winner/photosynthesisv5/photosynthesis-main/sap-with-full-liquid-stake-redemption-workflow/dockernet/logs/enableredeemstake does not exist.
strided binary
archwayd binary
/media/usbHDD1/photov10/Photosynthesis-Dorahacks-web3-competition-winner/photosynthesisv5/photosynthesis-main/sap-with-full-liquid-stake-redemption-workflow/dockernet/logs/enableredeemstake does not exist.
strided binary
archwayd binary
/media/usbHDD1/photov10/Photosynthesis-Dorahacks-web3-competition-winner/photosynthesisv5/photosynthesis-main/sap-with-full-liquid-stake-redemption-workflow/dockernet/logs/enableredeemstake does not exist.
strided binary
archwayd binary
/media/usbHDD1/photov10/Photosynthesis-Dorahacks-web3-competition-winner/photosynthesisv5/photosynthesis-main/sap-with-full-liquid-stake-redemption-workflow/dockernet/logs/enableredeemstake does not exist.
strided binary
archwayd binary
/media/usbHDD1/photov10/Photosynthesis-Dorahacks-web3-competition-winner/photosynthesisv5/photosynthesis-main/sap-with-full-liquid-stake-redemption-workflow/dockernet/logs/enableredeemstake does not exist.
