STRIDE @ 116 | 3 VALS
GAIA   @ 176 | 1 VALS

LIST-HOST-ZONES STRIDE
host_zone:
- address: stride1755g4dkhpw73gz9h9nwhlcefc6sdf8kcmvcwrk4rxfrz8xpxxjms7savm8
  bech32prefix: cosmos
  blacklisted_validators: []
  chain_id: GAIA
  connection_id: connection-0
  delegation_account: null
  fee_account: null
  halted: false
  host_denom: uatom
  ibc_denom: ibc/27394FB092D2ECCD56123C74F36E4C1F926001CEADA9CA97EA622B25F41E5EB2
  last_redemption_rate: "1.000000000000000000"
  max_redemption_rate: "1.500000000000000000"
  min_redemption_rate: "0.900000000000000000"
  redemption_account: null
  redemption_rate: "1.000000000000000000"
  staked_bal: "0"
  transfer_channel_id: channel-0
  unbonding_frequency: "1"
  validators:
  - address: cosmosvaloper1uk4ze0x4nvh4fk0xm4jdud58eqn4yxhrdt795p
    delegation_amt: "0"
    internal_exchange_rate: null
    name: gval1
    weight: "5"
  withdrawal_account: null
pagination:
  next_key: null
  total: "0"

LIST-DEPOSIT-RECORDS
deposit_record:
- amount: "0"
  denom: uatom
  deposit_epoch_number: "6"
  host_zone_id: GAIA
  id: "1"
  source: STRIDE
  status: TRANSFER_QUEUE
pagination:
  next_key: null
  total: "0"

LIST-EPOCH-UNBONDING-RECORDS
epoch_unbonding_record:
- epoch_number: "3"
  host_zone_unbondings:
  - denom: uatom
    host_zone_id: GAIA
    native_token_amount: "0"
    st_token_amount: "0"
    status: UNBONDING_QUEUE
    unbonding_time: "0"
    user_redemption_records: []
pagination:
  next_key: null
  total: "0"

LIST-USER-REDEMPTION-RECORDS
pagination:
  next_key: null
  total: "0"
user_redemption_record: []
