strided binary
archwayd binary
/media/usbHDD1/photov10/Photosynthesis-Dorahacks-web3-competition-winner/photosynthesisv5/photosynthesis-main/sap-with-full-liquid-stake-redemption-workflow/build/archwayd --home /media/usbHDD1/photov10/Photosynthesis-Dorahacks-web3-competition-winner/photosynthesisv5/photosynthesis-main/sap-with-full-liquid-stake-redemption-workflow/dockernet/state/photo1  tx bank send  archway14zd6utea6u2zy5pd2yecphz8j9ydsq7x7qc8fu archway14scfhuect675c5lcve8lsu23c2azzx0lnckw35 1000000uarch --from pval4 --keyring-backend=test --chain-id localnet --fees 17000uarch -y
code: 0
codespace: ""
data: ""
events: []
gas_used: "0"
gas_wanted: "0"
height: "0"
info: ""
logs: []
raw_log: '[]'
timestamp: ""
tx: null
txhash: BE513E696D79C32EF1339FE5D7A96D83115CDA5F92EAC4CA1F45046A5D192E86
strided binary
archwayd binary
/media/usbHDD1/photov10/Photosynthesis-Dorahacks-web3-competition-winner/photosynthesisv5/photosynthesis-main/sap-with-full-liquid-stake-redemption-workflow/build/archwayd --home /media/usbHDD1/photov10/Photosynthesis-Dorahacks-web3-competition-winner/photosynthesisv5/photosynthesis-main/sap-with-full-liquid-stake-redemption-workflow/dockernet/state/photo1  tx bank send  archway14zd6utea6u2zy5pd2yecphz8j9ydsq7x7qc8fu archway14scfhuect675c5lcve8lsu23c2azzx0lnckw35 1000000uarch --from pval4 --keyring-backend=test --chain-id localnet --fees 17000uarch -y
code: 0
codespace: ""
data: ""
events: []
gas_used: "0"
gas_wanted: "0"
height: "0"
info: ""
logs: []
raw_log: '[]'
timestamp: ""
tx: null
txhash: 57E07214D138F322542DC69C8D7D95AC67C8AE78D2FEAC99B6D29F6700976049
strided binary
archwayd binary
/media/usbHDD1/photov10/Photosynthesis-Dorahacks-web3-competition-winner/photosynthesisv5/photosynthesis-main/sap-with-full-liquid-stake-redemption-workflow/build/archwayd --home /media/usbHDD1/photov10/Photosynthesis-Dorahacks-web3-competition-winner/photosynthesisv5/photosynthesis-main/sap-with-full-liquid-stake-redemption-workflow/dockernet/state/photo1  tx bank send  archway14zd6utea6u2zy5pd2yecphz8j9ydsq7x7qc8fu archway14scfhuect675c5lcve8lsu23c2azzx0lnckw35 1000000uarch --from pval4 --keyring-backend=test --chain-id localnet --fees 17000uarch -y
code: 0
codespace: ""
data: ""
events: []
gas_used: "0"
gas_wanted: "0"
height: "0"
info: ""
logs: []
raw_log: '[]'
timestamp: ""
tx: null
txhash: 8D454430375BB88B61FC236648ECA59D4EA9A81F01A9A65EDEFD47E1676EF2FA
strided binary
archwayd binary
/media/usbHDD1/photov10/Photosynthesis-Dorahacks-web3-competition-winner/photosynthesisv5/photosynthesis-main/sap-with-full-liquid-stake-redemption-workflow/build/archwayd --home /media/usbHDD1/photov10/Photosynthesis-Dorahacks-web3-competition-winner/photosynthesisv5/photosynthesis-main/sap-with-full-liquid-stake-redemption-workflow/dockernet/state/photo1  tx bank send  archway14zd6utea6u2zy5pd2yecphz8j9ydsq7x7qc8fu archway14scfhuect675c5lcve8lsu23c2azzx0lnckw35 1000000uarch --from pval4 --keyring-backend=test --chain-id localnet --fees 17000uarch -y
code: 0
codespace: ""
data: ""
events: []
gas_used: "0"
gas_wanted: "0"
height: "0"
info: ""
logs: []
raw_log: '[]'
timestamp: ""
tx: null
txhash: 69A200C228587650A6061934538F730E02E818342286942016876311F2A18926
strided binary
archwayd binary
/media/usbHDD1/photov10/Photosynthesis-Dorahacks-web3-competition-winner/photosynthesisv5/photosynthesis-main/sap-with-full-liquid-stake-redemption-workflow/build/archwayd --home /media/usbHDD1/photov10/Photosynthesis-Dorahacks-web3-competition-winner/photosynthesisv5/photosynthesis-main/sap-with-full-liquid-stake-redemption-workflow/dockernet/state/photo1  tx bank send  archway14zd6utea6u2zy5pd2yecphz8j9ydsq7x7qc8fu archway14scfhuect675c5lcve8lsu23c2azzx0lnckw35 1000000uarch --from pval4 --keyring-backend=test --chain-id localnet --fees 17000uarch -y
code: 0
codespace: ""
data: ""
events: []
gas_used: "0"
gas_wanted: "0"
height: "0"
info: ""
logs: []
raw_log: '[]'
timestamp: ""
tx: null
txhash: 7F76798B677C0D7258B45CB0AB61669522549BF0AF2F57129488A5343496CD37
strided binary
archwayd binary
/media/usbHDD1/photov10/Photosynthesis-Dorahacks-web3-competition-winner/photosynthesisv5/photosynthesis-main/sap-with-full-liquid-stake-redemption-workflow/build/archwayd --home /media/usbHDD1/photov10/Photosynthesis-Dorahacks-web3-competition-winner/photosynthesisv5/photosynthesis-main/sap-with-full-liquid-stake-redemption-workflow/dockernet/state/photo1  tx bank send  archway14zd6utea6u2zy5pd2yecphz8j9ydsq7x7qc8fu archway14scfhuect675c5lcve8lsu23c2azzx0lnckw35 1000000uarch --from pval4 --keyring-backend=test --chain-id localnet --fees 17000uarch -y
code: 0
codespace: ""
data: ""
events: []
gas_used: "0"
gas_wanted: "0"
height: "0"
info: ""
logs: []
raw_log: '[]'
timestamp: ""
tx: null
txhash: 226E4BA32B6CA0710479A0D267D31477E57327035860F1B58AFC3583B700F882
strided binary
archwayd binary
/media/usbHDD1/photov10/Photosynthesis-Dorahacks-web3-competition-winner/photosynthesisv5/photosynthesis-main/sap-with-full-liquid-stake-redemption-workflow/build/archwayd --home /media/usbHDD1/photov10/Photosynthesis-Dorahacks-web3-competition-winner/photosynthesisv5/photosynthesis-main/sap-with-full-liquid-stake-redemption-workflow/dockernet/state/photo1  tx bank send  archway14zd6utea6u2zy5pd2yecphz8j9ydsq7x7qc8fu archway14scfhuect675c5lcve8lsu23c2azzx0lnckw35 1000000uarch --from pval4 --keyring-backend=test --chain-id localnet --fees 17000uarch -y
code: 0
codespace: ""
data: ""
events: []
gas_used: "0"
gas_wanted: "0"
height: "0"
info: ""
logs: []
raw_log: '[]'
timestamp: ""
tx: null
txhash: 01E6EB470B7373B6714472797B0EA11022B81255C54E17D8F33895765BCB3DA7
strided binary
archwayd binary
/media/usbHDD1/photov10/Photosynthesis-Dorahacks-web3-competition-winner/photosynthesisv5/photosynthesis-main/sap-with-full-liquid-stake-redemption-workflow/build/archwayd --home /media/usbHDD1/photov10/Photosynthesis-Dorahacks-web3-competition-winner/photosynthesisv5/photosynthesis-main/sap-with-full-liquid-stake-redemption-workflow/dockernet/state/photo1  tx bank send  archway14zd6utea6u2zy5pd2yecphz8j9ydsq7x7qc8fu archway14scfhuect675c5lcve8lsu23c2azzx0lnckw35 1000000uarch --from pval4 --keyring-backend=test --chain-id localnet --fees 17000uarch -y
code: 0
codespace: ""
data: ""
events: []
gas_used: "0"
gas_wanted: "0"
height: "0"
info: ""
logs: []
raw_log: '[]'
timestamp: ""
tx: null
txhash: D242EF548A0975E5B154C592B8739D5DF83A74FD08835EE31A67716BEB0D36C3
strided binary
archwayd binary
/media/usbHDD1/photov10/Photosynthesis-Dorahacks-web3-competition-winner/photosynthesisv5/photosynthesis-main/sap-with-full-liquid-stake-redemption-workflow/build/archwayd --home /media/usbHDD1/photov10/Photosynthesis-Dorahacks-web3-competition-winner/photosynthesisv5/photosynthesis-main/sap-with-full-liquid-stake-redemption-workflow/dockernet/state/photo1  tx bank send  archway14zd6utea6u2zy5pd2yecphz8j9ydsq7x7qc8fu archway14scfhuect675c5lcve8lsu23c2azzx0lnckw35 1000000uarch --from pval4 --keyring-backend=test --chain-id localnet --fees 17000uarch -y
code: 0
codespace: ""
data: ""
events: []
gas_used: "0"
gas_wanted: "0"
height: "0"
info: ""
logs: []
raw_log: '[]'
timestamp: ""
tx: null
txhash: 76916A2B9677F2A136385D2BBFD40BA01A685F21934F700CE0F6B09F2772196B
strided binary
archwayd binary
/media/usbHDD1/photov10/Photosynthesis-Dorahacks-web3-competition-winner/photosynthesisv5/photosynthesis-main/sap-with-full-liquid-stake-redemption-workflow/build/archwayd --home /media/usbHDD1/photov10/Photosynthesis-Dorahacks-web3-competition-winner/photosynthesisv5/photosynthesis-main/sap-with-full-liquid-stake-redemption-workflow/dockernet/state/photo1  tx bank send  archway14zd6utea6u2zy5pd2yecphz8j9ydsq7x7qc8fu archway14scfhuect675c5lcve8lsu23c2azzx0lnckw35 1000000uarch --from pval4 --keyring-backend=test --chain-id localnet --fees 17000uarch -y

strided binary
archwayd binary
/media/usbHDD1/photov10/Photosynthesis-Dorahacks-web3-competition-winner/photosynthesisv5/photosynthesis-main/sap-with-full-liquid-stake-redemption-workflow/build/archwayd --home /media/usbHDD1/photov10/Photosynthesis-Dorahacks-web3-competition-winner/photosynthesisv5/photosynthesis-main/sap-with-full-liquid-stake-redemption-workflow/dockernet/state/photo1  tx bank send  archway14zd6utea6u2zy5pd2yecphz8j9ydsq7x7qc8fu archway14scfhuect675c5lcve8lsu23c2azzx0lnckw35 1000000uarch --from pval4 --keyring-backend=test --chain-id localnet --fees 17000uarch -y

strided binary
archwayd binary
/media/usbHDD1/photov10/Photosynthesis-Dorahacks-web3-competition-winner/photosynthesisv5/photosynthesis-main/sap-with-full-liquid-stake-redemption-workflow/build/archwayd --home /media/usbHDD1/photov10/Photosynthesis-Dorahacks-web3-competition-winner/photosynthesisv5/photosynthesis-main/sap-with-full-liquid-stake-redemption-workflow/dockernet/state/photo1  tx bank send  archway14zd6utea6u2zy5pd2yecphz8j9ydsq7x7qc8fu archway14scfhuect675c5lcve8lsu23c2azzx0lnckw35 1000000uarch --from pval4 --keyring-backend=test --chain-id localnet --fees 17000uarch -y

strided binary
archwayd binary
/media/usbHDD1/photov10/Photosynthesis-Dorahacks-web3-competition-winner/photosynthesisv5/photosynthesis-main/sap-with-full-liquid-stake-redemption-workflow/build/archwayd --home /media/usbHDD1/photov10/Photosynthesis-Dorahacks-web3-competition-winner/photosynthesisv5/photosynthesis-main/sap-with-full-liquid-stake-redemption-workflow/dockernet/state/photo1  tx bank send  archway14zd6utea6u2zy5pd2yecphz8j9ydsq7x7qc8fu archway14scfhuect675c5lcve8lsu23c2azzx0lnckw35 1000000uarch --from pval4 --keyring-backend=test --chain-id localnet --fees 17000uarch -y

strided binary
archwayd binary
/media/usbHDD1/photov10/Photosynthesis-Dorahacks-web3-competition-winner/photosynthesisv5/photosynthesis-main/sap-with-full-liquid-stake-redemption-workflow/build/archwayd --home /media/usbHDD1/photov10/Photosynthesis-Dorahacks-web3-competition-winner/photosynthesisv5/photosynthesis-main/sap-with-full-liquid-stake-redemption-workflow/dockernet/state/photo1  tx bank send  archway14zd6utea6u2zy5pd2yecphz8j9ydsq7x7qc8fu archway14scfhuect675c5lcve8lsu23c2azzx0lnckw35 1000000uarch --from pval4 --keyring-backend=test --chain-id localnet --fees 17000uarch -y

strided binary
archwayd binary
/media/usbHDD1/photov10/Photosynthesis-Dorahacks-web3-competition-winner/photosynthesisv5/photosynthesis-main/sap-with-full-liquid-stake-redemption-workflow/build/archwayd --home /media/usbHDD1/photov10/Photosynthesis-Dorahacks-web3-competition-winner/photosynthesisv5/photosynthesis-main/sap-with-full-liquid-stake-redemption-workflow/dockernet/state/photo1  tx bank send  archway14zd6utea6u2zy5pd2yecphz8j9ydsq7x7qc8fu archway14scfhuect675c5lcve8lsu23c2azzx0lnckw35 1000000uarch --from pval4 --keyring-backend=test --chain-id localnet --fees 17000uarch -y

strided binary
archwayd binary
/media/usbHDD1/photov10/Photosynthesis-Dorahacks-web3-competition-winner/photosynthesisv5/photosynthesis-main/sap-with-full-liquid-stake-redemption-workflow/build/archwayd --home /media/usbHDD1/photov10/Photosynthesis-Dorahacks-web3-competition-winner/photosynthesisv5/photosynthesis-main/sap-with-full-liquid-stake-redemption-workflow/dockernet/state/photo1  tx bank send  archway14zd6utea6u2zy5pd2yecphz8j9ydsq7x7qc8fu archway14scfhuect675c5lcve8lsu23c2azzx0lnckw35 1000000uarch --from pval4 --keyring-backend=test --chain-id localnet --fees 17000uarch -y

strided binary
archwayd binary
/media/usbHDD1/photov10/Photosynthesis-Dorahacks-web3-competition-winner/photosynthesisv5/photosynthesis-main/sap-with-full-liquid-stake-redemption-workflow/build/archwayd --home /media/usbHDD1/photov10/Photosynthesis-Dorahacks-web3-competition-winner/photosynthesisv5/photosynthesis-main/sap-with-full-liquid-stake-redemption-workflow/dockernet/state/photo1  tx bank send  archway14zd6utea6u2zy5pd2yecphz8j9ydsq7x7qc8fu archway14scfhuect675c5lcve8lsu23c2azzx0lnckw35 1000000uarch --from pval4 --keyring-backend=test --chain-id localnet --fees 17000uarch -y

strided binary
archwayd binary
/media/usbHDD1/photov10/Photosynthesis-Dorahacks-web3-competition-winner/photosynthesisv5/photosynthesis-main/sap-with-full-liquid-stake-redemption-workflow/build/archwayd --home /media/usbHDD1/photov10/Photosynthesis-Dorahacks-web3-competition-winner/photosynthesisv5/photosynthesis-main/sap-with-full-liquid-stake-redemption-workflow/dockernet/state/photo1  tx bank send  archway14zd6utea6u2zy5pd2yecphz8j9ydsq7x7qc8fu archway14scfhuect675c5lcve8lsu23c2azzx0lnckw35 1000000uarch --from pval4 --keyring-backend=test --chain-id localnet --fees 17000uarch -y

strided binary
archwayd binary
/media/usbHDD1/photov10/Photosynthesis-Dorahacks-web3-competition-winner/photosynthesisv5/photosynthesis-main/sap-with-full-liquid-stake-redemption-workflow/build/archwayd --home /media/usbHDD1/photov10/Photosynthesis-Dorahacks-web3-competition-winner/photosynthesisv5/photosynthesis-main/sap-with-full-liquid-stake-redemption-workflow/dockernet/state/photo1  tx bank send  archway14zd6utea6u2zy5pd2yecphz8j9ydsq7x7qc8fu archway14scfhuect675c5lcve8lsu23c2azzx0lnckw35 1000000uarch --from pval4 --keyring-backend=test --chain-id localnet --fees 17000uarch -y

strided binary
archwayd binary
/media/usbHDD1/photov10/Photosynthesis-Dorahacks-web3-competition-winner/photosynthesisv5/photosynthesis-main/sap-with-full-liquid-stake-redemption-workflow/build/archwayd --home /media/usbHDD1/photov10/Photosynthesis-Dorahacks-web3-competition-winner/photosynthesisv5/photosynthesis-main/sap-with-full-liquid-stake-redemption-workflow/dockernet/state/photo1  tx bank send  archway14zd6utea6u2zy5pd2yecphz8j9ydsq7x7qc8fu archway14scfhuect675c5lcve8lsu23c2azzx0lnckw35 1000000uarch --from pval4 --keyring-backend=test --chain-id localnet --fees 17000uarch -y

strided binary
archwayd binary
/media/usbHDD1/photov10/Photosynthesis-Dorahacks-web3-competition-winner/photosynthesisv5/photosynthesis-main/sap-with-full-liquid-stake-redemption-workflow/build/archwayd --home /media/usbHDD1/photov10/Photosynthesis-Dorahacks-web3-competition-winner/photosynthesisv5/photosynthesis-main/sap-with-full-liquid-stake-redemption-workflow/dockernet/state/photo1  tx bank send  archway14zd6utea6u2zy5pd2yecphz8j9ydsq7x7qc8fu archway14scfhuect675c5lcve8lsu23c2azzx0lnckw35 1000000uarch --from pval4 --keyring-backend=test --chain-id localnet --fees 17000uarch -y

strided binary
archwayd binary
/media/usbHDD1/photov10/Photosynthesis-Dorahacks-web3-competition-winner/photosynthesisv5/photosynthesis-main/sap-with-full-liquid-stake-redemption-workflow/build/archwayd --home /media/usbHDD1/photov10/Photosynthesis-Dorahacks-web3-competition-winner/photosynthesisv5/photosynthesis-main/sap-with-full-liquid-stake-redemption-workflow/dockernet/state/photo1  tx bank send  archway14zd6utea6u2zy5pd2yecphz8j9ydsq7x7qc8fu archway14scfhuect675c5lcve8lsu23c2azzx0lnckw35 1000000uarch --from pval4 --keyring-backend=test --chain-id localnet --fees 17000uarch -y

strided binary
archwayd binary
/media/usbHDD1/photov10/Photosynthesis-Dorahacks-web3-competition-winner/photosynthesisv5/photosynthesis-main/sap-with-full-liquid-stake-redemption-workflow/build/archwayd --home /media/usbHDD1/photov10/Photosynthesis-Dorahacks-web3-competition-winner/photosynthesisv5/photosynthesis-main/sap-with-full-liquid-stake-redemption-workflow/dockernet/state/photo1  tx bank send  archway14zd6utea6u2zy5pd2yecphz8j9ydsq7x7qc8fu archway14scfhuect675c5lcve8lsu23c2azzx0lnckw35 1000000uarch --from pval4 --keyring-backend=test --chain-id localnet --fees 17000uarch -y

strided binary
archwayd binary
/media/usbHDD1/photov10/Photosynthesis-Dorahacks-web3-competition-winner/photosynthesisv5/photosynthesis-main/sap-with-full-liquid-stake-redemption-workflow/build/archwayd --home /media/usbHDD1/photov10/Photosynthesis-Dorahacks-web3-competition-winner/photosynthesisv5/photosynthesis-main/sap-with-full-liquid-stake-redemption-workflow/dockernet/state/photo1  tx bank send  archway14zd6utea6u2zy5pd2yecphz8j9ydsq7x7qc8fu archway14scfhuect675c5lcve8lsu23c2azzx0lnckw35 1000000uarch --from pval4 --keyring-backend=test --chain-id localnet --fees 17000uarch -y

strided binary
archwayd binary
/media/usbHDD1/photov10/Photosynthesis-Dorahacks-web3-competition-winner/photosynthesisv5/photosynthesis-main/sap-with-full-liquid-stake-redemption-workflow/build/archwayd --home /media/usbHDD1/photov10/Photosynthesis-Dorahacks-web3-competition-winner/photosynthesisv5/photosynthesis-main/sap-with-full-liquid-stake-redemption-workflow/dockernet/state/photo1  tx bank send  archway14zd6utea6u2zy5pd2yecphz8j9ydsq7x7qc8fu archway14scfhuect675c5lcve8lsu23c2azzx0lnckw35 1000000uarch --from pval4 --keyring-backend=test --chain-id localnet --fees 17000uarch -y

strided binary
archwayd binary
/media/usbHDD1/photov10/Photosynthesis-Dorahacks-web3-competition-winner/photosynthesisv5/photosynthesis-main/sap-with-full-liquid-stake-redemption-workflow/build/archwayd --home /media/usbHDD1/photov10/Photosynthesis-Dorahacks-web3-competition-winner/photosynthesisv5/photosynthesis-main/sap-with-full-liquid-stake-redemption-workflow/dockernet/state/photo1  tx bank send  archway14zd6utea6u2zy5pd2yecphz8j9ydsq7x7qc8fu archway14scfhuect675c5lcve8lsu23c2azzx0lnckw35 1000000uarch --from pval4 --keyring-backend=test --chain-id localnet --fees 17000uarch -y

strided binary
archwayd binary
/media/usbHDD1/photov10/Photosynthesis-Dorahacks-web3-competition-winner/photosynthesisv5/photosynthesis-main/sap-with-full-liquid-stake-redemption-workflow/build/archwayd --home /media/usbHDD1/photov10/Photosynthesis-Dorahacks-web3-competition-winner/photosynthesisv5/photosynthesis-main/sap-with-full-liquid-stake-redemption-workflow/dockernet/state/photo1  tx bank send  archway14zd6utea6u2zy5pd2yecphz8j9ydsq7x7qc8fu archway14scfhuect675c5lcve8lsu23c2azzx0lnckw35 1000000uarch --from pval4 --keyring-backend=test --chain-id localnet --fees 17000uarch -y

strided binary
archwayd binary
/media/usbHDD1/photov10/Photosynthesis-Dorahacks-web3-competition-winner/photosynthesisv5/photosynthesis-main/sap-with-full-liquid-stake-redemption-workflow/build/archwayd --home /media/usbHDD1/photov10/Photosynthesis-Dorahacks-web3-competition-winner/photosynthesisv5/photosynthesis-main/sap-with-full-liquid-stake-redemption-workflow/dockernet/state/photo1  tx bank send  archway14zd6utea6u2zy5pd2yecphz8j9ydsq7x7qc8fu archway14scfhuect675c5lcve8lsu23c2azzx0lnckw35 1000000uarch --from pval4 --keyring-backend=test --chain-id localnet --fees 17000uarch -y

strided binary
archwayd binary
/media/usbHDD1/photov10/Photosynthesis-Dorahacks-web3-competition-winner/photosynthesisv5/photosynthesis-main/sap-with-full-liquid-stake-redemption-workflow/build/archwayd --home /media/usbHDD1/photov10/Photosynthesis-Dorahacks-web3-competition-winner/photosynthesisv5/photosynthesis-main/sap-with-full-liquid-stake-redemption-workflow/dockernet/state/photo1  tx bank send  archway14zd6utea6u2zy5pd2yecphz8j9ydsq7x7qc8fu archway14scfhuect675c5lcve8lsu23c2azzx0lnckw35 1000000uarch --from pval4 --keyring-backend=test --chain-id localnet --fees 17000uarch -y

strided binary
archwayd binary
/media/usbHDD1/photov10/Photosynthesis-Dorahacks-web3-competition-winner/photosynthesisv5/photosynthesis-main/sap-with-full-liquid-stake-redemption-workflow/build/archwayd --home /media/usbHDD1/photov10/Photosynthesis-Dorahacks-web3-competition-winner/photosynthesisv5/photosynthesis-main/sap-with-full-liquid-stake-redemption-workflow/dockernet/state/photo1  tx bank send  archway14zd6utea6u2zy5pd2yecphz8j9ydsq7x7qc8fu archway14scfhuect675c5lcve8lsu23c2azzx0lnckw35 1000000uarch --from pval4 --keyring-backend=test --chain-id localnet --fees 17000uarch -y

strided binary
archwayd binary
/media/usbHDD1/photov10/Photosynthesis-Dorahacks-web3-competition-winner/photosynthesisv5/photosynthesis-main/sap-with-full-liquid-stake-redemption-workflow/build/archwayd --home /media/usbHDD1/photov10/Photosynthesis-Dorahacks-web3-competition-winner/photosynthesisv5/photosynthesis-main/sap-with-full-liquid-stake-redemption-workflow/dockernet/state/photo1  tx bank send  archway14zd6utea6u2zy5pd2yecphz8j9ydsq7x7qc8fu archway14scfhuect675c5lcve8lsu23c2azzx0lnckw35 1000000uarch --from pval4 --keyring-backend=test --chain-id localnet --fees 17000uarch -y

strided binary
archwayd binary
/media/usbHDD1/photov10/Photosynthesis-Dorahacks-web3-competition-winner/photosynthesisv5/photosynthesis-main/sap-with-full-liquid-stake-redemption-workflow/build/archwayd --home /media/usbHDD1/photov10/Photosynthesis-Dorahacks-web3-competition-winner/photosynthesisv5/photosynthesis-main/sap-with-full-liquid-stake-redemption-workflow/dockernet/state/photo1  tx bank send  archway14zd6utea6u2zy5pd2yecphz8j9ydsq7x7qc8fu archway14scfhuect675c5lcve8lsu23c2azzx0lnckw35 1000000uarch --from pval4 --keyring-backend=test --chain-id localnet --fees 17000uarch -y

strided binary
archwayd binary
/media/usbHDD1/photov10/Photosynthesis-Dorahacks-web3-competition-winner/photosynthesisv5/photosynthesis-main/sap-with-full-liquid-stake-redemption-workflow/build/archwayd --home /media/usbHDD1/photov10/Photosynthesis-Dorahacks-web3-competition-winner/photosynthesisv5/photosynthesis-main/sap-with-full-liquid-stake-redemption-workflow/dockernet/state/photo1  tx bank send  archway14zd6utea6u2zy5pd2yecphz8j9ydsq7x7qc8fu archway14scfhuect675c5lcve8lsu23c2azzx0lnckw35 1000000uarch --from pval4 --keyring-backend=test --chain-id localnet --fees 17000uarch -y

strided binary
archwayd binary
/media/usbHDD1/photov10/Photosynthesis-Dorahacks-web3-competition-winner/photosynthesisv5/photosynthesis-main/sap-with-full-liquid-stake-redemption-workflow/build/archwayd --home /media/usbHDD1/photov10/Photosynthesis-Dorahacks-web3-competition-winner/photosynthesisv5/photosynthesis-main/sap-with-full-liquid-stake-redemption-workflow/dockernet/state/photo1  tx bank send  archway14zd6utea6u2zy5pd2yecphz8j9ydsq7x7qc8fu archway14scfhuect675c5lcve8lsu23c2azzx0lnckw35 1000000uarch --from pval4 --keyring-backend=test --chain-id localnet --fees 17000uarch -y

strided binary
archwayd binary
/media/usbHDD1/photov10/Photosynthesis-Dorahacks-web3-competition-winner/photosynthesisv5/photosynthesis-main/sap-with-full-liquid-stake-redemption-workflow/build/archwayd --home /media/usbHDD1/photov10/Photosynthesis-Dorahacks-web3-competition-winner/photosynthesisv5/photosynthesis-main/sap-with-full-liquid-stake-redemption-workflow/dockernet/state/photo1  tx bank send  archway14zd6utea6u2zy5pd2yecphz8j9ydsq7x7qc8fu archway14scfhuect675c5lcve8lsu23c2azzx0lnckw35 1000000uarch --from pval4 --keyring-backend=test --chain-id localnet --fees 17000uarch -y

strided binary
archwayd binary
/media/usbHDD1/photov10/Photosynthesis-Dorahacks-web3-competition-winner/photosynthesisv5/photosynthesis-main/sap-with-full-liquid-stake-redemption-workflow/build/archwayd --home /media/usbHDD1/photov10/Photosynthesis-Dorahacks-web3-competition-winner/photosynthesisv5/photosynthesis-main/sap-with-full-liquid-stake-redemption-workflow/dockernet/state/photo1  tx bank send  archway14zd6utea6u2zy5pd2yecphz8j9ydsq7x7qc8fu archway14scfhuect675c5lcve8lsu23c2azzx0lnckw35 1000000uarch --from pval4 --keyring-backend=test --chain-id localnet --fees 17000uarch -y

strided binary
archwayd binary
/media/usbHDD1/photov10/Photosynthesis-Dorahacks-web3-competition-winner/photosynthesisv5/photosynthesis-main/sap-with-full-liquid-stake-redemption-workflow/build/archwayd --home /media/usbHDD1/photov10/Photosynthesis-Dorahacks-web3-competition-winner/photosynthesisv5/photosynthesis-main/sap-with-full-liquid-stake-redemption-workflow/dockernet/state/photo1  tx bank send  archway14zd6utea6u2zy5pd2yecphz8j9ydsq7x7qc8fu archway14scfhuect675c5lcve8lsu23c2azzx0lnckw35 1000000uarch --from pval4 --keyring-backend=test --chain-id localnet --fees 17000uarch -y

strided binary
archwayd binary
/media/usbHDD1/photov10/Photosynthesis-Dorahacks-web3-competition-winner/photosynthesisv5/photosynthesis-main/sap-with-full-liquid-stake-redemption-workflow/build/archwayd --home /media/usbHDD1/photov10/Photosynthesis-Dorahacks-web3-competition-winner/photosynthesisv5/photosynthesis-main/sap-with-full-liquid-stake-redemption-workflow/dockernet/state/photo1  tx bank send  archway14zd6utea6u2zy5pd2yecphz8j9ydsq7x7qc8fu archway14scfhuect675c5lcve8lsu23c2azzx0lnckw35 1000000uarch --from pval4 --keyring-backend=test --chain-id localnet --fees 17000uarch -y

strided binary
archwayd binary
/media/usbHDD1/photov10/Photosynthesis-Dorahacks-web3-competition-winner/photosynthesisv5/photosynthesis-main/sap-with-full-liquid-stake-redemption-workflow/build/archwayd --home /media/usbHDD1/photov10/Photosynthesis-Dorahacks-web3-competition-winner/photosynthesisv5/photosynthesis-main/sap-with-full-liquid-stake-redemption-workflow/dockernet/state/photo1  tx bank send  archway14zd6utea6u2zy5pd2yecphz8j9ydsq7x7qc8fu archway14scfhuect675c5lcve8lsu23c2azzx0lnckw35 1000000uarch --from pval4 --keyring-backend=test --chain-id localnet --fees 17000uarch -y

strided binary
archwayd binary
/media/usbHDD1/photov10/Photosynthesis-Dorahacks-web3-competition-winner/photosynthesisv5/photosynthesis-main/sap-with-full-liquid-stake-redemption-workflow/build/archwayd --home /media/usbHDD1/photov10/Photosynthesis-Dorahacks-web3-competition-winner/photosynthesisv5/photosynthesis-main/sap-with-full-liquid-stake-redemption-workflow/dockernet/state/photo1  tx bank send  archway14zd6utea6u2zy5pd2yecphz8j9ydsq7x7qc8fu archway14scfhuect675c5lcve8lsu23c2azzx0lnckw35 1000000uarch --from pval4 --keyring-backend=test --chain-id localnet --fees 17000uarch -y

strided binary
archwayd binary
/media/usbHDD1/photov10/Photosynthesis-Dorahacks-web3-competition-winner/photosynthesisv5/photosynthesis-main/sap-with-full-liquid-stake-redemption-workflow/build/archwayd --home /media/usbHDD1/photov10/Photosynthesis-Dorahacks-web3-competition-winner/photosynthesisv5/photosynthesis-main/sap-with-full-liquid-stake-redemption-workflow/dockernet/state/photo1  tx bank send  archway14zd6utea6u2zy5pd2yecphz8j9ydsq7x7qc8fu archway14scfhuect675c5lcve8lsu23c2azzx0lnckw35 1000000uarch --from pval4 --keyring-backend=test --chain-id localnet --fees 17000uarch -y

strided binary
archwayd binary
/media/usbHDD1/photov10/Photosynthesis-Dorahacks-web3-competition-winner/photosynthesisv5/photosynthesis-main/sap-with-full-liquid-stake-redemption-workflow/build/archwayd --home /media/usbHDD1/photov10/Photosynthesis-Dorahacks-web3-competition-winner/photosynthesisv5/photosynthesis-main/sap-with-full-liquid-stake-redemption-workflow/dockernet/state/photo1  tx bank send  archway14zd6utea6u2zy5pd2yecphz8j9ydsq7x7qc8fu archway14scfhuect675c5lcve8lsu23c2azzx0lnckw35 1000000uarch --from pval4 --keyring-backend=test --chain-id localnet --fees 17000uarch -y

strided binary
archwayd binary
/media/usbHDD1/photov10/Photosynthesis-Dorahacks-web3-competition-winner/photosynthesisv5/photosynthesis-main/sap-with-full-liquid-stake-redemption-workflow/build/archwayd --home /media/usbHDD1/photov10/Photosynthesis-Dorahacks-web3-competition-winner/photosynthesisv5/photosynthesis-main/sap-with-full-liquid-stake-redemption-workflow/dockernet/state/photo1  tx bank send  archway14zd6utea6u2zy5pd2yecphz8j9ydsq7x7qc8fu archway14scfhuect675c5lcve8lsu23c2azzx0lnckw35 1000000uarch --from pval4 --keyring-backend=test --chain-id localnet --fees 17000uarch -y

strided binary
archwayd binary
/media/usbHDD1/photov10/Photosynthesis-Dorahacks-web3-competition-winner/photosynthesisv5/photosynthesis-main/sap-with-full-liquid-stake-redemption-workflow/build/archwayd --home /media/usbHDD1/photov10/Photosynthesis-Dorahacks-web3-competition-winner/photosynthesisv5/photosynthesis-main/sap-with-full-liquid-stake-redemption-workflow/dockernet/state/photo1  tx bank send  archway14zd6utea6u2zy5pd2yecphz8j9ydsq7x7qc8fu archway14scfhuect675c5lcve8lsu23c2azzx0lnckw35 1000000uarch --from pval4 --keyring-backend=test --chain-id localnet --fees 17000uarch -y

strided binary
archwayd binary
/media/usbHDD1/photov10/Photosynthesis-Dorahacks-web3-competition-winner/photosynthesisv5/photosynthesis-main/sap-with-full-liquid-stake-redemption-workflow/build/archwayd --home /media/usbHDD1/photov10/Photosynthesis-Dorahacks-web3-competition-winner/photosynthesisv5/photosynthesis-main/sap-with-full-liquid-stake-redemption-workflow/dockernet/state/photo1  tx bank send  archway14zd6utea6u2zy5pd2yecphz8j9ydsq7x7qc8fu archway14scfhuect675c5lcve8lsu23c2azzx0lnckw35 1000000uarch --from pval4 --keyring-backend=test --chain-id localnet --fees 17000uarch -y

strided binary
archwayd binary
/media/usbHDD1/photov10/Photosynthesis-Dorahacks-web3-competition-winner/photosynthesisv5/photosynthesis-main/sap-with-full-liquid-stake-redemption-workflow/build/archwayd --home /media/usbHDD1/photov10/Photosynthesis-Dorahacks-web3-competition-winner/photosynthesisv5/photosynthesis-main/sap-with-full-liquid-stake-redemption-workflow/dockernet/state/photo1  tx bank send  archway14zd6utea6u2zy5pd2yecphz8j9ydsq7x7qc8fu archway14scfhuect675c5lcve8lsu23c2azzx0lnckw35 1000000uarch --from pval4 --keyring-backend=test --chain-id localnet --fees 17000uarch -y

strided binary
archwayd binary
/media/usbHDD1/photov10/Photosynthesis-Dorahacks-web3-competition-winner/photosynthesisv5/photosynthesis-main/sap-with-full-liquid-stake-redemption-workflow/build/archwayd --home /media/usbHDD1/photov10/Photosynthesis-Dorahacks-web3-competition-winner/photosynthesisv5/photosynthesis-main/sap-with-full-liquid-stake-redemption-workflow/dockernet/state/photo1  tx bank send  archway14zd6utea6u2zy5pd2yecphz8j9ydsq7x7qc8fu archway14scfhuect675c5lcve8lsu23c2azzx0lnckw35 1000000uarch --from pval4 --keyring-backend=test --chain-id localnet --fees 17000uarch -y

strided binary
archwayd binary
/media/usbHDD1/photov10/Photosynthesis-Dorahacks-web3-competition-winner/photosynthesisv5/photosynthesis-main/sap-with-full-liquid-stake-redemption-workflow/build/archwayd --home /media/usbHDD1/photov10/Photosynthesis-Dorahacks-web3-competition-winner/photosynthesisv5/photosynthesis-main/sap-with-full-liquid-stake-redemption-workflow/dockernet/state/photo1  tx bank send  archway14zd6utea6u2zy5pd2yecphz8j9ydsq7x7qc8fu archway14scfhuect675c5lcve8lsu23c2azzx0lnckw35 1000000uarch --from pval4 --keyring-backend=test --chain-id localnet --fees 17000uarch -y

strided binary
archwayd binary
/media/usbHDD1/photov10/Photosynthesis-Dorahacks-web3-competition-winner/photosynthesisv5/photosynthesis-main/sap-with-full-liquid-stake-redemption-workflow/build/archwayd --home /media/usbHDD1/photov10/Photosynthesis-Dorahacks-web3-competition-winner/photosynthesisv5/photosynthesis-main/sap-with-full-liquid-stake-redemption-workflow/dockernet/state/photo1  tx bank send  archway14zd6utea6u2zy5pd2yecphz8j9ydsq7x7qc8fu archway14scfhuect675c5lcve8lsu23c2azzx0lnckw35 1000000uarch --from pval4 --keyring-backend=test --chain-id localnet --fees 17000uarch -y

strided binary
archwayd binary
/media/usbHDD1/photov10/Photosynthesis-Dorahacks-web3-competition-winner/photosynthesisv5/photosynthesis-main/sap-with-full-liquid-stake-redemption-workflow/build/archwayd --home /media/usbHDD1/photov10/Photosynthesis-Dorahacks-web3-competition-winner/photosynthesisv5/photosynthesis-main/sap-with-full-liquid-stake-redemption-workflow/dockernet/state/photo1  tx bank send  archway14zd6utea6u2zy5pd2yecphz8j9ydsq7x7qc8fu archway14scfhuect675c5lcve8lsu23c2azzx0lnckw35 1000000uarch --from pval4 --keyring-backend=test --chain-id localnet --fees 17000uarch -y

strided binary
archwayd binary
/media/usbHDD1/photov10/Photosynthesis-Dorahacks-web3-competition-winner/photosynthesisv5/photosynthesis-main/sap-with-full-liquid-stake-redemption-workflow/build/archwayd --home /media/usbHDD1/photov10/Photosynthesis-Dorahacks-web3-competition-winner/photosynthesisv5/photosynthesis-main/sap-with-full-liquid-stake-redemption-workflow/dockernet/state/photo1  tx bank send  archway14zd6utea6u2zy5pd2yecphz8j9ydsq7x7qc8fu archway14scfhuect675c5lcve8lsu23c2azzx0lnckw35 1000000uarch --from pval4 --keyring-backend=test --chain-id localnet --fees 17000uarch -y

strided binary
archwayd binary
/media/usbHDD1/photov10/Photosynthesis-Dorahacks-web3-competition-winner/photosynthesisv5/photosynthesis-main/sap-with-full-liquid-stake-redemption-workflow/build/archwayd --home /media/usbHDD1/photov10/Photosynthesis-Dorahacks-web3-competition-winner/photosynthesisv5/photosynthesis-main/sap-with-full-liquid-stake-redemption-workflow/dockernet/state/photo1  tx bank send  archway14zd6utea6u2zy5pd2yecphz8j9ydsq7x7qc8fu archway14scfhuect675c5lcve8lsu23c2azzx0lnckw35 1000000uarch --from pval4 --keyring-backend=test --chain-id localnet --fees 17000uarch -y

strided binary
archwayd binary
/media/usbHDD1/photov10/Photosynthesis-Dorahacks-web3-competition-winner/photosynthesisv5/photosynthesis-main/sap-with-full-liquid-stake-redemption-workflow/build/archwayd --home /media/usbHDD1/photov10/Photosynthesis-Dorahacks-web3-competition-winner/photosynthesisv5/photosynthesis-main/sap-with-full-liquid-stake-redemption-workflow/dockernet/state/photo1  tx bank send  archway14zd6utea6u2zy5pd2yecphz8j9ydsq7x7qc8fu archway14scfhuect675c5lcve8lsu23c2azzx0lnckw35 1000000uarch --from pval4 --keyring-backend=test --chain-id localnet --fees 17000uarch -y

strided binary
archwayd binary
/media/usbHDD1/photov10/Photosynthesis-Dorahacks-web3-competition-winner/photosynthesisv5/photosynthesis-main/sap-with-full-liquid-stake-redemption-workflow/build/archwayd --home /media/usbHDD1/photov10/Photosynthesis-Dorahacks-web3-competition-winner/photosynthesisv5/photosynthesis-main/sap-with-full-liquid-stake-redemption-workflow/dockernet/state/photo1  tx bank send  archway14zd6utea6u2zy5pd2yecphz8j9ydsq7x7qc8fu archway14scfhuect675c5lcve8lsu23c2azzx0lnckw35 1000000uarch --from pval4 --keyring-backend=test --chain-id localnet --fees 17000uarch -y

strided binary
archwayd binary
/media/usbHDD1/photov10/Photosynthesis-Dorahacks-web3-competition-winner/photosynthesisv5/photosynthesis-main/sap-with-full-liquid-stake-redemption-workflow/build/archwayd --home /media/usbHDD1/photov10/Photosynthesis-Dorahacks-web3-competition-winner/photosynthesisv5/photosynthesis-main/sap-with-full-liquid-stake-redemption-workflow/dockernet/state/photo1  tx bank send  archway14zd6utea6u2zy5pd2yecphz8j9ydsq7x7qc8fu archway14scfhuect675c5lcve8lsu23c2azzx0lnckw35 1000000uarch --from pval4 --keyring-backend=test --chain-id localnet --fees 17000uarch -y

strided binary
archwayd binary
/media/usbHDD1/photov10/Photosynthesis-Dorahacks-web3-competition-winner/photosynthesisv5/photosynthesis-main/sap-with-full-liquid-stake-redemption-workflow/build/archwayd --home /media/usbHDD1/photov10/Photosynthesis-Dorahacks-web3-competition-winner/photosynthesisv5/photosynthesis-main/sap-with-full-liquid-stake-redemption-workflow/dockernet/state/photo1  tx bank send  archway14zd6utea6u2zy5pd2yecphz8j9ydsq7x7qc8fu archway14scfhuect675c5lcve8lsu23c2azzx0lnckw35 1000000uarch --from pval4 --keyring-backend=test --chain-id localnet --fees 17000uarch -y

strided binary
archwayd binary
/media/usbHDD1/photov10/Photosynthesis-Dorahacks-web3-competition-winner/photosynthesisv5/photosynthesis-main/sap-with-full-liquid-stake-redemption-workflow/build/archwayd --home /media/usbHDD1/photov10/Photosynthesis-Dorahacks-web3-competition-winner/photosynthesisv5/photosynthesis-main/sap-with-full-liquid-stake-redemption-workflow/dockernet/state/photo1  tx bank send  archway14zd6utea6u2zy5pd2yecphz8j9ydsq7x7qc8fu archway14scfhuect675c5lcve8lsu23c2azzx0lnckw35 1000000uarch --from pval4 --keyring-backend=test --chain-id localnet --fees 17000uarch -y

strided binary
archwayd binary
/media/usbHDD1/photov10/Photosynthesis-Dorahacks-web3-competition-winner/photosynthesisv5/photosynthesis-main/sap-with-full-liquid-stake-redemption-workflow/build/archwayd --home /media/usbHDD1/photov10/Photosynthesis-Dorahacks-web3-competition-winner/photosynthesisv5/photosynthesis-main/sap-with-full-liquid-stake-redemption-workflow/dockernet/state/photo1  tx bank send  archway14zd6utea6u2zy5pd2yecphz8j9ydsq7x7qc8fu archway14scfhuect675c5lcve8lsu23c2azzx0lnckw35 1000000uarch --from pval4 --keyring-backend=test --chain-id localnet --fees 17000uarch -y

strided binary
archwayd binary
/media/usbHDD1/photov10/Photosynthesis-Dorahacks-web3-competition-winner/photosynthesisv5/photosynthesis-main/sap-with-full-liquid-stake-redemption-workflow/build/archwayd --home /media/usbHDD1/photov10/Photosynthesis-Dorahacks-web3-competition-winner/photosynthesisv5/photosynthesis-main/sap-with-full-liquid-stake-redemption-workflow/dockernet/state/photo1  tx bank send  archway14zd6utea6u2zy5pd2yecphz8j9ydsq7x7qc8fu archway14scfhuect675c5lcve8lsu23c2azzx0lnckw35 1000000uarch --from pval4 --keyring-backend=test --chain-id localnet --fees 17000uarch -y

strided binary
archwayd binary
/media/usbHDD1/photov10/Photosynthesis-Dorahacks-web3-competition-winner/photosynthesisv5/photosynthesis-main/sap-with-full-liquid-stake-redemption-workflow/build/archwayd --home /media/usbHDD1/photov10/Photosynthesis-Dorahacks-web3-competition-winner/photosynthesisv5/photosynthesis-main/sap-with-full-liquid-stake-redemption-workflow/dockernet/state/photo1  tx bank send  archway14zd6utea6u2zy5pd2yecphz8j9ydsq7x7qc8fu archway14scfhuect675c5lcve8lsu23c2azzx0lnckw35 1000000uarch --from pval4 --keyring-backend=test --chain-id localnet --fees 17000uarch -y

strided binary
archwayd binary
/media/usbHDD1/photov10/Photosynthesis-Dorahacks-web3-competition-winner/photosynthesisv5/photosynthesis-main/sap-with-full-liquid-stake-redemption-workflow/build/archwayd --home /media/usbHDD1/photov10/Photosynthesis-Dorahacks-web3-competition-winner/photosynthesisv5/photosynthesis-main/sap-with-full-liquid-stake-redemption-workflow/dockernet/state/photo1  tx bank send  archway14zd6utea6u2zy5pd2yecphz8j9ydsq7x7qc8fu archway14scfhuect675c5lcve8lsu23c2azzx0lnckw35 1000000uarch --from pval4 --keyring-backend=test --chain-id localnet --fees 17000uarch -y

strided binary
archwayd binary
/media/usbHDD1/photov10/Photosynthesis-Dorahacks-web3-competition-winner/photosynthesisv5/photosynthesis-main/sap-with-full-liquid-stake-redemption-workflow/build/archwayd --home /media/usbHDD1/photov10/Photosynthesis-Dorahacks-web3-competition-winner/photosynthesisv5/photosynthesis-main/sap-with-full-liquid-stake-redemption-workflow/dockernet/state/photo1  tx bank send  archway14zd6utea6u2zy5pd2yecphz8j9ydsq7x7qc8fu archway14scfhuect675c5lcve8lsu23c2azzx0lnckw35 1000000uarch --from pval4 --keyring-backend=test --chain-id localnet --fees 17000uarch -y

strided binary
archwayd binary
/media/usbHDD1/photov10/Photosynthesis-Dorahacks-web3-competition-winner/photosynthesisv5/photosynthesis-main/sap-with-full-liquid-stake-redemption-workflow/build/archwayd --home /media/usbHDD1/photov10/Photosynthesis-Dorahacks-web3-competition-winner/photosynthesisv5/photosynthesis-main/sap-with-full-liquid-stake-redemption-workflow/dockernet/state/photo1  tx bank send  archway14zd6utea6u2zy5pd2yecphz8j9ydsq7x7qc8fu archway14scfhuect675c5lcve8lsu23c2azzx0lnckw35 1000000uarch --from pval4 --keyring-backend=test --chain-id localnet --fees 17000uarch -y

strided binary
archwayd binary
/media/usbHDD1/photov10/Photosynthesis-Dorahacks-web3-competition-winner/photosynthesisv5/photosynthesis-main/sap-with-full-liquid-stake-redemption-workflow/build/archwayd --home /media/usbHDD1/photov10/Photosynthesis-Dorahacks-web3-competition-winner/photosynthesisv5/photosynthesis-main/sap-with-full-liquid-stake-redemption-workflow/dockernet/state/photo1  tx bank send  archway14zd6utea6u2zy5pd2yecphz8j9ydsq7x7qc8fu archway14scfhuect675c5lcve8lsu23c2azzx0lnckw35 1000000uarch --from pval4 --keyring-backend=test --chain-id localnet --fees 17000uarch -y

strided binary
archwayd binary
/media/usbHDD1/photov10/Photosynthesis-Dorahacks-web3-competition-winner/photosynthesisv5/photosynthesis-main/sap-with-full-liquid-stake-redemption-workflow/build/archwayd --home /media/usbHDD1/photov10/Photosynthesis-Dorahacks-web3-competition-winner/photosynthesisv5/photosynthesis-main/sap-with-full-liquid-stake-redemption-workflow/dockernet/state/photo1  tx bank send  archway14zd6utea6u2zy5pd2yecphz8j9ydsq7x7qc8fu archway14scfhuect675c5lcve8lsu23c2azzx0lnckw35 1000000uarch --from pval4 --keyring-backend=test --chain-id localnet --fees 17000uarch -y

strided binary
archwayd binary
/media/usbHDD1/photov10/Photosynthesis-Dorahacks-web3-competition-winner/photosynthesisv5/photosynthesis-main/sap-with-full-liquid-stake-redemption-workflow/build/archwayd --home /media/usbHDD1/photov10/Photosynthesis-Dorahacks-web3-competition-winner/photosynthesisv5/photosynthesis-main/sap-with-full-liquid-stake-redemption-workflow/dockernet/state/photo1  tx bank send  archway14zd6utea6u2zy5pd2yecphz8j9ydsq7x7qc8fu archway14scfhuect675c5lcve8lsu23c2azzx0lnckw35 1000000uarch --from pval4 --keyring-backend=test --chain-id localnet --fees 17000uarch -y

strided binary
archwayd binary
/media/usbHDD1/photov10/Photosynthesis-Dorahacks-web3-competition-winner/photosynthesisv5/photosynthesis-main/sap-with-full-liquid-stake-redemption-workflow/build/archwayd --home /media/usbHDD1/photov10/Photosynthesis-Dorahacks-web3-competition-winner/photosynthesisv5/photosynthesis-main/sap-with-full-liquid-stake-redemption-workflow/dockernet/state/photo1  tx bank send  archway14zd6utea6u2zy5pd2yecphz8j9ydsq7x7qc8fu archway14scfhuect675c5lcve8lsu23c2azzx0lnckw35 1000000uarch --from pval4 --keyring-backend=test --chain-id localnet --fees 17000uarch -y

strided binary
archwayd binary
/media/usbHDD1/photov10/Photosynthesis-Dorahacks-web3-competition-winner/photosynthesisv5/photosynthesis-main/sap-with-full-liquid-stake-redemption-workflow/build/archwayd --home /media/usbHDD1/photov10/Photosynthesis-Dorahacks-web3-competition-winner/photosynthesisv5/photosynthesis-main/sap-with-full-liquid-stake-redemption-workflow/dockernet/state/photo1  tx bank send  archway14zd6utea6u2zy5pd2yecphz8j9ydsq7x7qc8fu archway14scfhuect675c5lcve8lsu23c2azzx0lnckw35 1000000uarch --from pval4 --keyring-backend=test --chain-id localnet --fees 17000uarch -y

strided binary
archwayd binary
/media/usbHDD1/photov10/Photosynthesis-Dorahacks-web3-competition-winner/photosynthesisv5/photosynthesis-main/sap-with-full-liquid-stake-redemption-workflow/build/archwayd --home /media/usbHDD1/photov10/Photosynthesis-Dorahacks-web3-competition-winner/photosynthesisv5/photosynthesis-main/sap-with-full-liquid-stake-redemption-workflow/dockernet/state/photo1  tx bank send  archway14zd6utea6u2zy5pd2yecphz8j9ydsq7x7qc8fu archway14scfhuect675c5lcve8lsu23c2azzx0lnckw35 1000000uarch --from pval4 --keyring-backend=test --chain-id localnet --fees 17000uarch -y

strided binary
archwayd binary
/media/usbHDD1/photov10/Photosynthesis-Dorahacks-web3-competition-winner/photosynthesisv5/photosynthesis-main/sap-with-full-liquid-stake-redemption-workflow/build/archwayd --home /media/usbHDD1/photov10/Photosynthesis-Dorahacks-web3-competition-winner/photosynthesisv5/photosynthesis-main/sap-with-full-liquid-stake-redemption-workflow/dockernet/state/photo1  tx bank send  archway14zd6utea6u2zy5pd2yecphz8j9ydsq7x7qc8fu archway14scfhuect675c5lcve8lsu23c2azzx0lnckw35 1000000uarch --from pval4 --keyring-backend=test --chain-id localnet --fees 17000uarch -y

strided binary
archwayd binary
/media/usbHDD1/photov10/Photosynthesis-Dorahacks-web3-competition-winner/photosynthesisv5/photosynthesis-main/sap-with-full-liquid-stake-redemption-workflow/build/archwayd --home /media/usbHDD1/photov10/Photosynthesis-Dorahacks-web3-competition-winner/photosynthesisv5/photosynthesis-main/sap-with-full-liquid-stake-redemption-workflow/dockernet/state/photo1  tx bank send  archway14zd6utea6u2zy5pd2yecphz8j9ydsq7x7qc8fu archway14scfhuect675c5lcve8lsu23c2azzx0lnckw35 1000000uarch --from pval4 --keyring-backend=test --chain-id localnet --fees 17000uarch -y

strided binary
archwayd binary
/media/usbHDD1/photov10/Photosynthesis-Dorahacks-web3-competition-winner/photosynthesisv5/photosynthesis-main/sap-with-full-liquid-stake-redemption-workflow/build/archwayd --home /media/usbHDD1/photov10/Photosynthesis-Dorahacks-web3-competition-winner/photosynthesisv5/photosynthesis-main/sap-with-full-liquid-stake-redemption-workflow/dockernet/state/photo1  tx bank send  archway14zd6utea6u2zy5pd2yecphz8j9ydsq7x7qc8fu archway14scfhuect675c5lcve8lsu23c2azzx0lnckw35 1000000uarch --from pval4 --keyring-backend=test --chain-id localnet --fees 17000uarch -y

strided binary
archwayd binary
/media/usbHDD1/photov10/Photosynthesis-Dorahacks-web3-competition-winner/photosynthesisv5/photosynthesis-main/sap-with-full-liquid-stake-redemption-workflow/build/archwayd --home /media/usbHDD1/photov10/Photosynthesis-Dorahacks-web3-competition-winner/photosynthesisv5/photosynthesis-main/sap-with-full-liquid-stake-redemption-workflow/dockernet/state/photo1  tx bank send  archway14zd6utea6u2zy5pd2yecphz8j9ydsq7x7qc8fu archway14scfhuect675c5lcve8lsu23c2azzx0lnckw35 1000000uarch --from pval4 --keyring-backend=test --chain-id localnet --fees 17000uarch -y

strided binary
archwayd binary
/media/usbHDD1/photov10/Photosynthesis-Dorahacks-web3-competition-winner/photosynthesisv5/photosynthesis-main/sap-with-full-liquid-stake-redemption-workflow/build/archwayd --home /media/usbHDD1/photov10/Photosynthesis-Dorahacks-web3-competition-winner/photosynthesisv5/photosynthesis-main/sap-with-full-liquid-stake-redemption-workflow/dockernet/state/photo1  tx bank send  archway14zd6utea6u2zy5pd2yecphz8j9ydsq7x7qc8fu archway14scfhuect675c5lcve8lsu23c2azzx0lnckw35 1000000uarch --from pval4 --keyring-backend=test --chain-id localnet --fees 17000uarch -y

strided binary
archwayd binary
/media/usbHDD1/photov10/Photosynthesis-Dorahacks-web3-competition-winner/photosynthesisv5/photosynthesis-main/sap-with-full-liquid-stake-redemption-workflow/build/archwayd --home /media/usbHDD1/photov10/Photosynthesis-Dorahacks-web3-competition-winner/photosynthesisv5/photosynthesis-main/sap-with-full-liquid-stake-redemption-workflow/dockernet/state/photo1  tx bank send  archway14zd6utea6u2zy5pd2yecphz8j9ydsq7x7qc8fu archway14scfhuect675c5lcve8lsu23c2azzx0lnckw35 1000000uarch --from pval4 --keyring-backend=test --chain-id localnet --fees 17000uarch -y

strided binary
archwayd binary
/media/usbHDD1/photov10/Photosynthesis-Dorahacks-web3-competition-winner/photosynthesisv5/photosynthesis-main/sap-with-full-liquid-stake-redemption-workflow/build/archwayd --home /media/usbHDD1/photov10/Photosynthesis-Dorahacks-web3-competition-winner/photosynthesisv5/photosynthesis-main/sap-with-full-liquid-stake-redemption-workflow/dockernet/state/photo1  tx bank send  archway14zd6utea6u2zy5pd2yecphz8j9ydsq7x7qc8fu archway14scfhuect675c5lcve8lsu23c2azzx0lnckw35 1000000uarch --from pval4 --keyring-backend=test --chain-id localnet --fees 17000uarch -y

strided binary
archwayd binary
/media/usbHDD1/photov10/Photosynthesis-Dorahacks-web3-competition-winner/photosynthesisv5/photosynthesis-main/sap-with-full-liquid-stake-redemption-workflow/build/archwayd --home /media/usbHDD1/photov10/Photosynthesis-Dorahacks-web3-competition-winner/photosynthesisv5/photosynthesis-main/sap-with-full-liquid-stake-redemption-workflow/dockernet/state/photo1  tx bank send  archway14zd6utea6u2zy5pd2yecphz8j9ydsq7x7qc8fu archway14scfhuect675c5lcve8lsu23c2azzx0lnckw35 1000000uarch --from pval4 --keyring-backend=test --chain-id localnet --fees 17000uarch -y

strided binary
archwayd binary
/media/usbHDD1/photov10/Photosynthesis-Dorahacks-web3-competition-winner/photosynthesisv5/photosynthesis-main/sap-with-full-liquid-stake-redemption-workflow/build/archwayd --home /media/usbHDD1/photov10/Photosynthesis-Dorahacks-web3-competition-winner/photosynthesisv5/photosynthesis-main/sap-with-full-liquid-stake-redemption-workflow/dockernet/state/photo1  tx bank send  archway14zd6utea6u2zy5pd2yecphz8j9ydsq7x7qc8fu archway14scfhuect675c5lcve8lsu23c2azzx0lnckw35 1000000uarch --from pval4 --keyring-backend=test --chain-id localnet --fees 17000uarch -y

strided binary
archwayd binary
/media/usbHDD1/photov10/Photosynthesis-Dorahacks-web3-competition-winner/photosynthesisv5/photosynthesis-main/sap-with-full-liquid-stake-redemption-workflow/build/archwayd --home /media/usbHDD1/photov10/Photosynthesis-Dorahacks-web3-competition-winner/photosynthesisv5/photosynthesis-main/sap-with-full-liquid-stake-redemption-workflow/dockernet/state/photo1  tx bank send  archway14zd6utea6u2zy5pd2yecphz8j9ydsq7x7qc8fu archway14scfhuect675c5lcve8lsu23c2azzx0lnckw35 1000000uarch --from pval4 --keyring-backend=test --chain-id localnet --fees 17000uarch -y

strided binary
archwayd binary
/media/usbHDD1/photov10/Photosynthesis-Dorahacks-web3-competition-winner/photosynthesisv5/photosynthesis-main/sap-with-full-liquid-stake-redemption-workflow/build/archwayd --home /media/usbHDD1/photov10/Photosynthesis-Dorahacks-web3-competition-winner/photosynthesisv5/photosynthesis-main/sap-with-full-liquid-stake-redemption-workflow/dockernet/state/photo1  tx bank send  archway14zd6utea6u2zy5pd2yecphz8j9ydsq7x7qc8fu archway14scfhuect675c5lcve8lsu23c2azzx0lnckw35 1000000uarch --from pval4 --keyring-backend=test --chain-id localnet --fees 17000uarch -y

strided binary
archwayd binary
/media/usbHDD1/photov10/Photosynthesis-Dorahacks-web3-competition-winner/photosynthesisv5/photosynthesis-main/sap-with-full-liquid-stake-redemption-workflow/build/archwayd --home /media/usbHDD1/photov10/Photosynthesis-Dorahacks-web3-competition-winner/photosynthesisv5/photosynthesis-main/sap-with-full-liquid-stake-redemption-workflow/dockernet/state/photo1  tx bank send  archway14zd6utea6u2zy5pd2yecphz8j9ydsq7x7qc8fu archway14scfhuect675c5lcve8lsu23c2azzx0lnckw35 1000000uarch --from pval4 --keyring-backend=test --chain-id localnet --fees 17000uarch -y

strided binary
archwayd binary
/media/usbHDD1/photov10/Photosynthesis-Dorahacks-web3-competition-winner/photosynthesisv5/photosynthesis-main/sap-with-full-liquid-stake-redemption-workflow/build/archwayd --home /media/usbHDD1/photov10/Photosynthesis-Dorahacks-web3-competition-winner/photosynthesisv5/photosynthesis-main/sap-with-full-liquid-stake-redemption-workflow/dockernet/state/photo1  tx bank send  archway14zd6utea6u2zy5pd2yecphz8j9ydsq7x7qc8fu archway14scfhuect675c5lcve8lsu23c2azzx0lnckw35 1000000uarch --from pval4 --keyring-backend=test --chain-id localnet --fees 17000uarch -y

strided binary
archwayd binary
/media/usbHDD1/photov10/Photosynthesis-Dorahacks-web3-competition-winner/photosynthesisv5/photosynthesis-main/sap-with-full-liquid-stake-redemption-workflow/build/archwayd --home /media/usbHDD1/photov10/Photosynthesis-Dorahacks-web3-competition-winner/photosynthesisv5/photosynthesis-main/sap-with-full-liquid-stake-redemption-workflow/dockernet/state/photo1  tx bank send  archway14zd6utea6u2zy5pd2yecphz8j9ydsq7x7qc8fu archway14scfhuect675c5lcve8lsu23c2azzx0lnckw35 1000000uarch --from pval4 --keyring-backend=test --chain-id localnet --fees 17000uarch -y

strided binary
archwayd binary
/media/usbHDD1/photov10/Photosynthesis-Dorahacks-web3-competition-winner/photosynthesisv5/photosynthesis-main/sap-with-full-liquid-stake-redemption-workflow/build/archwayd --home /media/usbHDD1/photov10/Photosynthesis-Dorahacks-web3-competition-winner/photosynthesisv5/photosynthesis-main/sap-with-full-liquid-stake-redemption-workflow/dockernet/state/photo1  tx bank send  archway14zd6utea6u2zy5pd2yecphz8j9ydsq7x7qc8fu archway14scfhuect675c5lcve8lsu23c2azzx0lnckw35 1000000uarch --from pval4 --keyring-backend=test --chain-id localnet --fees 17000uarch -y

strided binary
archwayd binary
/media/usbHDD1/photov10/Photosynthesis-Dorahacks-web3-competition-winner/photosynthesisv5/photosynthesis-main/sap-with-full-liquid-stake-redemption-workflow/build/archwayd --home /media/usbHDD1/photov10/Photosynthesis-Dorahacks-web3-competition-winner/photosynthesisv5/photosynthesis-main/sap-with-full-liquid-stake-redemption-workflow/dockernet/state/photo1  tx bank send  archway14zd6utea6u2zy5pd2yecphz8j9ydsq7x7qc8fu archway14scfhuect675c5lcve8lsu23c2azzx0lnckw35 1000000uarch --from pval4 --keyring-backend=test --chain-id localnet --fees 17000uarch -y

strided binary
archwayd binary
/media/usbHDD1/photov10/Photosynthesis-Dorahacks-web3-competition-winner/photosynthesisv5/photosynthesis-main/sap-with-full-liquid-stake-redemption-workflow/build/archwayd --home /media/usbHDD1/photov10/Photosynthesis-Dorahacks-web3-competition-winner/photosynthesisv5/photosynthesis-main/sap-with-full-liquid-stake-redemption-workflow/dockernet/state/photo1  tx bank send  archway14zd6utea6u2zy5pd2yecphz8j9ydsq7x7qc8fu archway14scfhuect675c5lcve8lsu23c2azzx0lnckw35 1000000uarch --from pval4 --keyring-backend=test --chain-id localnet --fees 17000uarch -y

strided binary
archwayd binary
/media/usbHDD1/photov10/Photosynthesis-Dorahacks-web3-competition-winner/photosynthesisv5/photosynthesis-main/sap-with-full-liquid-stake-redemption-workflow/build/archwayd --home /media/usbHDD1/photov10/Photosynthesis-Dorahacks-web3-competition-winner/photosynthesisv5/photosynthesis-main/sap-with-full-liquid-stake-redemption-workflow/dockernet/state/photo1  tx bank send  archway14zd6utea6u2zy5pd2yecphz8j9ydsq7x7qc8fu archway14scfhuect675c5lcve8lsu23c2azzx0lnckw35 1000000uarch --from pval4 --keyring-backend=test --chain-id localnet --fees 17000uarch -y

strided binary
archwayd binary
/media/usbHDD1/photov10/Photosynthesis-Dorahacks-web3-competition-winner/photosynthesisv5/photosynthesis-main/sap-with-full-liquid-stake-redemption-workflow/build/archwayd --home /media/usbHDD1/photov10/Photosynthesis-Dorahacks-web3-competition-winner/photosynthesisv5/photosynthesis-main/sap-with-full-liquid-stake-redemption-workflow/dockernet/state/photo1  tx bank send  archway14zd6utea6u2zy5pd2yecphz8j9ydsq7x7qc8fu archway14scfhuect675c5lcve8lsu23c2azzx0lnckw35 1000000uarch --from pval4 --keyring-backend=test --chain-id localnet --fees 17000uarch -y

strided binary
archwayd binary
/media/usbHDD1/photov10/Photosynthesis-Dorahacks-web3-competition-winner/photosynthesisv5/photosynthesis-main/sap-with-full-liquid-stake-redemption-workflow/build/archwayd --home /media/usbHDD1/photov10/Photosynthesis-Dorahacks-web3-competition-winner/photosynthesisv5/photosynthesis-main/sap-with-full-liquid-stake-redemption-workflow/dockernet/state/photo1  tx bank send  archway14zd6utea6u2zy5pd2yecphz8j9ydsq7x7qc8fu archway14scfhuect675c5lcve8lsu23c2azzx0lnckw35 1000000uarch --from pval4 --keyring-backend=test --chain-id localnet --fees 17000uarch -y

strided binary
archwayd binary
/media/usbHDD1/photov10/Photosynthesis-Dorahacks-web3-competition-winner/photosynthesisv5/photosynthesis-main/sap-with-full-liquid-stake-redemption-workflow/build/archwayd --home /media/usbHDD1/photov10/Photosynthesis-Dorahacks-web3-competition-winner/photosynthesisv5/photosynthesis-main/sap-with-full-liquid-stake-redemption-workflow/dockernet/state/photo1  tx bank send  archway14zd6utea6u2zy5pd2yecphz8j9ydsq7x7qc8fu archway14scfhuect675c5lcve8lsu23c2azzx0lnckw35 1000000uarch --from pval4 --keyring-backend=test --chain-id localnet --fees 17000uarch -y

strided binary
archwayd binary
/media/usbHDD1/photov10/Photosynthesis-Dorahacks-web3-competition-winner/photosynthesisv5/photosynthesis-main/sap-with-full-liquid-stake-redemption-workflow/build/archwayd --home /media/usbHDD1/photov10/Photosynthesis-Dorahacks-web3-competition-winner/photosynthesisv5/photosynthesis-main/sap-with-full-liquid-stake-redemption-workflow/dockernet/state/photo1  tx bank send  archway14zd6utea6u2zy5pd2yecphz8j9ydsq7x7qc8fu archway14scfhuect675c5lcve8lsu23c2azzx0lnckw35 1000000uarch --from pval4 --keyring-backend=test --chain-id localnet --fees 17000uarch -y

strided binary
archwayd binary
/media/usbHDD1/photov10/Photosynthesis-Dorahacks-web3-competition-winner/photosynthesisv5/photosynthesis-main/sap-with-full-liquid-stake-redemption-workflow/build/archwayd --home /media/usbHDD1/photov10/Photosynthesis-Dorahacks-web3-competition-winner/photosynthesisv5/photosynthesis-main/sap-with-full-liquid-stake-redemption-workflow/dockernet/state/photo1  tx bank send  archway14zd6utea6u2zy5pd2yecphz8j9ydsq7x7qc8fu archway14scfhuect675c5lcve8lsu23c2azzx0lnckw35 1000000uarch --from pval4 --keyring-backend=test --chain-id localnet --fees 17000uarch -y

strided binary
archwayd binary
/media/usbHDD1/photov10/Photosynthesis-Dorahacks-web3-competition-winner/photosynthesisv5/photosynthesis-main/sap-with-full-liquid-stake-redemption-workflow/build/archwayd --home /media/usbHDD1/photov10/Photosynthesis-Dorahacks-web3-competition-winner/photosynthesisv5/photosynthesis-main/sap-with-full-liquid-stake-redemption-workflow/dockernet/state/photo1  tx bank send  archway14zd6utea6u2zy5pd2yecphz8j9ydsq7x7qc8fu archway14scfhuect675c5lcve8lsu23c2azzx0lnckw35 1000000uarch --from pval4 --keyring-backend=test --chain-id localnet --fees 17000uarch -y

strided binary
archwayd binary
/media/usbHDD1/photov10/Photosynthesis-Dorahacks-web3-competition-winner/photosynthesisv5/photosynthesis-main/sap-with-full-liquid-stake-redemption-workflow/build/archwayd --home /media/usbHDD1/photov10/Photosynthesis-Dorahacks-web3-competition-winner/photosynthesisv5/photosynthesis-main/sap-with-full-liquid-stake-redemption-workflow/dockernet/state/photo1  tx bank send  archway14zd6utea6u2zy5pd2yecphz8j9ydsq7x7qc8fu archway14scfhuect675c5lcve8lsu23c2azzx0lnckw35 1000000uarch --from pval4 --keyring-backend=test --chain-id localnet --fees 17000uarch -y

strided binary
archwayd binary
/media/usbHDD1/photov10/Photosynthesis-Dorahacks-web3-competition-winner/photosynthesisv5/photosynthesis-main/sap-with-full-liquid-stake-redemption-workflow/build/archwayd --home /media/usbHDD1/photov10/Photosynthesis-Dorahacks-web3-competition-winner/photosynthesisv5/photosynthesis-main/sap-with-full-liquid-stake-redemption-workflow/dockernet/state/photo1  tx bank send  archway14zd6utea6u2zy5pd2yecphz8j9ydsq7x7qc8fu archway14scfhuect675c5lcve8lsu23c2azzx0lnckw35 1000000uarch --from pval4 --keyring-backend=test --chain-id localnet --fees 17000uarch -y

strided binary
archwayd binary
/media/usbHDD1/photov10/Photosynthesis-Dorahacks-web3-competition-winner/photosynthesisv5/photosynthesis-main/sap-with-full-liquid-stake-redemption-workflow/build/archwayd --home /media/usbHDD1/photov10/Photosynthesis-Dorahacks-web3-competition-winner/photosynthesisv5/photosynthesis-main/sap-with-full-liquid-stake-redemption-workflow/dockernet/state/photo1  tx bank send  archway14zd6utea6u2zy5pd2yecphz8j9ydsq7x7qc8fu archway14scfhuect675c5lcve8lsu23c2azzx0lnckw35 1000000uarch --from pval4 --keyring-backend=test --chain-id localnet --fees 17000uarch -y

strided binary
archwayd binary
/media/usbHDD1/photov10/Photosynthesis-Dorahacks-web3-competition-winner/photosynthesisv5/photosynthesis-main/sap-with-full-liquid-stake-redemption-workflow/build/archwayd --home /media/usbHDD1/photov10/Photosynthesis-Dorahacks-web3-competition-winner/photosynthesisv5/photosynthesis-main/sap-with-full-liquid-stake-redemption-workflow/dockernet/state/photo1  tx bank send  archway14zd6utea6u2zy5pd2yecphz8j9ydsq7x7qc8fu archway14scfhuect675c5lcve8lsu23c2azzx0lnckw35 1000000uarch --from pval4 --keyring-backend=test --chain-id localnet --fees 17000uarch -y

strided binary
archwayd binary
/media/usbHDD1/photov10/Photosynthesis-Dorahacks-web3-competition-winner/photosynthesisv5/photosynthesis-main/sap-with-full-liquid-stake-redemption-workflow/build/archwayd --home /media/usbHDD1/photov10/Photosynthesis-Dorahacks-web3-competition-winner/photosynthesisv5/photosynthesis-main/sap-with-full-liquid-stake-redemption-workflow/dockernet/state/photo1  tx bank send  archway14zd6utea6u2zy5pd2yecphz8j9ydsq7x7qc8fu archway14scfhuect675c5lcve8lsu23c2azzx0lnckw35 1000000uarch --from pval4 --keyring-backend=test --chain-id localnet --fees 17000uarch -y

strided binary
archwayd binary
/media/usbHDD1/photov10/Photosynthesis-Dorahacks-web3-competition-winner/photosynthesisv5/photosynthesis-main/sap-with-full-liquid-stake-redemption-workflow/build/archwayd --home /media/usbHDD1/photov10/Photosynthesis-Dorahacks-web3-competition-winner/photosynthesisv5/photosynthesis-main/sap-with-full-liquid-stake-redemption-workflow/dockernet/state/photo1  tx bank send  archway14zd6utea6u2zy5pd2yecphz8j9ydsq7x7qc8fu archway14scfhuect675c5lcve8lsu23c2azzx0lnckw35 1000000uarch --from pval4 --keyring-backend=test --chain-id localnet --fees 17000uarch -y

strided binary
archwayd binary
/media/usbHDD1/photov10/Photosynthesis-Dorahacks-web3-competition-winner/photosynthesisv5/photosynthesis-main/sap-with-full-liquid-stake-redemption-workflow/build/archwayd --home /media/usbHDD1/photov10/Photosynthesis-Dorahacks-web3-competition-winner/photosynthesisv5/photosynthesis-main/sap-with-full-liquid-stake-redemption-workflow/dockernet/state/photo1  tx bank send  archway14zd6utea6u2zy5pd2yecphz8j9ydsq7x7qc8fu archway14scfhuect675c5lcve8lsu23c2azzx0lnckw35 1000000uarch --from pval4 --keyring-backend=test --chain-id localnet --fees 17000uarch -y

strided binary
archwayd binary
/media/usbHDD1/photov10/Photosynthesis-Dorahacks-web3-competition-winner/photosynthesisv5/photosynthesis-main/sap-with-full-liquid-stake-redemption-workflow/build/archwayd --home /media/usbHDD1/photov10/Photosynthesis-Dorahacks-web3-competition-winner/photosynthesisv5/photosynthesis-main/sap-with-full-liquid-stake-redemption-workflow/dockernet/state/photo1  tx bank send  archway14zd6utea6u2zy5pd2yecphz8j9ydsq7x7qc8fu archway14scfhuect675c5lcve8lsu23c2azzx0lnckw35 1000000uarch --from pval4 --keyring-backend=test --chain-id localnet --fees 17000uarch -y

strided binary
archwayd binary
/media/usbHDD1/photov10/Photosynthesis-Dorahacks-web3-competition-winner/photosynthesisv5/photosynthesis-main/sap-with-full-liquid-stake-redemption-workflow/build/archwayd --home /media/usbHDD1/photov10/Photosynthesis-Dorahacks-web3-competition-winner/photosynthesisv5/photosynthesis-main/sap-with-full-liquid-stake-redemption-workflow/dockernet/state/photo1  tx bank send  archway14zd6utea6u2zy5pd2yecphz8j9ydsq7x7qc8fu archway14scfhuect675c5lcve8lsu23c2azzx0lnckw35 1000000uarch --from pval4 --keyring-backend=test --chain-id localnet --fees 17000uarch -y

strided binary
archwayd binary
/media/usbHDD1/photov10/Photosynthesis-Dorahacks-web3-competition-winner/photosynthesisv5/photosynthesis-main/sap-with-full-liquid-stake-redemption-workflow/build/archwayd --home /media/usbHDD1/photov10/Photosynthesis-Dorahacks-web3-competition-winner/photosynthesisv5/photosynthesis-main/sap-with-full-liquid-stake-redemption-workflow/dockernet/state/photo1  tx bank send  archway14zd6utea6u2zy5pd2yecphz8j9ydsq7x7qc8fu archway14scfhuect675c5lcve8lsu23c2azzx0lnckw35 1000000uarch --from pval4 --keyring-backend=test --chain-id localnet --fees 17000uarch -y

strided binary
archwayd binary
/media/usbHDD1/photov10/Photosynthesis-Dorahacks-web3-competition-winner/photosynthesisv5/photosynthesis-main/sap-with-full-liquid-stake-redemption-workflow/build/archwayd --home /media/usbHDD1/photov10/Photosynthesis-Dorahacks-web3-competition-winner/photosynthesisv5/photosynthesis-main/sap-with-full-liquid-stake-redemption-workflow/dockernet/state/photo1  tx bank send  archway14zd6utea6u2zy5pd2yecphz8j9ydsq7x7qc8fu archway14scfhuect675c5lcve8lsu23c2azzx0lnckw35 1000000uarch --from pval4 --keyring-backend=test --chain-id localnet --fees 17000uarch -y

strided binary
archwayd binary
/media/usbHDD1/photov10/Photosynthesis-Dorahacks-web3-competition-winner/photosynthesisv5/photosynthesis-main/sap-with-full-liquid-stake-redemption-workflow/build/archwayd --home /media/usbHDD1/photov10/Photosynthesis-Dorahacks-web3-competition-winner/photosynthesisv5/photosynthesis-main/sap-with-full-liquid-stake-redemption-workflow/dockernet/state/photo1  tx bank send  archway14zd6utea6u2zy5pd2yecphz8j9ydsq7x7qc8fu archway14scfhuect675c5lcve8lsu23c2azzx0lnckw35 1000000uarch --from pval4 --keyring-backend=test --chain-id localnet --fees 17000uarch -y

strided binary
archwayd binary
/media/usbHDD1/photov10/Photosynthesis-Dorahacks-web3-competition-winner/photosynthesisv5/photosynthesis-main/sap-with-full-liquid-stake-redemption-workflow/build/archwayd --home /media/usbHDD1/photov10/Photosynthesis-Dorahacks-web3-competition-winner/photosynthesisv5/photosynthesis-main/sap-with-full-liquid-stake-redemption-workflow/dockernet/state/photo1  tx bank send  archway14zd6utea6u2zy5pd2yecphz8j9ydsq7x7qc8fu archway14scfhuect675c5lcve8lsu23c2azzx0lnckw35 1000000uarch --from pval4 --keyring-backend=test --chain-id localnet --fees 17000uarch -y

strided binary
archwayd binary
/media/usbHDD1/photov10/Photosynthesis-Dorahacks-web3-competition-winner/photosynthesisv5/photosynthesis-main/sap-with-full-liquid-stake-redemption-workflow/build/archwayd --home /media/usbHDD1/photov10/Photosynthesis-Dorahacks-web3-competition-winner/photosynthesisv5/photosynthesis-main/sap-with-full-liquid-stake-redemption-workflow/dockernet/state/photo1  tx bank send  archway14zd6utea6u2zy5pd2yecphz8j9ydsq7x7qc8fu archway14scfhuect675c5lcve8lsu23c2azzx0lnckw35 1000000uarch --from pval4 --keyring-backend=test --chain-id localnet --fees 17000uarch -y

strided binary
archwayd binary
/media/usbHDD1/photov10/Photosynthesis-Dorahacks-web3-competition-winner/photosynthesisv5/photosynthesis-main/sap-with-full-liquid-stake-redemption-workflow/build/archwayd --home /media/usbHDD1/photov10/Photosynthesis-Dorahacks-web3-competition-winner/photosynthesisv5/photosynthesis-main/sap-with-full-liquid-stake-redemption-workflow/dockernet/state/photo1  tx bank send  archway14zd6utea6u2zy5pd2yecphz8j9ydsq7x7qc8fu archway14scfhuect675c5lcve8lsu23c2azzx0lnckw35 1000000uarch --from pval4 --keyring-backend=test --chain-id localnet --fees 17000uarch -y

strided binary
archwayd binary
/media/usbHDD1/photov10/Photosynthesis-Dorahacks-web3-competition-winner/photosynthesisv5/photosynthesis-main/sap-with-full-liquid-stake-redemption-workflow/build/archwayd --home /media/usbHDD1/photov10/Photosynthesis-Dorahacks-web3-competition-winner/photosynthesisv5/photosynthesis-main/sap-with-full-liquid-stake-redemption-workflow/dockernet/state/photo1  tx bank send  archway14zd6utea6u2zy5pd2yecphz8j9ydsq7x7qc8fu archway14scfhuect675c5lcve8lsu23c2azzx0lnckw35 1000000uarch --from pval4 --keyring-backend=test --chain-id localnet --fees 17000uarch -y

strided binary
archwayd binary
/media/usbHDD1/photov10/Photosynthesis-Dorahacks-web3-competition-winner/photosynthesisv5/photosynthesis-main/sap-with-full-liquid-stake-redemption-workflow/build/archwayd --home /media/usbHDD1/photov10/Photosynthesis-Dorahacks-web3-competition-winner/photosynthesisv5/photosynthesis-main/sap-with-full-liquid-stake-redemption-workflow/dockernet/state/photo1  tx bank send  archway14zd6utea6u2zy5pd2yecphz8j9ydsq7x7qc8fu archway14scfhuect675c5lcve8lsu23c2azzx0lnckw35 1000000uarch --from pval4 --keyring-backend=test --chain-id localnet --fees 17000uarch -y

strided binary
archwayd binary
/media/usbHDD1/photov10/Photosynthesis-Dorahacks-web3-competition-winner/photosynthesisv5/photosynthesis-main/sap-with-full-liquid-stake-redemption-workflow/build/archwayd --home /media/usbHDD1/photov10/Photosynthesis-Dorahacks-web3-competition-winner/photosynthesisv5/photosynthesis-main/sap-with-full-liquid-stake-redemption-workflow/dockernet/state/photo1  tx bank send  archway14zd6utea6u2zy5pd2yecphz8j9ydsq7x7qc8fu archway14scfhuect675c5lcve8lsu23c2azzx0lnckw35 1000000uarch --from pval4 --keyring-backend=test --chain-id localnet --fees 17000uarch -y

strided binary
archwayd binary
/media/usbHDD1/photov10/Photosynthesis-Dorahacks-web3-competition-winner/photosynthesisv5/photosynthesis-main/sap-with-full-liquid-stake-redemption-workflow/build/archwayd --home /media/usbHDD1/photov10/Photosynthesis-Dorahacks-web3-competition-winner/photosynthesisv5/photosynthesis-main/sap-with-full-liquid-stake-redemption-workflow/dockernet/state/photo1  tx bank send  archway14zd6utea6u2zy5pd2yecphz8j9ydsq7x7qc8fu archway14scfhuect675c5lcve8lsu23c2azzx0lnckw35 1000000uarch --from pval4 --keyring-backend=test --chain-id localnet --fees 17000uarch -y

strided binary
archwayd binary
/media/usbHDD1/photov10/Photosynthesis-Dorahacks-web3-competition-winner/photosynthesisv5/photosynthesis-main/sap-with-full-liquid-stake-redemption-workflow/build/archwayd --home /media/usbHDD1/photov10/Photosynthesis-Dorahacks-web3-competition-winner/photosynthesisv5/photosynthesis-main/sap-with-full-liquid-stake-redemption-workflow/dockernet/state/photo1  tx bank send  archway14zd6utea6u2zy5pd2yecphz8j9ydsq7x7qc8fu archway14scfhuect675c5lcve8lsu23c2azzx0lnckw35 1000000uarch --from pval4 --keyring-backend=test --chain-id localnet --fees 17000uarch -y

strided binary
archwayd binary
/media/usbHDD1/photov10/Photosynthesis-Dorahacks-web3-competition-winner/photosynthesisv5/photosynthesis-main/sap-with-full-liquid-stake-redemption-workflow/build/archwayd --home /media/usbHDD1/photov10/Photosynthesis-Dorahacks-web3-competition-winner/photosynthesisv5/photosynthesis-main/sap-with-full-liquid-stake-redemption-workflow/dockernet/state/photo1  tx bank send  archway14zd6utea6u2zy5pd2yecphz8j9ydsq7x7qc8fu archway14scfhuect675c5lcve8lsu23c2azzx0lnckw35 1000000uarch --from pval4 --keyring-backend=test --chain-id localnet --fees 17000uarch -y

strided binary
archwayd binary
/media/usbHDD1/photov10/Photosynthesis-Dorahacks-web3-competition-winner/photosynthesisv5/photosynthesis-main/sap-with-full-liquid-stake-redemption-workflow/build/archwayd --home /media/usbHDD1/photov10/Photosynthesis-Dorahacks-web3-competition-winner/photosynthesisv5/photosynthesis-main/sap-with-full-liquid-stake-redemption-workflow/dockernet/state/photo1  tx bank send  archway14zd6utea6u2zy5pd2yecphz8j9ydsq7x7qc8fu archway14scfhuect675c5lcve8lsu23c2azzx0lnckw35 1000000uarch --from pval4 --keyring-backend=test --chain-id localnet --fees 17000uarch -y

strided binary
archwayd binary
/media/usbHDD1/photov10/Photosynthesis-Dorahacks-web3-competition-winner/photosynthesisv5/photosynthesis-main/sap-with-full-liquid-stake-redemption-workflow/build/archwayd --home /media/usbHDD1/photov10/Photosynthesis-Dorahacks-web3-competition-winner/photosynthesisv5/photosynthesis-main/sap-with-full-liquid-stake-redemption-workflow/dockernet/state/photo1  tx bank send  archway14zd6utea6u2zy5pd2yecphz8j9ydsq7x7qc8fu archway14scfhuect675c5lcve8lsu23c2azzx0lnckw35 1000000uarch --from pval4 --keyring-backend=test --chain-id localnet --fees 17000uarch -y

strided binary
archwayd binary
/media/usbHDD1/photov10/Photosynthesis-Dorahacks-web3-competition-winner/photosynthesisv5/photosynthesis-main/sap-with-full-liquid-stake-redemption-workflow/build/archwayd --home /media/usbHDD1/photov10/Photosynthesis-Dorahacks-web3-competition-winner/photosynthesisv5/photosynthesis-main/sap-with-full-liquid-stake-redemption-workflow/dockernet/state/photo1  tx bank send  archway14zd6utea6u2zy5pd2yecphz8j9ydsq7x7qc8fu archway14scfhuect675c5lcve8lsu23c2azzx0lnckw35 1000000uarch --from pval4 --keyring-backend=test --chain-id localnet --fees 17000uarch -y

strided binary
archwayd binary
/media/usbHDD1/photov10/Photosynthesis-Dorahacks-web3-competition-winner/photosynthesisv5/photosynthesis-main/sap-with-full-liquid-stake-redemption-workflow/build/archwayd --home /media/usbHDD1/photov10/Photosynthesis-Dorahacks-web3-competition-winner/photosynthesisv5/photosynthesis-main/sap-with-full-liquid-stake-redemption-workflow/dockernet/state/photo1  tx bank send  archway14zd6utea6u2zy5pd2yecphz8j9ydsq7x7qc8fu archway14scfhuect675c5lcve8lsu23c2azzx0lnckw35 1000000uarch --from pval4 --keyring-backend=test --chain-id localnet --fees 17000uarch -y

strided binary
archwayd binary
/media/usbHDD1/photov10/Photosynthesis-Dorahacks-web3-competition-winner/photosynthesisv5/photosynthesis-main/sap-with-full-liquid-stake-redemption-workflow/build/archwayd --home /media/usbHDD1/photov10/Photosynthesis-Dorahacks-web3-competition-winner/photosynthesisv5/photosynthesis-main/sap-with-full-liquid-stake-redemption-workflow/dockernet/state/photo1  tx bank send  archway14zd6utea6u2zy5pd2yecphz8j9ydsq7x7qc8fu archway14scfhuect675c5lcve8lsu23c2azzx0lnckw35 1000000uarch --from pval4 --keyring-backend=test --chain-id localnet --fees 17000uarch -y

strided binary
archwayd binary
/media/usbHDD1/photov10/Photosynthesis-Dorahacks-web3-competition-winner/photosynthesisv5/photosynthesis-main/sap-with-full-liquid-stake-redemption-workflow/build/archwayd --home /media/usbHDD1/photov10/Photosynthesis-Dorahacks-web3-competition-winner/photosynthesisv5/photosynthesis-main/sap-with-full-liquid-stake-redemption-workflow/dockernet/state/photo1  tx bank send  archway14zd6utea6u2zy5pd2yecphz8j9ydsq7x7qc8fu archway14scfhuect675c5lcve8lsu23c2azzx0lnckw35 1000000uarch --from pval4 --keyring-backend=test --chain-id localnet --fees 17000uarch -y

strided binary
archwayd binary
/media/usbHDD1/photov10/Photosynthesis-Dorahacks-web3-competition-winner/photosynthesisv5/photosynthesis-main/sap-with-full-liquid-stake-redemption-workflow/build/archwayd --home /media/usbHDD1/photov10/Photosynthesis-Dorahacks-web3-competition-winner/photosynthesisv5/photosynthesis-main/sap-with-full-liquid-stake-redemption-workflow/dockernet/state/photo1  tx bank send  archway14zd6utea6u2zy5pd2yecphz8j9ydsq7x7qc8fu archway14scfhuect675c5lcve8lsu23c2azzx0lnckw35 1000000uarch --from pval4 --keyring-backend=test --chain-id localnet --fees 17000uarch -y

strided binary
archwayd binary
/media/usbHDD1/photov10/Photosynthesis-Dorahacks-web3-competition-winner/photosynthesisv5/photosynthesis-main/sap-with-full-liquid-stake-redemption-workflow/build/archwayd --home /media/usbHDD1/photov10/Photosynthesis-Dorahacks-web3-competition-winner/photosynthesisv5/photosynthesis-main/sap-with-full-liquid-stake-redemption-workflow/dockernet/state/photo1  tx bank send  archway14zd6utea6u2zy5pd2yecphz8j9ydsq7x7qc8fu archway14scfhuect675c5lcve8lsu23c2azzx0lnckw35 1000000uarch --from pval4 --keyring-backend=test --chain-id localnet --fees 17000uarch -y

strided binary
archwayd binary
/media/usbHDD1/photov10/Photosynthesis-Dorahacks-web3-competition-winner/photosynthesisv5/photosynthesis-main/sap-with-full-liquid-stake-redemption-workflow/build/archwayd --home /media/usbHDD1/photov10/Photosynthesis-Dorahacks-web3-competition-winner/photosynthesisv5/photosynthesis-main/sap-with-full-liquid-stake-redemption-workflow/dockernet/state/photo1  tx bank send  archway14zd6utea6u2zy5pd2yecphz8j9ydsq7x7qc8fu archway14scfhuect675c5lcve8lsu23c2azzx0lnckw35 1000000uarch --from pval4 --keyring-backend=test --chain-id localnet --fees 17000uarch -y

strided binary
archwayd binary
/media/usbHDD1/photov10/Photosynthesis-Dorahacks-web3-competition-winner/photosynthesisv5/photosynthesis-main/sap-with-full-liquid-stake-redemption-workflow/build/archwayd --home /media/usbHDD1/photov10/Photosynthesis-Dorahacks-web3-competition-winner/photosynthesisv5/photosynthesis-main/sap-with-full-liquid-stake-redemption-workflow/dockernet/state/photo1  tx bank send  archway14zd6utea6u2zy5pd2yecphz8j9ydsq7x7qc8fu archway14scfhuect675c5lcve8lsu23c2azzx0lnckw35 1000000uarch --from pval4 --keyring-backend=test --chain-id localnet --fees 17000uarch -y

strided binary
archwayd binary
/media/usbHDD1/photov10/Photosynthesis-Dorahacks-web3-competition-winner/photosynthesisv5/photosynthesis-main/sap-with-full-liquid-stake-redemption-workflow/build/archwayd --home /media/usbHDD1/photov10/Photosynthesis-Dorahacks-web3-competition-winner/photosynthesisv5/photosynthesis-main/sap-with-full-liquid-stake-redemption-workflow/dockernet/state/photo1  tx bank send  archway14zd6utea6u2zy5pd2yecphz8j9ydsq7x7qc8fu archway14scfhuect675c5lcve8lsu23c2azzx0lnckw35 1000000uarch --from pval4 --keyring-backend=test --chain-id localnet --fees 17000uarch -y

strided binary
archwayd binary
/media/usbHDD1/photov10/Photosynthesis-Dorahacks-web3-competition-winner/photosynthesisv5/photosynthesis-main/sap-with-full-liquid-stake-redemption-workflow/build/archwayd --home /media/usbHDD1/photov10/Photosynthesis-Dorahacks-web3-competition-winner/photosynthesisv5/photosynthesis-main/sap-with-full-liquid-stake-redemption-workflow/dockernet/state/photo1  tx bank send  archway14zd6utea6u2zy5pd2yecphz8j9ydsq7x7qc8fu archway14scfhuect675c5lcve8lsu23c2azzx0lnckw35 1000000uarch --from pval4 --keyring-backend=test --chain-id localnet --fees 17000uarch -y

strided binary
archwayd binary
/media/usbHDD1/photov10/Photosynthesis-Dorahacks-web3-competition-winner/photosynthesisv5/photosynthesis-main/sap-with-full-liquid-stake-redemption-workflow/build/archwayd --home /media/usbHDD1/photov10/Photosynthesis-Dorahacks-web3-competition-winner/photosynthesisv5/photosynthesis-main/sap-with-full-liquid-stake-redemption-workflow/dockernet/state/photo1  tx bank send  archway14zd6utea6u2zy5pd2yecphz8j9ydsq7x7qc8fu archway14scfhuect675c5lcve8lsu23c2azzx0lnckw35 1000000uarch --from pval4 --keyring-backend=test --chain-id localnet --fees 17000uarch -y

strided binary
archwayd binary
/media/usbHDD1/photov10/Photosynthesis-Dorahacks-web3-competition-winner/photosynthesisv5/photosynthesis-main/sap-with-full-liquid-stake-redemption-workflow/build/archwayd --home /media/usbHDD1/photov10/Photosynthesis-Dorahacks-web3-competition-winner/photosynthesisv5/photosynthesis-main/sap-with-full-liquid-stake-redemption-workflow/dockernet/state/photo1  tx bank send  archway14zd6utea6u2zy5pd2yecphz8j9ydsq7x7qc8fu archway14scfhuect675c5lcve8lsu23c2azzx0lnckw35 1000000uarch --from pval4 --keyring-backend=test --chain-id localnet --fees 17000uarch -y

strided binary
archwayd binary
/media/usbHDD1/photov10/Photosynthesis-Dorahacks-web3-competition-winner/photosynthesisv5/photosynthesis-main/sap-with-full-liquid-stake-redemption-workflow/build/archwayd --home /media/usbHDD1/photov10/Photosynthesis-Dorahacks-web3-competition-winner/photosynthesisv5/photosynthesis-main/sap-with-full-liquid-stake-redemption-workflow/dockernet/state/photo1  tx bank send  archway14zd6utea6u2zy5pd2yecphz8j9ydsq7x7qc8fu archway14scfhuect675c5lcve8lsu23c2azzx0lnckw35 1000000uarch --from pval4 --keyring-backend=test --chain-id localnet --fees 17000uarch -y

strided binary
archwayd binary
/media/usbHDD1/photov10/Photosynthesis-Dorahacks-web3-competition-winner/photosynthesisv5/photosynthesis-main/sap-with-full-liquid-stake-redemption-workflow/build/archwayd --home /media/usbHDD1/photov10/Photosynthesis-Dorahacks-web3-competition-winner/photosynthesisv5/photosynthesis-main/sap-with-full-liquid-stake-redemption-workflow/dockernet/state/photo1  tx bank send  archway14zd6utea6u2zy5pd2yecphz8j9ydsq7x7qc8fu archway14scfhuect675c5lcve8lsu23c2azzx0lnckw35 1000000uarch --from pval4 --keyring-backend=test --chain-id localnet --fees 17000uarch -y

strided binary
archwayd binary
/media/usbHDD1/photov10/Photosynthesis-Dorahacks-web3-competition-winner/photosynthesisv5/photosynthesis-main/sap-with-full-liquid-stake-redemption-workflow/build/archwayd --home /media/usbHDD1/photov10/Photosynthesis-Dorahacks-web3-competition-winner/photosynthesisv5/photosynthesis-main/sap-with-full-liquid-stake-redemption-workflow/dockernet/state/photo1  tx bank send  archway14zd6utea6u2zy5pd2yecphz8j9ydsq7x7qc8fu archway14scfhuect675c5lcve8lsu23c2azzx0lnckw35 1000000uarch --from pval4 --keyring-backend=test --chain-id localnet --fees 17000uarch -y

strided binary
archwayd binary
/media/usbHDD1/photov10/Photosynthesis-Dorahacks-web3-competition-winner/photosynthesisv5/photosynthesis-main/sap-with-full-liquid-stake-redemption-workflow/build/archwayd --home /media/usbHDD1/photov10/Photosynthesis-Dorahacks-web3-competition-winner/photosynthesisv5/photosynthesis-main/sap-with-full-liquid-stake-redemption-workflow/dockernet/state/photo1  tx bank send  archway14zd6utea6u2zy5pd2yecphz8j9ydsq7x7qc8fu archway14scfhuect675c5lcve8lsu23c2azzx0lnckw35 1000000uarch --from pval4 --keyring-backend=test --chain-id localnet --fees 17000uarch -y

strided binary
archwayd binary
/media/usbHDD1/photov10/Photosynthesis-Dorahacks-web3-competition-winner/photosynthesisv5/photosynthesis-main/sap-with-full-liquid-stake-redemption-workflow/build/archwayd --home /media/usbHDD1/photov10/Photosynthesis-Dorahacks-web3-competition-winner/photosynthesisv5/photosynthesis-main/sap-with-full-liquid-stake-redemption-workflow/dockernet/state/photo1  tx bank send  archway14zd6utea6u2zy5pd2yecphz8j9ydsq7x7qc8fu archway14scfhuect675c5lcve8lsu23c2azzx0lnckw35 1000000uarch --from pval4 --keyring-backend=test --chain-id localnet --fees 17000uarch -y

strided binary
archwayd binary
/media/usbHDD1/photov10/Photosynthesis-Dorahacks-web3-competition-winner/photosynthesisv5/photosynthesis-main/sap-with-full-liquid-stake-redemption-workflow/build/archwayd --home /media/usbHDD1/photov10/Photosynthesis-Dorahacks-web3-competition-winner/photosynthesisv5/photosynthesis-main/sap-with-full-liquid-stake-redemption-workflow/dockernet/state/photo1  tx bank send  archway14zd6utea6u2zy5pd2yecphz8j9ydsq7x7qc8fu archway14scfhuect675c5lcve8lsu23c2azzx0lnckw35 1000000uarch --from pval4 --keyring-backend=test --chain-id localnet --fees 17000uarch -y

strided binary
archwayd binary
/media/usbHDD1/photov10/Photosynthesis-Dorahacks-web3-competition-winner/photosynthesisv5/photosynthesis-main/sap-with-full-liquid-stake-redemption-workflow/build/archwayd --home /media/usbHDD1/photov10/Photosynthesis-Dorahacks-web3-competition-winner/photosynthesisv5/photosynthesis-main/sap-with-full-liquid-stake-redemption-workflow/dockernet/state/photo1  tx bank send  archway14zd6utea6u2zy5pd2yecphz8j9ydsq7x7qc8fu archway14scfhuect675c5lcve8lsu23c2azzx0lnckw35 1000000uarch --from pval4 --keyring-backend=test --chain-id localnet --fees 17000uarch -y

strided binary
archwayd binary
/media/usbHDD1/photov10/Photosynthesis-Dorahacks-web3-competition-winner/photosynthesisv5/photosynthesis-main/sap-with-full-liquid-stake-redemption-workflow/build/archwayd --home /media/usbHDD1/photov10/Photosynthesis-Dorahacks-web3-competition-winner/photosynthesisv5/photosynthesis-main/sap-with-full-liquid-stake-redemption-workflow/dockernet/state/photo1  tx bank send  archway14zd6utea6u2zy5pd2yecphz8j9ydsq7x7qc8fu archway14scfhuect675c5lcve8lsu23c2azzx0lnckw35 1000000uarch --from pval4 --keyring-backend=test --chain-id localnet --fees 17000uarch -y

strided binary
archwayd binary
/media/usbHDD1/photov10/Photosynthesis-Dorahacks-web3-competition-winner/photosynthesisv5/photosynthesis-main/sap-with-full-liquid-stake-redemption-workflow/build/archwayd --home /media/usbHDD1/photov10/Photosynthesis-Dorahacks-web3-competition-winner/photosynthesisv5/photosynthesis-main/sap-with-full-liquid-stake-redemption-workflow/dockernet/state/photo1  tx bank send  archway14zd6utea6u2zy5pd2yecphz8j9ydsq7x7qc8fu archway14scfhuect675c5lcve8lsu23c2azzx0lnckw35 1000000uarch --from pval4 --keyring-backend=test --chain-id localnet --fees 17000uarch -y

strided binary
archwayd binary
/media/usbHDD1/photov10/Photosynthesis-Dorahacks-web3-competition-winner/photosynthesisv5/photosynthesis-main/sap-with-full-liquid-stake-redemption-workflow/build/archwayd --home /media/usbHDD1/photov10/Photosynthesis-Dorahacks-web3-competition-winner/photosynthesisv5/photosynthesis-main/sap-with-full-liquid-stake-redemption-workflow/dockernet/state/photo1  tx bank send  archway14zd6utea6u2zy5pd2yecphz8j9ydsq7x7qc8fu archway14scfhuect675c5lcve8lsu23c2azzx0lnckw35 1000000uarch --from pval4 --keyring-backend=test --chain-id localnet --fees 17000uarch -y

strided binary
archwayd binary
/media/usbHDD1/photov10/Photosynthesis-Dorahacks-web3-competition-winner/photosynthesisv5/photosynthesis-main/sap-with-full-liquid-stake-redemption-workflow/build/archwayd --home /media/usbHDD1/photov10/Photosynthesis-Dorahacks-web3-competition-winner/photosynthesisv5/photosynthesis-main/sap-with-full-liquid-stake-redemption-workflow/dockernet/state/photo1  tx bank send  archway14zd6utea6u2zy5pd2yecphz8j9ydsq7x7qc8fu archway14scfhuect675c5lcve8lsu23c2azzx0lnckw35 1000000uarch --from pval4 --keyring-backend=test --chain-id localnet --fees 17000uarch -y

strided binary
archwayd binary
/media/usbHDD1/photov10/Photosynthesis-Dorahacks-web3-competition-winner/photosynthesisv5/photosynthesis-main/sap-with-full-liquid-stake-redemption-workflow/build/archwayd --home /media/usbHDD1/photov10/Photosynthesis-Dorahacks-web3-competition-winner/photosynthesisv5/photosynthesis-main/sap-with-full-liquid-stake-redemption-workflow/dockernet/state/photo1  tx bank send  archway14zd6utea6u2zy5pd2yecphz8j9ydsq7x7qc8fu archway14scfhuect675c5lcve8lsu23c2azzx0lnckw35 1000000uarch --from pval4 --keyring-backend=test --chain-id localnet --fees 17000uarch -y

strided binary
archwayd binary
/media/usbHDD1/photov10/Photosynthesis-Dorahacks-web3-competition-winner/photosynthesisv5/photosynthesis-main/sap-with-full-liquid-stake-redemption-workflow/build/archwayd --home /media/usbHDD1/photov10/Photosynthesis-Dorahacks-web3-competition-winner/photosynthesisv5/photosynthesis-main/sap-with-full-liquid-stake-redemption-workflow/dockernet/state/photo1  tx bank send  archway14zd6utea6u2zy5pd2yecphz8j9ydsq7x7qc8fu archway14scfhuect675c5lcve8lsu23c2azzx0lnckw35 1000000uarch --from pval4 --keyring-backend=test --chain-id localnet --fees 17000uarch -y

