{"message":"2023-09-06 09:54:01"}
{"message":"2023-09-06 09:54:01"}
{"message":"2023-09-06 09:54:01"}
{"message":"2023-09-06 09:54:01"}
{"message":"2023-09-06 09:54:01"}
{"message":"2023-09-06 09:54:02"}
{"message":"Contract archway1muhrlnxwymvvyag8fac6t4amxnv4ezq66x4cah has tokens: 320000"}
{"message":"2023-09-06 09:54:02"}
{"message":"Total Tokens: 320000"}
{"message":"2023-09-06 09:54:02"}
{"message":"/media/usbHDD1/photov10/Photosynthesis-Dorahacks-web3-competition-winner/photosynthesisv5/photosynthesis-main/sap-with-full-liquid-stake-redemption-workflow/build/archwayd --home /media/usbHDD1/photov10/Photosynthesis-Dorahacks-web3-competition-winner/photosynthesisv5/photosynthesis-main/sap-with-full-liquid-stake-redemption-workflow/dockernet/state/photo1 q bank balances archway1n3fvgm3ck5wylx6q4tsywglg82vxflj3h8e90m --chain-id localnet"}
{ "balances": [ { "amount": "9999723000", "denom": "uarch" } ], "pagination": { "next_key": null, "total": "0" } }
{"message":"2023-09-06 09:54:04"}
{"message":"2023-09-06 09:54:04"}
{"message":"2023-09-06 09:54:04"}
{"message":"2023-09-06 09:54:04"}
{"message":"2023-09-06 09:54:05"}
{"message":"2023-09-06 09:54:05"}
{"message":"total redemption amount: 9999723000"}
{"message":"2023-09-06 09:54:05"}
{"message":"2023-09-06 09:54:05"}
{"message":"2023-09-06 09:54:05"}
{"message":"2023-09-06 09:54:05"}
{"message":"2023-09-06 09:54:05"}
{"message":"2023-09-06 09:54:05"}
{"message":"2023-09-06 09:54:05"}
Debug: BEFORE_CLAIM = 
Debug: AFTER_CLAIM = 
Debug: DIFFERENCE = 0
{"message":"Amount before claim: "}
{"message":"Amount after claim: "}
{"message":"Difference between before claim and after claim: 0"}
No change between the amounts before and after the claim.
{"message":"0"}
{"message":"Total Redemption Amount: 0"}
{"message":"2023-09-06 09:54:05"}
{"message":"2023-09-06 09:54:05"}
{"message":"Contract archway1muhrlnxwymvvyag8fac6t4amxnv4ezq66x4cah has a ratio of 1.00"}
{"message":"Executing: /media/usbHDD1/photov10/Photosynthesis-Dorahacks-web3-competition-winner/photosynthesisv5/photosynthesis-main/sap-with-full-liquid-stake-redemption-workflow/build/archwayd tx --home /media/usbHDD1/photov10/Photosynthesis-Dorahacks-web3-competition-winner/photosynthesisv5/photosynthesis-main/sap-with-full-liquid-stake-redemption-workflow/dockernet/state/photo1 bank send archway1n3fvgm3ck5wylx6q4tsywglg82vxflj3h8e90m  0uarch --from pval2 --keyring-backend=test --chain-id localnet --fees 17000uarch -y"}
null
{"message":"2023-09-06 09:54:11"}
{"message":"2023-09-06 10:24:01"}
{"message":"2023-09-06 10:24:01"}
{"message":"2023-09-06 10:24:01"}
{"message":"2023-09-06 10:24:01"}
{"message":"2023-09-06 10:24:01"}
{"message":"2023-09-06 10:24:01"}
{"message":"2023-09-06 10:24:02"}
{"message":"2023-09-06 10:24:02"}
{"message":"Contract archway1mttwtv6pdx2anl9pse3lfmqmswnhgna52hh85d has tokens: 182835"}
{"message":"Contract archway1muhrlnxwymvvyag8fac6t4amxnv4ezq66x4cah has tokens: 167164"}
{"message":"2023-09-06 10:24:02"}
{"message":"Total Tokens: 349999"}
{"message":"2023-09-06 10:24:02"}
{"message":"/media/usbHDD1/photov10/Photosynthesis-Dorahacks-web3-competition-winner/photosynthesisv5/photosynthesis-main/sap-with-full-liquid-stake-redemption-workflow/build/archwayd --home /media/usbHDD1/photov10/Photosynthesis-Dorahacks-web3-competition-winner/photosynthesisv5/photosynthesis-main/sap-with-full-liquid-stake-redemption-workflow/dockernet/state/photo1 q bank balances archway1n3fvgm3ck5wylx6q4tsywglg82vxflj3h8e90m --chain-id localnet"}
{ "balances": [ { "amount": "457165", "denom": "ibc/15CE03505E1F9891F448F53C9A06FD6C6AF9E5BE7CBB0A4B45F7BE5C9CBFC145" }, { "amount": "9999006000", "denom": "uarch" } ], "pagination": { "next_key": null, "total": "0" } }
{"message":"2023-09-06 10:24:04"}
{"message":"2023-09-06 10:24:04"}
{"message":"2023-09-06 10:24:04"}
{"message":"2023-09-06 10:24:04"}
{"message":"2023-09-06 10:24:04"}
{"message":"2023-09-06 10:24:04"}
{"message":"Liquid Amount: 457165"}
{"message":"2023-09-06 10:24:05"}
{"message":"2023-09-06 10:24:05"}
{"message":"2023-09-06 10:24:05"}
{"message":"2023-09-06 10:24:05"}
{"message":"total redemption amount: 9999006000"}
{"message":"2023-09-06 10:24:05"}
{"message":"2023-09-06 10:24:05"}
{"message":"2023-09-06 10:24:05"}
{"message":"2023-09-06 10:24:05"}
{"message":"2023-09-06 10:24:05"}
{"message":"2023-09-06 10:24:05"}
{"message":"2023-09-06 10:24:05"}
Debug: BEFORE_CLAIM = 
Debug: AFTER_CLAIM = 
Debug: DIFFERENCE = 0
{"message":"Amount before claim: "}
{"message":"Amount after claim: "}
{"message":"Difference between before claim and after claim: 0"}
No change between the amounts before and after the claim.
{"message":"0"}
{"message":"Total Redemption Amount: 0"}
{"message":"2023-09-06 10:24:05"}
{"message":"2023-09-06 10:24:05"}
{"message":"Contract archway1mttwtv6pdx2anl9pse3lfmqmswnhgna52hh85d has a ratio of .52"}
{"message":"Executing: /media/usbHDD1/photov10/Photosynthesis-Dorahacks-web3-competition-winner/photosynthesisv5/photosynthesis-main/sap-with-full-liquid-stake-redemption-workflow/build/archwayd tx --home /media/usbHDD1/photov10/Photosynthesis-Dorahacks-web3-competition-winner/photosynthesisv5/photosynthesis-main/sap-with-full-liquid-stake-redemption-workflow/dockernet/state/photo1 bank send archway1n3fvgm3ck5wylx6q4tsywglg82vxflj3h8e90m  0uarch --from pval2 --keyring-backend=test --chain-id localnet --fees 17000uarch -y"}
null
{"message":"2023-09-06 10:24:10"}
{"message":"Contract archway1muhrlnxwymvvyag8fac6t4amxnv4ezq66x4cah has a ratio of .47"}
{"message":"Executing: /media/usbHDD1/photov10/Photosynthesis-Dorahacks-web3-competition-winner/photosynthesisv5/photosynthesis-main/sap-with-full-liquid-stake-redemption-workflow/build/archwayd tx --home /media/usbHDD1/photov10/Photosynthesis-Dorahacks-web3-competition-winner/photosynthesisv5/photosynthesis-main/sap-with-full-liquid-stake-redemption-workflow/dockernet/state/photo1 bank send archway1n3fvgm3ck5wylx6q4tsywglg82vxflj3h8e90m  0uarch --from pval2 --keyring-backend=test --chain-id localnet --fees 17000uarch -y"}
null
{"message":"2023-09-06 10:24:16"}
{"message":"2023-09-06 11:03:01"}
{"message":"2023-09-06 11:03:01"}
{"message":"Contract archway1mttwtv6pdx2anl9pse3lfmqmswnhgna52hh85d has redemption address: archway1v6fyktv9al0k09j2tlp3le0sz72t36qxznwzkm"}
{"message":"Contract archway1muhrlnxwymvvyag8fac6t4amxnv4ezq66x4cah has redemption address: archway1sy3um5f40e4u6zt8yg2qfqrrcve4rjq2n4ra7c"}
{"message":"2023-09-06 11:03:01"}
{"message":"2023-09-06 11:03:01"}
{"message":"2023-09-06 11:03:01"}
{"message":"2023-09-06 11:03:01"}
{"message":"2023-09-06 11:03:01"}
{"message":"2023-09-06 11:03:01"}
{"message":"Contract archway1mttwtv6pdx2anl9pse3lfmqmswnhgna52hh85d has tokens: 480392"}
{"message":"Contract archway1muhrlnxwymvvyag8fac6t4amxnv4ezq66x4cah has tokens: 219607"}
{"message":"2023-09-06 11:03:02"}
{"message":"Total Tokens: 699999"}
{"message":"2023-09-06 11:03:02"}
{"message":"/media/usbHDD1/photov10/Photosynthesis-Dorahacks-web3-competition-winner/photosynthesisv5/photosynthesis-main/sap-with-full-liquid-stake-redemption-workflow/build/archwayd --home /media/usbHDD1/photov10/Photosynthesis-Dorahacks-web3-competition-winner/photosynthesisv5/photosynthesis-main/sap-with-full-liquid-stake-redemption-workflow/dockernet/state/photo1 q bank balances archway1n3fvgm3ck5wylx6q4tsywglg82vxflj3h8e90m --chain-id localnet"}
{ "balances": [ { "amount": "1127165", "denom": "ibc/15CE03505E1F9891F448F53C9A06FD6C6AF9E5BE7CBB0A4B45F7BE5C9CBFC145" }, { "amount": "9998489716", "denom": "uarch" } ], "pagination": { "next_key": null, "total": "0" } }
{"message":"2023-09-06 12:03:01"}
{"message":"2023-09-06 12:03:01"}
{"message":"Contract archway1mttwtv6pdx2anl9pse3lfmqmswnhgna52hh85d has redemption address: archway1v6fyktv9al0k09j2tlp3le0sz72t36qxznwzkm"}
{"message":"Contract archway1muhrlnxwymvvyag8fac6t4amxnv4ezq66x4cah has redemption address: archway1sy3um5f40e4u6zt8yg2qfqrrcve4rjq2n4ra7c"}
{"message":"2023-09-06 12:03:01"}
{"message":"2023-09-06 12:03:01"}
{"message":"2023-09-06 12:03:01"}
{"message":"2023-09-06 12:03:01"}
{"message":"2023-09-06 12:03:01"}
{"message":"2023-09-06 12:03:01"}
{"message":"2023-09-06 12:03:01"}
{"message":"2023-09-06 12:03:02"}
{"message":"2023-09-06 12:03:02"}
{"message":"2023-09-06 12:03:02"}
{"message":"Contract archway1mttwtv6pdx2anl9pse3lfmqmswnhgna52hh85d has tokens: 1944278"}
{"message":"Contract archway1muhrlnxwymvvyag8fac6t4amxnv4ezq66x4cah has tokens: 505720"}
{"message":"2023-09-06 12:03:02"}
{"message":"Total Tokens: 2449998"}
{"message":"2023-09-06 12:03:02"}
{"message":"/media/usbHDD1/photov10/Photosynthesis-Dorahacks-web3-competition-winner/photosynthesisv5/photosynthesis-main/sap-with-full-liquid-stake-redemption-workflow/build/archwayd --home /media/usbHDD1/photov10/Photosynthesis-Dorahacks-web3-competition-winner/photosynthesisv5/photosynthesis-main/sap-with-full-liquid-stake-redemption-workflow/dockernet/state/photo1 q bank balances archway1n3fvgm3ck5wylx6q4tsywglg82vxflj3h8e90m --chain-id localnet"}
{ "balances": [ { "amount": "1495833", "denom": "ibc/15CE03505E1F9891F448F53C9A06FD6C6AF9E5BE7CBB0A4B45F7BE5C9CBFC145" }, { "amount": "9999021722", "denom": "uarch" } ], "pagination": { "next_key": null, "total": "0" } }
{"message":"2023-09-06 12:03:04"}
{"message":"2023-09-06 12:03:04"}
{"message":"2023-09-06 12:03:04"}
{"message":"2023-09-06 12:03:04"}
{"message":"2023-09-06 12:03:04"}
{"message":"2023-09-06 12:03:04"}
{"message":"Liquid Amount: 1495833"}
{"message":"2023-09-06 12:03:04"}
{"message":"2023-09-06 12:03:04"}
{"message":"2023-09-06 12:03:04"}
{"message":"2023-09-06 12:03:04"}
{"message":"total redemption amount: 9999021722"}
{"message":"2023-09-06 12:03:05"}
{"message":"2023-09-06 12:03:05"}
{"message":"2023-09-06 12:03:05"}
{"message":"2023-09-06 12:03:05"}
{"message":"2023-09-06 12:03:05"}
{"message":"2023-09-06 12:03:05"}
{"message":"2023-09-06 12:03:05"}
Debug: BEFORE_CLAIM = 9997978550
Debug: AFTER_CLAIM = 9998708706
Debug: DIFFERENCE = 730156
{"message":"Amount before claim: 9997978550"}
{"message":"Amount after claim: 9998708706"}
{"message":"Difference between before claim and after claim: 730156"}
Difference detected.
{"message":"730156"}
{"message":"Total Redemption Amount: 730156"}
{"message":"2023-09-06 12:03:05"}
{"message":"2023-09-06 12:03:05"}
{"message":"Contract archway1mttwtv6pdx2anl9pse3lfmqmswnhgna52hh85d has a ratio of .79"}
{"message":"Executing: /media/usbHDD1/photov10/Photosynthesis-Dorahacks-web3-competition-winner/photosynthesisv5/photosynthesis-main/sap-with-full-liquid-stake-redemption-workflow/build/archwayd tx --home /media/usbHDD1/photov10/Photosynthesis-Dorahacks-web3-competition-winner/photosynthesisv5/photosynthesis-main/sap-with-full-liquid-stake-redemption-workflow/dockernet/state/photo1 bank send archway1n3fvgm3ck5wylx6q4tsywglg82vxflj3h8e90m archway1v6fyktv9al0k09j2tlp3le0sz72t36qxznwzkm 576823uarch --from pval2 --keyring-backend=test --chain-id localnet --fees 17000uarch -y"}
{ "code": 0, "codespace": "", "data": "", "events": [], "gas_used": "0", "gas_wanted": "0", "height": "0", "info": "", "logs": [], "raw_log": "[]", "timestamp": "", "tx": null, "txhash": "13CC5609EA6553E19F6EF196309D9DFCCD48E0C88E9EC5ACC29230A06682AE83" }
{"message":"2023-09-06 12:03:10"}
{"message":"Contract archway1muhrlnxwymvvyag8fac6t4amxnv4ezq66x4cah has a ratio of .20"}
{"message":"Executing: /media/usbHDD1/photov10/Photosynthesis-Dorahacks-web3-competition-winner/photosynthesisv5/photosynthesis-main/sap-with-full-liquid-stake-redemption-workflow/build/archwayd tx --home /media/usbHDD1/photov10/Photosynthesis-Dorahacks-web3-competition-winner/photosynthesisv5/photosynthesis-main/sap-with-full-liquid-stake-redemption-workflow/dockernet/state/photo1 bank send archway1n3fvgm3ck5wylx6q4tsywglg82vxflj3h8e90m archway1sy3um5f40e4u6zt8yg2qfqrrcve4rjq2n4ra7c 146031uarch --from pval2 --keyring-backend=test --chain-id localnet --fees 17000uarch -y"}
{ "code": 0, "codespace": "", "data": "", "events": [], "gas_used": "0", "gas_wanted": "0", "height": "0", "info": "", "logs": [], "raw_log": "[]", "timestamp": "", "tx": null, "txhash": "725CFF06EC3BABB8A92363A6E14705C1529A798CCA4D8286DB2729A3F1F095FA" }
{"message":"2023-09-06 12:03:16"}
