strided binary
archwayd binary
{"message":"2023-09-05 16:52:03"}
/media/usbHDD1/photov10/Photosynthesis-Dorahacks-web3-competition-winner/photosynthesisv5/photosynthesis-main/sap-with-full-liquid-stake-redemption-workflow/dockernet/logs/enableredeemstake does not exist.
strided binary
archwayd binary
{"message":"2023-09-05 16:58:02"}
/media/usbHDD1/photov10/Photosynthesis-Dorahacks-web3-competition-winner/photosynthesisv5/photosynthesis-main/sap-with-full-liquid-stake-redemption-workflow/dockernet/logs/enableredeemstake does not exist.
strided binary
archwayd binary
{"message":"2023-09-05 17:08:02"}
/media/usbHDD1/photov10/Photosynthesis-Dorahacks-web3-competition-winner/photosynthesisv5/photosynthesis-main/sap-with-full-liquid-stake-redemption-workflow/dockernet/logs/enableredeemstake exists.
{"message":"/media/usbHDD1/photov10/Photosynthesis-Dorahacks-web3-competition-winner/photosynthesisv5/photosynthesis-main/sap-with-full-liquid-stake-redemption-workflow/build/archwayd --home /media/usbHDD1/photov10/Photosynthesis-Dorahacks-web3-competition-winner/photosynthesisv5/photosynthesis-main/sap-with-full-liquid-stake-redemption-workflow/dockernet/state/photo1 q bank balances archway1e99wzc3ktu25dgj9gfej9nll83zk7pn7px94aa --chain-id localnet"}
{ "balances": [ { "amount": "1306647", "denom": "ibc/15CE03505E1F9891F448F53C9A06FD6C6AF9E5BE7CBB0A4B45F7BE5C9CBFC145" }, { "amount": "1000100", "denom": "uarch" } ], "pagination": { "next_key": null, "total": "0" } }
{"message":"2023-09-05 17:08:05"}
{"message":"2023-09-05 17:08:05"}
{"message":"2023-09-05 17:08:05"}
{"message":"total redemption amount: 1306647"}
{"message":"Amount: 1306647"}
{"message":"/media/usbHDD1/photov10/Photosynthesis-Dorahacks-web3-competition-winner/photosynthesisv5/photosynthesis-main/sap-with-full-liquid-stake-redemption-workflow/build/archwayd --home /media/usbHDD1/photov10/Photosynthesis-Dorahacks-web3-competition-winner/photosynthesisv5/photosynthesis-main/sap-with-full-liquid-stake-redemption-workflow/dockernet/state/photo1  tx bank send  archway1e99wzc3ktu25dgj9gfej9nll83zk7pn7px94aa archway1n3fvgm3ck5wylx6q4tsywglg82vxflj3h8e90m 1306647ibc/15CE03505E1F9891F448F53C9A06FD6C6AF9E5BE7CBB0A4B45F7BE5C9CBFC145 --from l311 --keyring-backend=test --chain-id localnet --fees 17000uarch -y"}
{ "code": 0, "codespace": "", "data": "", "events": [], "gas_used": "0", "gas_wanted": "0", "height": "0", "info": "", "logs": [], "raw_log": "[]", "timestamp": "", "tx": null, "txhash": "33BFBCE4469BF95083ECF2E74CD0F0E53DB04F11B10EDD44DE59AFA0A84A4D81" }
{"message":"/media/usbHDD1/photov10/Photosynthesis-Dorahacks-web3-competition-winner/photosynthesisv5/photosynthesis-main/sap-with-full-liquid-stake-redemption-workflow/build/archwayd --home /media/usbHDD1/photov10/Photosynthesis-Dorahacks-web3-competition-winner/photosynthesisv5/photosynthesis-main/sap-with-full-liquid-stake-redemption-workflow/dockernet/state/photo1 q bank balances archway1hydz55zy59md6x7jy9e00qdyk4rqk00t83z93a --chain-id localnet"}
{ "balances": [ { "amount": "100", "denom": "uarch" } ], "pagination": { "next_key": null, "total": "0" } }
{"message":"2023-09-05 17:08:13"}
{"message":"2023-09-05 17:08:13"}
{"message":"2023-09-05 17:08:13"}
{"message":"2023-09-05 17:08:13"}
{"message":"2023-09-05 17:08:13"}
{"message":"2023-09-05 17:08:13"}
{"message":"2023-09-05 17:08:14"}
{"message":"2023-09-05 17:08:16"}
{"message":"archway liquidity account balance"}
{"message":"/media/usbHDD1/photov10/Photosynthesis-Dorahacks-web3-competition-winner/photosynthesisv5/photosynthesis-main/sap-with-full-liquid-stake-redemption-workflow/build/archwayd --home /media/usbHDD1/photov10/Photosynthesis-Dorahacks-web3-competition-winner/photosynthesisv5/photosynthesis-main/sap-with-full-liquid-stake-redemption-workflow/dockernet/state/photo1 q bank balances --chain-id localnet archway1n3fvgm3ck5wylx6q4tsywglg82vxflj3h8e90m"}
{ "balances": [ { "amount": "9270570", "denom": "ibc/15CE03505E1F9891F448F53C9A06FD6C6AF9E5BE7CBB0A4B45F7BE5C9CBFC145" }, { "amount": "9993886000", "denom": "uarch" } ], "pagination": { "next_key": null, "total": "0" } }
{"message":"2023-09-05 17:08:16"}
{"message":"2023-09-05 17:08:18"}
{"message":"Attempt 1: Executing archwayd command"}
{"message":"2023-09-05 17:08:18"}
{"message":"/media/usbHDD1/photov10/Photosynthesis-Dorahacks-web3-competition-winner/photosynthesisv5/photosynthesis-main/sap-with-full-liquid-stake-redemption-workflow/build/archwayd --home /media/usbHDD1/photov10/Photosynthesis-Dorahacks-web3-competition-winner/photosynthesisv5/photosynthesis-main/sap-with-full-liquid-stake-redemption-workflow/dockernet/state/photo1 tx ibc-transfer transfer transfer channel-0 --chain-id localnet stride1u20df3trc2c2zdhm8qvh2hdjx9ewh00sv6eyy8 1306647ibc/15CE03505E1F9891F448F53C9A06FD6C6AF9E5BE7CBB0A4B45F7BE5C9CBFC145 --from pval5 --keyring-backend test -y --gas auto --gas-prices 0.082494000000000000uarch --gas-adjustment 1.4"}
{ "code": 0, "codespace": "", "data": "", "events": [], "gas_used": "0", "gas_wanted": "0", "height": "0", "info": "", "logs": [], "raw_log": "[]", "timestamp": "", "tx": null, "txhash": "0F9409071F711E5742E28F1584D1D97E7413C651BE82BF9B071F87262ECD1BB5" }
{"message":"Archwayd command executed successfully."}
{"message":"2023-09-05 17:08:23"}
{"message":"strided redeem stake"}
{"message":"Attempt 1: Executing '/media/usbHDD1/photov10/Photosynthesis-Dorahacks-web3-competition-winner/photosynthesisv5/photosynthesis-main/sap-with-full-liquid-stake-redemption-workflow/build/strided --home /media/usbHDD1/photov10/Photosynthesis-Dorahacks-web3-competition-winner/photosynthesisv5/photosynthesis-main/sap-with-full-liquid-stake-redemption-workflow/dockernet/state/stride1 tx stakeibc redeem-stake 1306647 localnet archway1n3fvgm3ck5wylx6q4tsywglg82vxflj3h8e90m --from admin --keyring-backend test --chain-id STRIDE -y'"}
{"message":"2023-09-05 17:08:23"}
{"message":"/media/usbHDD1/photov10/Photosynthesis-Dorahacks-web3-competition-winner/photosynthesisv5/photosynthesis-main/sap-with-full-liquid-stake-redemption-workflow/build/strided --home /media/usbHDD1/photov10/Photosynthesis-Dorahacks-web3-competition-winner/photosynthesisv5/photosynthesis-main/sap-with-full-liquid-stake-redemption-workflow/dockernet/state/stride1 tx stakeibc redeem-stake 1306647 localnet archway1n3fvgm3ck5wylx6q4tsywglg82vxflj3h8e90m --from admin --keyring-backend test --chain-id STRIDE -y"}
{ "code": 0, "codespace": "", "data": "", "events": [], "gas_used": "0", "gas_wanted": "0", "height": "0", "info": "", "logs": [], "raw_log": "[]", "timestamp": "", "tx": null, "txhash": "49193593900CD8F997B3B3B1DFCF902A8FBF755DD5C0A168402CDB3CD20CC892" }
{"message":"Command executed successfully."}
{"message":"2023-09-05 17:08:28"}
{"message":"archway balance uarch"}
{"message":"/media/usbHDD1/photov10/Photosynthesis-Dorahacks-web3-competition-winner/photosynthesisv5/photosynthesis-main/sap-with-full-liquid-stake-redemption-workflow/build/archwayd --home /media/usbHDD1/photov10/Photosynthesis-Dorahacks-web3-competition-winner/photosynthesisv5/photosynthesis-main/sap-with-full-liquid-stake-redemption-workflow/dockernet/state/photo1 q bank balances --chain-id localnet archway1n3fvgm3ck5wylx6q4tsywglg82vxflj3h8e90m"}
{ "balances": [ { "amount": "7963923", "denom": "ibc/15CE03505E1F9891F448F53C9A06FD6C6AF9E5BE7CBB0A4B45F7BE5C9CBFC145" }, { "amount": "9993772860", "denom": "uarch" } ], "pagination": { "next_key": null, "total": "0" } }
{"message":"2023-09-05 17:08:32"}
{"message":"2023-09-05 17:08:32"}
{"message":"Amount before claim: 9993772860"}
{"message":"2023-09-05 17:08:32"}
{"message":"list user redemption  record"}
{"message":"/media/usbHDD1/photov10/Photosynthesis-Dorahacks-web3-competition-winner/photosynthesisv5/photosynthesis-main/sap-with-full-liquid-stake-redemption-workflow/build/strided --home /media/usbHDD1/photov10/Photosynthesis-Dorahacks-web3-competition-winner/photosynthesisv5/photosynthesis-main/sap-with-full-liquid-stake-redemption-workflow/dockernet/state/stride1 q records list-user-redemption-record -o=json"}
{ "user_redemption_record": [ { "id": "localnet.17.stride1u20df3trc2c2zdhm8qvh2hdjx9ewh00sv6eyy8", "sender": "stride1u20df3trc2c2zdhm8qvh2hdjx9ewh00sv6eyy8", "receiver": "archway1n3fvgm3ck5wylx6q4tsywglg82vxflj3h8e90m", "amount": "1328410", "denom": "uarch", "host_zone_id": "localnet", "epoch_number": "17", "claim_is_pending": false } ], "pagination": { "next_key": null, "total": "0" } }
{"message":"2023-09-05 17:08:37"}
{"message":"list epoch unbonding record"}
{"message":"/media/usbHDD1/photov10/Photosynthesis-Dorahacks-web3-competition-winner/photosynthesisv5/photosynthesis-main/sap-with-full-liquid-stake-redemption-workflow/build/strided --home /media/usbHDD1/photov10/Photosynthesis-Dorahacks-web3-competition-winner/photosynthesisv5/photosynthesis-main/sap-with-full-liquid-stake-redemption-workflow/dockernet/state/stride1 q records list-epoch-unbonding-record -o=json"}
{ "epoch_unbonding_record": [ { "epoch_number": "17", "host_zone_unbondings": [ { "st_token_amount": "0", "native_token_amount": "0", "denom": "uatom", "host_zone_id": "GAIA", "unbonding_time": "0", "status": "UNBONDING_QUEUE", "user_redemption_records": [] }, { "st_token_amount": "1306647", "native_token_amount": "1328410", "denom": "uarch", "host_zone_id": "localnet", "unbonding_time": "0", "status": "UNBONDING_QUEUE", "user_redemption_records": [ "localnet.17.stride1u20df3trc2c2zdhm8qvh2hdjx9ewh00sv6eyy8" ] } ] } ], "pagination": { "next_key": null, "total": "0" } }
{"message":"2023-09-05 17:08:41"}
{"message":"2023-09-05 17:08:41"}
{"message":"2023-09-05 17:08:41"}
{"message":"archway redeemed uarch"}
{"message":"/media/usbHDD1/photov10/Photosynthesis-Dorahacks-web3-competition-winner/photosynthesisv5/photosynthesis-main/sap-with-full-liquid-stake-redemption-workflow/build/archwayd --home /media/usbHDD1/photov10/Photosynthesis-Dorahacks-web3-competition-winner/photosynthesisv5/photosynthesis-main/sap-with-full-liquid-stake-redemption-workflow/dockernet/state/photo1 q bank balances --chain-id localnet archway1n3fvgm3ck5wylx6q4tsywglg82vxflj3h8e90m"}
{ "balances": [ { "amount": "14435634", "denom": "ibc/15CE03505E1F9891F448F53C9A06FD6C6AF9E5BE7CBB0A4B45F7BE5C9CBFC145" }, { "amount": "9993392860", "denom": "uarch" } ], "pagination": { "next_key": null, "total": "0" } }
{"message":"2023-09-05 17:09:16"}
{"message":"Amount after claim: 9993392860"}
{"message":"2023-09-05 17:09:16"}
{"message":"Last line of file is: \u0006"}
{"message":"Last line written to /media/usbHDD1/photov10/Photosynthesis-Dorahacks-web3-competition-winner/photosynthesisv5/photosynthesis-main/sap-with-full-liquid-stake-redemption-workflow/dockernet/logs/redeemepoch"}
{"message":"2023-09-05 17:09:16"}
strided binary
archwayd binary
{"message":"2023-09-05 17:16:02"}
/media/usbHDD1/photov10/Photosynthesis-Dorahacks-web3-competition-winner/photosynthesisv5/photosynthesis-main/sap-with-full-liquid-stake-redemption-workflow/dockernet/logs/enableredeemstake exists.
{"message":"/media/usbHDD1/photov10/Photosynthesis-Dorahacks-web3-competition-winner/photosynthesisv5/photosynthesis-main/sap-with-full-liquid-stake-redemption-workflow/build/archwayd --home /media/usbHDD1/photov10/Photosynthesis-Dorahacks-web3-competition-winner/photosynthesisv5/photosynthesis-main/sap-with-full-liquid-stake-redemption-workflow/dockernet/state/photo1 q bank balances archway1e99wzc3ktu25dgj9gfej9nll83zk7pn7px94aa --chain-id localnet"}
{ "balances": [ { "amount": "983100", "denom": "uarch" } ], "pagination": { "next_key": null, "total": "0" } }
{"message":"2023-09-05 17:16:05"}
{"message":"2023-09-05 17:16:05"}
{"message":"2023-09-05 17:16:05"}
{"message":"2023-09-05 17:16:05"}
{"message":"2023-09-05 17:16:05"}
{"message":"2023-09-05 17:16:05"}
{"message":"2023-09-05 17:16:05"}
{"message":"/media/usbHDD1/photov10/Photosynthesis-Dorahacks-web3-competition-winner/photosynthesisv5/photosynthesis-main/sap-with-full-liquid-stake-redemption-workflow/build/archwayd --home /media/usbHDD1/photov10/Photosynthesis-Dorahacks-web3-competition-winner/photosynthesisv5/photosynthesis-main/sap-with-full-liquid-stake-redemption-workflow/dockernet/state/photo1 q bank balances archway1hydz55zy59md6x7jy9e00qdyk4rqk00t83z93a --chain-id localnet"}
{ "balances": [ { "amount": "100", "denom": "uarch" } ], "pagination": { "next_key": null, "total": "0" } }
{"message":"2023-09-05 17:16:08"}
{"message":"2023-09-05 17:16:08"}
{"message":"2023-09-05 17:16:08"}
{"message":"2023-09-05 17:16:08"}
{"message":"2023-09-05 17:16:08"}
{"message":"2023-09-05 17:16:08"}
{"message":"2023-09-05 17:16:08"}
{"message":"2023-09-05 17:16:10"}
{"message":"archway liquidity account balance"}
{"message":"/media/usbHDD1/photov10/Photosynthesis-Dorahacks-web3-competition-winner/photosynthesisv5/photosynthesis-main/sap-with-full-liquid-stake-redemption-workflow/build/archwayd --home /media/usbHDD1/photov10/Photosynthesis-Dorahacks-web3-competition-winner/photosynthesisv5/photosynthesis-main/sap-with-full-liquid-stake-redemption-workflow/dockernet/state/photo1 q bank balances --chain-id localnet archway1n3fvgm3ck5wylx6q4tsywglg82vxflj3h8e90m"}
{ "balances": [ { "amount": "23256850", "denom": "ibc/15CE03505E1F9891F448F53C9A06FD6C6AF9E5BE7CBB0A4B45F7BE5C9CBFC145" }, { "amount": "9990392860", "denom": "uarch" } ], "pagination": { "next_key": null, "total": "0" } }
{"message":"2023-09-05 17:16:11"}
{"message":"2023-09-05 17:16:13"}
{"message":"Attempt 1: Executing archwayd command"}
{"message":"2023-09-05 17:16:13"}
{"message":"/media/usbHDD1/photov10/Photosynthesis-Dorahacks-web3-competition-winner/photosynthesisv5/photosynthesis-main/sap-with-full-liquid-stake-redemption-workflow/build/archwayd --home /media/usbHDD1/photov10/Photosynthesis-Dorahacks-web3-competition-winner/photosynthesisv5/photosynthesis-main/sap-with-full-liquid-stake-redemption-workflow/dockernet/state/photo1 tx ibc-transfer transfer transfer channel-0 --chain-id localnet stride1u20df3trc2c2zdhm8qvh2hdjx9ewh00sv6eyy8 0ibc/15CE03505E1F9891F448F53C9A06FD6C6AF9E5BE7CBB0A4B45F7BE5C9CBFC145 --from pval5 --keyring-backend test -y --gas auto --gas-prices 0.082500000000000000uarch --gas-adjustment 1.4"}
null
{"message":"Archwayd command executed successfully."}
{"message":"2023-09-05 17:16:18"}
{"message":"strided redeem stake"}
{"message":"Attempt 1: Executing '/media/usbHDD1/photov10/Photosynthesis-Dorahacks-web3-competition-winner/photosynthesisv5/photosynthesis-main/sap-with-full-liquid-stake-redemption-workflow/build/strided --home /media/usbHDD1/photov10/Photosynthesis-Dorahacks-web3-competition-winner/photosynthesisv5/photosynthesis-main/sap-with-full-liquid-stake-redemption-workflow/dockernet/state/stride1 tx stakeibc redeem-stake 0 localnet archway1n3fvgm3ck5wylx6q4tsywglg82vxflj3h8e90m --from admin --keyring-backend test --chain-id STRIDE -y'"}
{"message":"2023-09-05 17:16:18"}
{"message":"/media/usbHDD1/photov10/Photosynthesis-Dorahacks-web3-competition-winner/photosynthesisv5/photosynthesis-main/sap-with-full-liquid-stake-redemption-workflow/build/strided --home /media/usbHDD1/photov10/Photosynthesis-Dorahacks-web3-competition-winner/photosynthesisv5/photosynthesis-main/sap-with-full-liquid-stake-redemption-workflow/dockernet/state/stride1 tx stakeibc redeem-stake 0 localnet archway1n3fvgm3ck5wylx6q4tsywglg82vxflj3h8e90m --from admin --keyring-backend test --chain-id STRIDE -y"}
null
{"message":"Command executed successfully."}
{"message":"2023-09-05 17:16:23"}
{"message":"archway balance uarch"}
{"message":"/media/usbHDD1/photov10/Photosynthesis-Dorahacks-web3-competition-winner/photosynthesisv5/photosynthesis-main/sap-with-full-liquid-stake-redemption-workflow/build/archwayd --home /media/usbHDD1/photov10/Photosynthesis-Dorahacks-web3-competition-winner/photosynthesisv5/photosynthesis-main/sap-with-full-liquid-stake-redemption-workflow/dockernet/state/photo1 q bank balances --chain-id localnet archway1n3fvgm3ck5wylx6q4tsywglg82vxflj3h8e90m"}
{ "balances": [ { "amount": "23256850", "denom": "ibc/15CE03505E1F9891F448F53C9A06FD6C6AF9E5BE7CBB0A4B45F7BE5C9CBFC145" }, { "amount": "9990312860", "denom": "uarch" } ], "pagination": { "next_key": null, "total": "0" } }
{"message":"2023-09-05 17:16:27"}
{"message":"2023-09-05 17:16:27"}
{"message":"Amount before claim: 9990312860"}
{"message":"2023-09-05 17:16:27"}
{"message":"list user redemption  record"}
{"message":"/media/usbHDD1/photov10/Photosynthesis-Dorahacks-web3-competition-winner/photosynthesisv5/photosynthesis-main/sap-with-full-liquid-stake-redemption-workflow/build/strided --home /media/usbHDD1/photov10/Photosynthesis-Dorahacks-web3-competition-winner/photosynthesisv5/photosynthesis-main/sap-with-full-liquid-stake-redemption-workflow/dockernet/state/stride1 q records list-user-redemption-record -o=json"}
{ "user_redemption_record": [ { "id": "localnet.17.stride1u20df3trc2c2zdhm8qvh2hdjx9ewh00sv6eyy8", "sender": "stride1u20df3trc2c2zdhm8qvh2hdjx9ewh00sv6eyy8", "receiver": "archway1n3fvgm3ck5wylx6q4tsywglg82vxflj3h8e90m", "amount": "1328410", "denom": "uarch", "host_zone_id": "localnet", "epoch_number": "17", "claim_is_pending": false } ], "pagination": { "next_key": null, "total": "0" } }
{"message":"2023-09-05 17:16:32"}
{"message":"list epoch unbonding record"}
{"message":"/media/usbHDD1/photov10/Photosynthesis-Dorahacks-web3-competition-winner/photosynthesisv5/photosynthesis-main/sap-with-full-liquid-stake-redemption-workflow/build/strided --home /media/usbHDD1/photov10/Photosynthesis-Dorahacks-web3-competition-winner/photosynthesisv5/photosynthesis-main/sap-with-full-liquid-stake-redemption-workflow/dockernet/state/stride1 q records list-epoch-unbonding-record -o=json"}
{ "epoch_unbonding_record": [ { "epoch_number": "17", "host_zone_unbondings": [ { "st_token_amount": "0", "native_token_amount": "0", "denom": "uatom", "host_zone_id": "GAIA", "unbonding_time": "0", "status": "UNBONDING_QUEUE", "user_redemption_records": [] }, { "st_token_amount": "1306647", "native_token_amount": "1328410", "denom": "uarch", "host_zone_id": "localnet", "unbonding_time": "1693914123128551820", "status": "CLAIMABLE", "user_redemption_records": [ "localnet.17.stride1u20df3trc2c2zdhm8qvh2hdjx9ewh00sv6eyy8" ] } ] }, { "epoch_number": "21", "host_zone_unbondings": [ { "st_token_amount": "0", "native_token_amount": "0", "denom": "uatom", "host_zone_id": "GAIA", "unbonding_time": "0", "status": "UNBONDING_QUEUE", "user_redemption_records": [] }, { "st_token_amount": "0", "native_token_amount": "0", "denom": "uarch", "host_zone_id": "localnet", "unbonding_time": "0", "status": "UNBONDING_QUEUE", "user_redemption_records": [] } ] } ], "pagination": { "next_key": null, "total": "0" } }
{"message":"2023-09-05 17:16:36"}
{"message":"2023-09-05 17:16:36"}
{"message":"Hostzone: localnet"}
{"message":"Epoch: 17"}
{"message":"Stride Address: stride1u20df3trc2c2zdhm8qvh2hdjx9ewh00sv6eyy8"}
{"message":"claim undelegated tokens"}
Attempting to claim undelegated tokens...
{"message":"/media/usbHDD1/photov10/Photosynthesis-Dorahacks-web3-competition-winner/photosynthesisv5/photosynthesis-main/sap-with-full-liquid-stake-redemption-workflow/build/strided --home /media/usbHDD1/photov10/Photosynthesis-Dorahacks-web3-competition-winner/photosynthesisv5/photosynthesis-main/sap-with-full-liquid-stake-redemption-workflow/dockernet/state/stride1 tx stakeibc claim-undelegated-tokens localnet 17 stride1u20df3trc2c2zdhm8qvh2hdjx9ewh00sv6eyy8 --from admin --keyring-backend test --chain-id STRIDE -y"}
{ "code": 0, "codespace": "", "data": "", "events": [], "gas_used": "0", "gas_wanted": "0", "height": "0", "info": "", "logs": [], "raw_log": "[]", "timestamp": "", "tx": null, "txhash": "42C6860E1A822C65AE4283E36919419C24178A06966AFD5F91D6EB6EA13329E6" }
{"message":"Transaction hash for claim undelegated tokens: 42C6860E1A822C65AE4283E36919419C24178A06966AFD5F91D6EB6EA13329E6"}
{"message":"2023-09-05 17:16:45"}
{"message":"2023-09-05 17:16:46"}
{"message":"archway redeemed uarch"}
{"message":"/media/usbHDD1/photov10/Photosynthesis-Dorahacks-web3-competition-winner/photosynthesisv5/photosynthesis-main/sap-with-full-liquid-stake-redemption-workflow/build/archwayd --home /media/usbHDD1/photov10/Photosynthesis-Dorahacks-web3-competition-winner/photosynthesisv5/photosynthesis-main/sap-with-full-liquid-stake-redemption-workflow/dockernet/state/photo1 q bank balances --chain-id localnet archway1n3fvgm3ck5wylx6q4tsywglg82vxflj3h8e90m"}
{ "balances": [ { "amount": "23256850", "denom": "ibc/15CE03505E1F9891F448F53C9A06FD6C6AF9E5BE7CBB0A4B45F7BE5C9CBFC145" }, { "amount": "9991301270", "denom": "uarch" } ], "pagination": { "next_key": null, "total": "0" } }
{"message":"2023-09-05 17:17:21"}
{"message":"Amount after claim: 9991301270"}
{"message":"2023-09-05 17:17:21"}
{"message":"Last line of file is: \b"}
{"message":"Last line written to /media/usbHDD1/photov10/Photosynthesis-Dorahacks-web3-competition-winner/photosynthesisv5/photosynthesis-main/sap-with-full-liquid-stake-redemption-workflow/dockernet/logs/redeemepoch"}
{"message":"2023-09-05 17:17:21"}
strided binary
archwayd binary
{"message":"2023-09-05 17:22:02"}
/media/usbHDD1/photov10/Photosynthesis-Dorahacks-web3-competition-winner/photosynthesisv5/photosynthesis-main/sap-with-full-liquid-stake-redemption-workflow/dockernet/logs/enableredeemstake exists.
{"message":"/media/usbHDD1/photov10/Photosynthesis-Dorahacks-web3-competition-winner/photosynthesisv5/photosynthesis-main/sap-with-full-liquid-stake-redemption-workflow/build/archwayd --home /media/usbHDD1/photov10/Photosynthesis-Dorahacks-web3-competition-winner/photosynthesisv5/photosynthesis-main/sap-with-full-liquid-stake-redemption-workflow/dockernet/state/photo1 q bank balances archway1e99wzc3ktu25dgj9gfej9nll83zk7pn7px94aa --chain-id localnet"}
{ "balances": [ { "amount": "983100", "denom": "uarch" } ], "pagination": { "next_key": null, "total": "0" } }
{"message":"2023-09-05 17:22:06"}
{"message":"2023-09-05 17:22:06"}
{"message":"2023-09-05 17:22:06"}
{"message":"2023-09-05 17:22:06"}
{"message":"2023-09-05 17:22:06"}
{"message":"2023-09-05 17:22:06"}
{"message":"2023-09-05 17:22:06"}
{"message":"/media/usbHDD1/photov10/Photosynthesis-Dorahacks-web3-competition-winner/photosynthesisv5/photosynthesis-main/sap-with-full-liquid-stake-redemption-workflow/build/archwayd --home /media/usbHDD1/photov10/Photosynthesis-Dorahacks-web3-competition-winner/photosynthesisv5/photosynthesis-main/sap-with-full-liquid-stake-redemption-workflow/dockernet/state/photo1 q bank balances archway1hydz55zy59md6x7jy9e00qdyk4rqk00t83z93a --chain-id localnet"}
{ "balances": [ { "amount": "100", "denom": "uarch" } ], "pagination": { "next_key": null, "total": "0" } }
{"message":"2023-09-05 17:22:09"}
{"message":"2023-09-05 17:22:09"}
{"message":"2023-09-05 17:22:09"}
{"message":"2023-09-05 17:22:09"}
{"message":"2023-09-05 17:22:09"}
{"message":"2023-09-05 17:22:09"}
{"message":"2023-09-05 17:22:09"}
{"message":"2023-09-05 17:22:11"}
{"message":"archway liquidity account balance"}
{"message":"/media/usbHDD1/photov10/Photosynthesis-Dorahacks-web3-competition-winner/photosynthesisv5/photosynthesis-main/sap-with-full-liquid-stake-redemption-workflow/build/archwayd --home /media/usbHDD1/photov10/Photosynthesis-Dorahacks-web3-competition-winner/photosynthesisv5/photosynthesis-main/sap-with-full-liquid-stake-redemption-workflow/dockernet/state/photo1 q bank balances --chain-id localnet archway1n3fvgm3ck5wylx6q4tsywglg82vxflj3h8e90m"}
{ "balances": [ { "amount": "56340470", "denom": "ibc/15CE03505E1F9891F448F53C9A06FD6C6AF9E5BE7CBB0A4B45F7BE5C9CBFC145" }, { "amount": "9986105100", "denom": "uarch" } ], "pagination": { "next_key": null, "total": "0" } }
{"message":"2023-09-05 17:22:12"}
{"message":"2023-09-05 17:22:14"}
{"message":"Attempt 1: Executing archwayd command"}
{"message":"2023-09-05 17:22:14"}
{"message":"/media/usbHDD1/photov10/Photosynthesis-Dorahacks-web3-competition-winner/photosynthesisv5/photosynthesis-main/sap-with-full-liquid-stake-redemption-workflow/build/archwayd --home /media/usbHDD1/photov10/Photosynthesis-Dorahacks-web3-competition-winner/photosynthesisv5/photosynthesis-main/sap-with-full-liquid-stake-redemption-workflow/dockernet/state/photo1 tx ibc-transfer transfer transfer channel-0 --chain-id localnet stride1u20df3trc2c2zdhm8qvh2hdjx9ewh00sv6eyy8 0ibc/15CE03505E1F9891F448F53C9A06FD6C6AF9E5BE7CBB0A4B45F7BE5C9CBFC145 --from pval5 --keyring-backend test -y --gas auto --gas-prices 0.082506000000000000uarch --gas-adjustment 1.4"}
null
{"message":"Archwayd command executed successfully."}
{"message":"2023-09-05 17:22:20"}
{"message":"strided redeem stake"}
{"message":"Attempt 1: Executing '/media/usbHDD1/photov10/Photosynthesis-Dorahacks-web3-competition-winner/photosynthesisv5/photosynthesis-main/sap-with-full-liquid-stake-redemption-workflow/build/strided --home /media/usbHDD1/photov10/Photosynthesis-Dorahacks-web3-competition-winner/photosynthesisv5/photosynthesis-main/sap-with-full-liquid-stake-redemption-workflow/dockernet/state/stride1 tx stakeibc redeem-stake 0 localnet archway1n3fvgm3ck5wylx6q4tsywglg82vxflj3h8e90m --from admin --keyring-backend test --chain-id STRIDE -y'"}
{"message":"2023-09-05 17:22:20"}
{"message":"/media/usbHDD1/photov10/Photosynthesis-Dorahacks-web3-competition-winner/photosynthesisv5/photosynthesis-main/sap-with-full-liquid-stake-redemption-workflow/build/strided --home /media/usbHDD1/photov10/Photosynthesis-Dorahacks-web3-competition-winner/photosynthesisv5/photosynthesis-main/sap-with-full-liquid-stake-redemption-workflow/dockernet/state/stride1 tx stakeibc redeem-stake 0 localnet archway1n3fvgm3ck5wylx6q4tsywglg82vxflj3h8e90m --from admin --keyring-backend test --chain-id STRIDE -y"}
null
{"message":"Command executed successfully."}
{"message":"2023-09-05 17:22:24"}
{"message":"archway balance uarch"}
{"message":"/media/usbHDD1/photov10/Photosynthesis-Dorahacks-web3-competition-winner/photosynthesisv5/photosynthesis-main/sap-with-full-liquid-stake-redemption-workflow/build/archwayd --home /media/usbHDD1/photov10/Photosynthesis-Dorahacks-web3-competition-winner/photosynthesisv5/photosynthesis-main/sap-with-full-liquid-stake-redemption-workflow/dockernet/state/photo1 q bank balances --chain-id localnet archway1n3fvgm3ck5wylx6q4tsywglg82vxflj3h8e90m"}
{ "balances": [ { "amount": "56340470", "denom": "ibc/15CE03505E1F9891F448F53C9A06FD6C6AF9E5BE7CBB0A4B45F7BE5C9CBFC145" }, { "amount": "9985985100", "denom": "uarch" } ], "pagination": { "next_key": null, "total": "0" } }
{"message":"2023-09-05 17:22:29"}
{"message":"2023-09-05 17:22:29"}
{"message":"Amount before claim: 9985985100"}
{"message":"2023-09-05 17:22:29"}
{"message":"list user redemption  record"}
{"message":"/media/usbHDD1/photov10/Photosynthesis-Dorahacks-web3-competition-winner/photosynthesisv5/photosynthesis-main/sap-with-full-liquid-stake-redemption-workflow/build/strided --home /media/usbHDD1/photov10/Photosynthesis-Dorahacks-web3-competition-winner/photosynthesisv5/photosynthesis-main/sap-with-full-liquid-stake-redemption-workflow/dockernet/state/stride1 q records list-user-redemption-record -o=json"}
{ "user_redemption_record": [], "pagination": { "next_key": null, "total": "0" } }
{"message":"2023-09-05 17:22:34"}
{"message":"list epoch unbonding record"}
{"message":"/media/usbHDD1/photov10/Photosynthesis-Dorahacks-web3-competition-winner/photosynthesisv5/photosynthesis-main/sap-with-full-liquid-stake-redemption-workflow/build/strided --home /media/usbHDD1/photov10/Photosynthesis-Dorahacks-web3-competition-winner/photosynthesisv5/photosynthesis-main/sap-with-full-liquid-stake-redemption-workflow/dockernet/state/stride1 q records list-epoch-unbonding-record -o=json"}
{ "epoch_unbonding_record": [ { "epoch_number": "25", "host_zone_unbondings": [ { "st_token_amount": "0", "native_token_amount": "0", "denom": "uatom", "host_zone_id": "GAIA", "unbonding_time": "0", "status": "UNBONDING_QUEUE", "user_redemption_records": [] }, { "st_token_amount": "0", "native_token_amount": "0", "denom": "uarch", "host_zone_id": "localnet", "unbonding_time": "0", "status": "UNBONDING_QUEUE", "user_redemption_records": [] } ] } ], "pagination": { "next_key": null, "total": "0" } }
{"message":"2023-09-05 17:22:38"}
{"message":"2023-09-05 17:22:38"}
{"message":"2023-09-05 17:22:38"}
{"message":"archway redeemed uarch"}
{"message":"/media/usbHDD1/photov10/Photosynthesis-Dorahacks-web3-competition-winner/photosynthesisv5/photosynthesis-main/sap-with-full-liquid-stake-redemption-workflow/build/archwayd --home /media/usbHDD1/photov10/Photosynthesis-Dorahacks-web3-competition-winner/photosynthesisv5/photosynthesis-main/sap-with-full-liquid-stake-redemption-workflow/dockernet/state/photo1 q bank balances --chain-id localnet archway1n3fvgm3ck5wylx6q4tsywglg82vxflj3h8e90m"}
{ "balances": [ { "amount": "56340470", "denom": "ibc/15CE03505E1F9891F448F53C9A06FD6C6AF9E5BE7CBB0A4B45F7BE5C9CBFC145" }, { "amount": "9985685100", "denom": "uarch" } ], "pagination": { "next_key": null, "total": "0" } }
{"message":"2023-09-05 17:23:13"}
{"message":"Amount after claim: 9985685100"}
{"message":"2023-09-05 17:23:14"}
{"message":"Last line of file is: \t"}
{"message":"Last line written to /media/usbHDD1/photov10/Photosynthesis-Dorahacks-web3-competition-winner/photosynthesisv5/photosynthesis-main/sap-with-full-liquid-stake-redemption-workflow/dockernet/logs/redeemepoch"}
{"message":"2023-09-05 17:23:14"}
strided binary
archwayd binary
{"message":"2023-09-05 18:08:03"}
/media/usbHDD1/photov10/Photosynthesis-Dorahacks-web3-competition-winner/photosynthesisv5/photosynthesis-main/sap-with-full-liquid-stake-redemption-workflow/dockernet/logs/enableredeemstake exists.
{"message":"/media/usbHDD1/photov10/Photosynthesis-Dorahacks-web3-competition-winner/photosynthesisv5/photosynthesis-main/sap-with-full-liquid-stake-redemption-workflow/build/archwayd --home /media/usbHDD1/photov10/Photosynthesis-Dorahacks-web3-competition-winner/photosynthesisv5/photosynthesis-main/sap-with-full-liquid-stake-redemption-workflow/dockernet/state/photo1 q bank balances archway1e99wzc3ktu25dgj9gfej9nll83zk7pn7px94aa --chain-id localnet"}
null
{"message":"2023-09-05 18:08:05"}
{"message":"2023-09-05 18:08:05"}
{"message":"/media/usbHDD1/photov10/Photosynthesis-Dorahacks-web3-competition-winner/photosynthesisv5/photosynthesis-main/sap-with-full-liquid-stake-redemption-workflow/build/archwayd --home /media/usbHDD1/photov10/Photosynthesis-Dorahacks-web3-competition-winner/photosynthesisv5/photosynthesis-main/sap-with-full-liquid-stake-redemption-workflow/dockernet/state/photo1 q bank balances archway1hydz55zy59md6x7jy9e00qdyk4rqk00t83z93a --chain-id localnet"}
null
{"message":"2023-09-05 18:08:07"}
{"message":"2023-09-05 18:08:07"}
{"message":"2023-09-05 18:08:09"}
{"message":"archway liquidity account balance"}
{"message":"/media/usbHDD1/photov10/Photosynthesis-Dorahacks-web3-competition-winner/photosynthesisv5/photosynthesis-main/sap-with-full-liquid-stake-redemption-workflow/build/archwayd --home /media/usbHDD1/photov10/Photosynthesis-Dorahacks-web3-competition-winner/photosynthesisv5/photosynthesis-main/sap-with-full-liquid-stake-redemption-workflow/dockernet/state/photo1 q bank balances --chain-id localnet archway1n3fvgm3ck5wylx6q4tsywglg82vxflj3h8e90m"}
null
{"message":"2023-09-05 18:08:10"}
{"message":"2023-09-05 18:08:12"}
{"message":"Attempt 1: Executing archwayd command"}
{"message":"2023-09-05 18:08:12"}
{"message":"/media/usbHDD1/photov10/Photosynthesis-Dorahacks-web3-competition-winner/photosynthesisv5/photosynthesis-main/sap-with-full-liquid-stake-redemption-workflow/build/archwayd --home /media/usbHDD1/photov10/Photosynthesis-Dorahacks-web3-competition-winner/photosynthesisv5/photosynthesis-main/sap-with-full-liquid-stake-redemption-workflow/dockernet/state/photo1 tx ibc-transfer transfer transfer channel-0 --chain-id localnet stride1u20df3trc2c2zdhm8qvh2hdjx9ewh00sv6eyy8 0ibc/15CE03505E1F9891F448F53C9A06FD6C6AF9E5BE7CBB0A4B45F7BE5C9CBFC145 --from pval5 --keyring-backend test -y --gas auto --gas-prices  --gas-adjustment 1.4"}
null
{"message":"Archwayd command executed successfully."}
{"message":"2023-09-05 18:08:16"}
{"message":"strided redeem stake"}
{"message":"Attempt 1: Executing '/media/usbHDD1/photov10/Photosynthesis-Dorahacks-web3-competition-winner/photosynthesisv5/photosynthesis-main/sap-with-full-liquid-stake-redemption-workflow/build/strided --home /media/usbHDD1/photov10/Photosynthesis-Dorahacks-web3-competition-winner/photosynthesisv5/photosynthesis-main/sap-with-full-liquid-stake-redemption-workflow/dockernet/state/stride1 tx stakeibc redeem-stake 0 localnet archway1n3fvgm3ck5wylx6q4tsywglg82vxflj3h8e90m --from admin --keyring-backend test --chain-id STRIDE -y'"}
{"message":"2023-09-05 18:08:17"}
{"message":"/media/usbHDD1/photov10/Photosynthesis-Dorahacks-web3-competition-winner/photosynthesisv5/photosynthesis-main/sap-with-full-liquid-stake-redemption-workflow/build/strided --home /media/usbHDD1/photov10/Photosynthesis-Dorahacks-web3-competition-winner/photosynthesisv5/photosynthesis-main/sap-with-full-liquid-stake-redemption-workflow/dockernet/state/stride1 tx stakeibc redeem-stake 0 localnet archway1n3fvgm3ck5wylx6q4tsywglg82vxflj3h8e90m --from admin --keyring-backend test --chain-id STRIDE -y"}
null
{"message":"Command executed successfully."}
{"message":"2023-09-05 18:08:21"}
{"message":"archway balance uarch"}
{"message":"/media/usbHDD1/photov10/Photosynthesis-Dorahacks-web3-competition-winner/photosynthesisv5/photosynthesis-main/sap-with-full-liquid-stake-redemption-workflow/build/archwayd --home /media/usbHDD1/photov10/Photosynthesis-Dorahacks-web3-competition-winner/photosynthesisv5/photosynthesis-main/sap-with-full-liquid-stake-redemption-workflow/dockernet/state/photo1 q bank balances --chain-id localnet archway1n3fvgm3ck5wylx6q4tsywglg82vxflj3h8e90m"}
null
{"message":"2023-09-05 18:08:25"}
{"message":"2023-09-05 18:08:25"}
{"message":"2023-09-05 18:08:25"}
{"message":"list user redemption  record"}
{"message":"/media/usbHDD1/photov10/Photosynthesis-Dorahacks-web3-competition-winner/photosynthesisv5/photosynthesis-main/sap-with-full-liquid-stake-redemption-workflow/build/strided --home /media/usbHDD1/photov10/Photosynthesis-Dorahacks-web3-competition-winner/photosynthesisv5/photosynthesis-main/sap-with-full-liquid-stake-redemption-workflow/dockernet/state/stride1 q records list-user-redemption-record -o=json"}
null
{"message":"2023-09-05 18:08:29"}
{"message":"list epoch unbonding record"}
{"message":"/media/usbHDD1/photov10/Photosynthesis-Dorahacks-web3-competition-winner/photosynthesisv5/photosynthesis-main/sap-with-full-liquid-stake-redemption-workflow/build/strided --home /media/usbHDD1/photov10/Photosynthesis-Dorahacks-web3-competition-winner/photosynthesisv5/photosynthesis-main/sap-with-full-liquid-stake-redemption-workflow/dockernet/state/stride1 q records list-epoch-unbonding-record -o=json"}
null
{"message":"2023-09-05 18:08:34"}
{"message":"2023-09-05 18:08:34"}
{"message":"archway redeemed uarch"}
{"message":"/media/usbHDD1/photov10/Photosynthesis-Dorahacks-web3-competition-winner/photosynthesisv5/photosynthesis-main/sap-with-full-liquid-stake-redemption-workflow/build/archwayd --home /media/usbHDD1/photov10/Photosynthesis-Dorahacks-web3-competition-winner/photosynthesisv5/photosynthesis-main/sap-with-full-liquid-stake-redemption-workflow/dockernet/state/photo1 q bank balances --chain-id localnet archway1n3fvgm3ck5wylx6q4tsywglg82vxflj3h8e90m"}
null
{"message":"2023-09-05 18:09:08"}
{"message":"2023-09-05 18:09:08"}
{"message":"Last line of file is: \t"}
{"message":"Last line written to /media/usbHDD1/photov10/Photosynthesis-Dorahacks-web3-competition-winner/photosynthesisv5/photosynthesis-main/sap-with-full-liquid-stake-redemption-workflow/dockernet/logs/redeemepoch"}
{"message":"2023-09-05 18:09:08"}
