
- address: stride1uk4ze0x4nvh4fk0xm4jdud58eqn4yxhrt52vv7
  name: val1
  pubkey: '{"@type":"/cosmos.crypto.secp256k1.PubKey","key":"ApSI1puwW2K3iA4+pk9UnBzAlpjglmbSNmoXMG/8P1vt"}'
  type: local


- address: stride17kht2x2ped6qytr2kklevtvmxpw7wq9rmuc3ca
  name: val2
  pubkey: '{"@type":"/cosmos.crypto.secp256k1.PubKey","key":"A8E8fiJfecuL6r67CEMk7lwXgAkFcVjI0hwimy7N1pFl"}'
  type: local


- address: stride1nnurja9zt97huqvsfuartetyjx63tc5zq8s6fv
  name: val3
  pubkey: '{"@type":"/cosmos.crypto.secp256k1.PubKey","key":"A0GIT0Ftl4rGIjx+KPwzUIlMqm/4ZMUv6IgsmdwXbt3f"}'
  type: local


- address: stride1u20df3trc2c2zdhm8qvh2hdjx9ewh00sv6eyy8
  name: admin
  pubkey: '{"@type":"/cosmos.crypto.secp256k1.PubKey","key":"A3ZqkrrLNDVlI97RP4onAgAmjb+j3K8MqN2KcxJjrwXk"}'
  type: local


- address: stride16lmf7t0jhaatan6vnxlgv47h2wf0k5ln58y9qm
  name: rly2
  pubkey: '{"@type":"/cosmos.crypto.secp256k1.PubKey","key":"Ai8MAMmYSuBQBdger1oLSzOSS7FYR9MIT2KvMlU5eGYm"}'
  type: local


- address: stride1jrmtt5c6z8h5yrrwml488qnm7p3vxrrml2kgvl
  name: rly3
  pubkey: '{"@type":"/cosmos.crypto.secp256k1.PubKey","key":"A4Oqa6M31k8mLiJHUsUSq3oTj/vPifF2HYFO6NbKVXLc"}'
  type: local


- address: stride1zwj4yr264fr9au20gur3qapt3suwkgp09lzfsn
  name: rly4
  pubkey: '{"@type":"/cosmos.crypto.secp256k1.PubKey","key":"A5MeAirupyLOZsCePm25GNDBADC9uutFO9LgH9oByZAZ"}'
  type: local


- address: stride1kwll0uet4mkj867s4q8dgskp03txgjnswc2u4z
  name: rly5
  pubkey: '{"@type":"/cosmos.crypto.secp256k1.PubKey","key":"A9XvaZIoK1ocQsd+h7qSZRtlMJ3QDCKiAM5ywd9bJVkH"}'
  type: local


- address: stride1tpvutc2ffjq9n964e8h0gxl7fd89y4764q2jz8
  name: rly6
  pubkey: '{"@type":"/cosmos.crypto.secp256k1.PubKey","key":"A+/r/dnv8jkFZjDxZzp4igSki2eYuQ14xFQJ4aMRPKRm"}'
  type: local


- address: stride1muwz5er4wq7svxnh5dgn2tssm92je5dwthxl7q
  name: rly7
  pubkey: '{"@type":"/cosmos.crypto.secp256k1.PubKey","key":"A5nfrIVDT6BJcuxsr/X5kX0dEThueVnzE9TQ0ODkpybA"}'
  type: local


- name: gval1
  type: local
  address: cosmos1uk4ze0x4nvh4fk0xm4jdud58eqn4yxhrgl2scj
  pubkey: '{"@type":"/cosmos.crypto.secp256k1.PubKey","key":"ApSI1puwW2K3iA4+pk9UnBzAlpjglmbSNmoXMG/8P1vt"}'
  mnemonic: ""


- name: grev1
  type: local
  address: cosmos1wdplq6qjh2xruc7qqagma9ya665q6qhcwju3ng
  pubkey: '{"@type":"/cosmos.crypto.secp256k1.PubKey","key":"Al7nuVKQEhJF/xGHRrIwqzVG35B3uhndbzpPv1IAZxzH"}'
  mnemonic: ""


- name: rly2
  type: local
  address: cosmos16lmf7t0jhaatan6vnxlgv47h2wf0k5lnhvye5h
  pubkey: '{"@type":"/cosmos.crypto.secp256k1.PubKey","key":"Ai8MAMmYSuBQBdger1oLSzOSS7FYR9MIT2KvMlU5eGYm"}'
  mnemonic: ""

